<?xml version="1.0" encoding="UTF-8"?>
<!-- Generated by org.testng.reporters.JUnitReportReporter -->
<testsuite hostname="ASHKOL" failures="0" tests="1" name="api.tests.AccessTokenTests" time="0.528" errors="0" timestamp="2025-09-03T13:45:52 IST" skipped="0">
  <testcase classname="api.tests.AccessTokenTests" name="getAccessToken" time="0.528"/>
</testsuite> <!-- api.tests.AccessTokenTests -->
