<?xml version="1.0" encoding="UTF-8"?>
<!-- Generated by org.testng.reporters.JUnitReportReporter -->
<testsuite hostname="ASHKOL" failures="0" tests="1" name="api.tests.AlbumsTests" time="1.302" errors="0" timestamp="2025-09-06T19:40:23 IST" skipped="0">
  <testcase classname="api.tests.AlbumsTests" name="getSevevralAlbums" time="1.302"/>
</testsuite> <!-- api.tests.AlbumsTests -->
