<?xml version="1.0" encoding="UTF-8"?>
<!-- Generated by org.testng.reporters.JUnitReportReporter -->
<testsuite hostname="ASHKOL" failures="1" tests="1" name="api.tests.AlbumsTests" time="2.053" errors="0" timestamp="2025-09-08T17:16:53 IST" skipped="0">
  <testcase classname="api.tests.AlbumsTests" name="validateSeveralAlbumSchema" time="2.053">
    <failure message="1 expectation failed.
Response body doesn&#039;t match expectation.
Expected: The content to match the given JSON schema.
error: object has missing required properties ([&quot;is_playable&quot;])
    level: &quot;error&quot;
    schema: {&quot;loadingURI&quot;:&quot;file:/D:/Ecllipse/spotify_V1/target/classes/schemas/severalalbums.json#&quot;,&quot;pointer&quot;:&quot;/properties/albums/items/properties/tracks/properties/items/items&quot;}
    instance: {&quot;pointer&quot;:&quot;/albums/0/tracks/items/0&quot;}
    domain: &quot;validation&quot;
    keyword: &quot;required&quot;
    required: [&quot;artists&quot;,&quot;available_markets&quot;,&quot;disc_number&quot;,&quot;duration_ms&quot;,&quot;explicit&quot;,&quot;external_urls&quot;,&quot;href&quot;,&quot;id&quot;,&quot;is_local&quot;,&quot;is_playable&quot;,&quot;name&quot;,&quot;track_number&quot;,&quot;type&quot;,&quot;uri&quot;]
    missing: [&quot;is_playable&quot;]
error: object has missing required properties ([&quot;is_playable&quot;])
    level: &quot;error&quot;
    schema: {&quot;loadingURI&quot;:&quot;file:/D:/Ecllipse/spotify_V1/target/classes/schemas/severalalbums.json#&quot;,&quot;pointer&quot;:&quot;/properties/albums/items/properties/tracks/properties/items/items&quot;}
    instance: {&quot;pointer&quot;:&quot;/albums/0/tracks/items/1&quot;}
    domain: &quot;validation&quot;
    keyword: &quot;required&quot;
    required: [&quot;artists&quot;,&quot;available_markets&quot;,&quot;disc_number&quot;,&quot;duration_ms&quot;,&quot;explicit&quot;,&quot;external_urls&quot;,&quot;href&quot;,&quot;id&quot;,&quot;is_local&quot;,&quot;is_playable&quot;,&quot;name&quot;,&quot;track_number&quot;,&quot;type&quot;,&quot;uri&quot;]
    missing: [&quot;is_playable&quot;]
error: object has missing required properties ([&quot;is_playable&quot;])
    level: &quot;error&quot;
    schema: {&quot;loadingURI&quot;:&quot;file:/D:/Ecllipse/spotify_V1/target/classes/schemas/severalalbums.json#&quot;,&quot;pointer&quot;:&quot;/properties/albums/items/properties/tracks/properties/items/items&quot;}
    instance: {&quot;pointer&quot;:&quot;/albums/0/tracks/items/2&quot;}
    domain: &quot;validation&quot;
    keyword: &quot;required&quot;
    required: [&quot;artists&quot;,&quot;available_markets&quot;,&quot;disc_number&quot;,&quot;duration_ms&quot;,&quot;explicit&quot;,&quot;external_urls&quot;,&quot;href&quot;,&quot;id&quot;,&quot;is_local&quot;,&quot;is_playable&quot;,&quot;name&quot;,&quot;track_number&quot;,&quot;type&quot;,&quot;uri&quot;]
    missing: [&quot;is_playable&quot;]
error: object has missing required properties ([&quot;is_playable&quot;])
    level: &quot;error&quot;
    schema: {&quot;loadingURI&quot;:&quot;file:/D:/Ecllipse/spotify_V1/target/classes/schemas/severalalbums.json#&quot;,&quot;pointer&quot;:&quot;/properties/albums/items/properties/tracks/properties/items/items&quot;}
    instance: {&quot;pointer&quot;:&quot;/albums/0/tracks/items/3&quot;}
    domain: &quot;validation&quot;
    keyword: &quot;required&quot;
    required: [&quot;artists&quot;,&quot;available_markets&quot;,&quot;disc_number&quot;,&quot;duration_ms&quot;,&quot;explicit&quot;,&quot;external_urls&quot;,&quot;href&quot;,&quot;id&quot;,&quot;is_local&quot;,&quot;is_playable&quot;,&quot;name&quot;,&quot;track_number&quot;,&quot;type&quot;,&quot;uri&quot;]
    missing: [&quot;is_playable&quot;]
error: object has missing required properties ([&quot;is_playable&quot;])
    level: &quot;error&quot;
    schema: {&quot;loadingURI&quot;:&quot;file:/D:/Ecllipse/spotify_V1/target/classes/schemas/severalalbums.json#&quot;,&quot;pointer&quot;:&quot;/properties/albums/items/properties/tracks/properties/items/items&quot;}
    instance: {&quot;pointer&quot;:&quot;/albums/0/tracks/items/4&quot;}
    domain: &quot;validation&quot;
    keyword: &quot;required&quot;
    required: [&quot;artists&quot;,&quot;available_markets&quot;,&quot;disc_number&quot;,&quot;duration_ms&quot;,&quot;explicit&quot;,&quot;external_urls&quot;,&quot;href&quot;,&quot;id&quot;,&quot;is_local&quot;,&quot;is_playable&quot;,&quot;name&quot;,&quot;track_number&quot;,&quot;type&quot;,&quot;uri&quot;]
    missing: [&quot;is_playable&quot;]
error: object has missing required properties ([&quot;is_playable&quot;])
    level: &quot;error&quot;
    schema: {&quot;loadingURI&quot;:&quot;file:/D:/Ecllipse/spotify_V1/target/classes/schemas/severalalbums.json#&quot;,&quot;pointer&quot;:&quot;/properties/albums/items/properties/tracks/properties/items/items&quot;}
    instance: {&quot;pointer&quot;:&quot;/albums/0/tracks/items/5&quot;}
    domain: &quot;validation&quot;
    keyword: &quot;required&quot;
    required: [&quot;artists&quot;,&quot;available_markets&quot;,&quot;disc_number&quot;,&quot;duration_ms&quot;,&quot;explicit&quot;,&quot;external_urls&quot;,&quot;href&quot;,&quot;id&quot;,&quot;is_local&quot;,&quot;is_playable&quot;,&quot;name&quot;,&quot;track_number&quot;,&quot;type&quot;,&quot;uri&quot;]
    missing: [&quot;is_playable&quot;]
error: object has missing required properties ([&quot;is_playable&quot;])
    level: &quot;error&quot;
    schema: {&quot;loadingURI&quot;:&quot;file:/D:/Ecllipse/spotify_V1/target/classes/schemas/severalalbums.json#&quot;,&quot;pointer&quot;:&quot;/properties/albums/items/properties/tracks/properties/items/items&quot;}
    instance: {&quot;pointer&quot;:&quot;/albums/0/tracks/items/6&quot;}
    domain: &quot;validation&quot;
    keyword: &quot;required&quot;
    required: [&quot;artists&quot;,&quot;available_markets&quot;,&quot;disc_number&quot;,&quot;duration_ms&quot;,&quot;explicit&quot;,&quot;external_urls&quot;,&quot;href&quot;,&quot;id&quot;,&quot;is_local&quot;,&quot;is_playable&quot;,&quot;name&quot;,&quot;track_number&quot;,&quot;type&quot;,&quot;uri&quot;]
    missing: [&quot;is_playable&quot;]
error: object has missing required properties ([&quot;is_playable&quot;])
    level: &quot;error&quot;
    schema: {&quot;loadingURI&quot;:&quot;file:/D:/Ecllipse/spotify_V1/target/classes/schemas/severalalbums.json#&quot;,&quot;pointer&quot;:&quot;/properties/albums/items/properties/tracks/properties/items/items&quot;}
    instance: {&quot;pointer&quot;:&quot;/albums/0/tracks/items/7&quot;}
    domain: &quot;validation&quot;
    keyword: &quot;required&quot;
    required: [&quot;artists&quot;,&quot;available_markets&quot;,&quot;disc_number&quot;,&quot;duration_ms&quot;,&quot;explicit&quot;,&quot;external_urls&quot;,&quot;href&quot;,&quot;id&quot;,&quot;is_local&quot;,&quot;is_playable&quot;,&quot;name&quot;,&quot;track_number&quot;,&quot;type&quot;,&quot;uri&quot;]
    missing: [&quot;is_playable&quot;]
error: object has missing required properties ([&quot;is_playable&quot;])
    level: &quot;error&quot;
    schema: {&quot;loadingURI&quot;:&quot;file:/D:/Ecllipse/spotify_V1/target/classes/schemas/severalalbums.json#&quot;,&quot;pointer&quot;:&quot;/properties/albums/items/properties/tracks/properties/items/items&quot;}
    instance: {&quot;pointer&quot;:&quot;/albums/0/tracks/items/8&quot;}
    domain: &quot;validation&quot;
    keyword: &quot;required&quot;
    required: [&quot;artists&quot;,&quot;available_markets&quot;,&quot;disc_number&quot;,&quot;duration_ms&quot;,&quot;explicit&quot;,&quot;external_urls&quot;,&quot;href&quot;,&quot;id&quot;,&quot;is_local&quot;,&quot;is_playable&quot;,&quot;name&quot;,&quot;track_number&quot;,&quot;type&quot;,&quot;uri&quot;]
    missing: [&quot;is_playable&quot;]
error: object has missing required properties ([&quot;is_playable&quot;])
    level: &quot;error&quot;
    schema: {&quot;loadingURI&quot;:&quot;file:/D:/Ecllipse/spotify_V1/target/classes/schemas/severalalbums.json#&quot;,&quot;pointer&quot;:&quot;/properties/albums/items/properties/tracks/properties/items/items&quot;}
    instance: {&quot;pointer&quot;:&quot;/albums/0/tracks/items/9&quot;}
    domain: &quot;validation&quot;
    keyword: &quot;required&quot;
    required: [&quot;artists&quot;,&quot;available_markets&quot;,&quot;disc_number&quot;,&quot;duration_ms&quot;,&quot;explicit&quot;,&quot;external_urls&quot;,&quot;href&quot;,&quot;id&quot;,&quot;is_local&quot;,&quot;is_playable&quot;,&quot;name&quot;,&quot;track_number&quot;,&quot;type&quot;,&quot;uri&quot;]
    missing: [&quot;is_playable&quot;]
error: object has missing required properties ([&quot;is_playable&quot;])
    level: &quot;error&quot;
    schema: {&quot;loadingURI&quot;:&quot;file:/D:/Ecllipse/spotify_V1/target/classes/schemas/severalalbums.json#&quot;,&quot;pointer&quot;:&quot;/properties/albums/items/properties/tracks/properties/items/items&quot;}
    instance: {&quot;pointer&quot;:&quot;/albums/0/tracks/items/10&quot;}
    domain: &quot;validation&quot;
    keyword: &quot;required&quot;
    required: [&quot;artists&quot;,&quot;available_markets&quot;,&quot;disc_number&quot;,&quot;duration_ms&quot;,&quot;explicit&quot;,&quot;external_urls&quot;,&quot;href&quot;,&quot;id&quot;,&quot;is_local&quot;,&quot;is_playable&quot;,&quot;name&quot;,&quot;track_number&quot;,&quot;type&quot;,&quot;uri&quot;]
    missing: [&quot;is_playable&quot;]
error: object has missing required properties ([&quot;is_playable&quot;])
    level: &quot;error&quot;
    schema: {&quot;loadingURI&quot;:&quot;file:/D:/Ecllipse/spotify_V1/target/classes/schemas/severalalbums.json#&quot;,&quot;pointer&quot;:&quot;/properties/albums/items/properties/tracks/properties/items/items&quot;}
    instance: {&quot;pointer&quot;:&quot;/albums/0/tracks/items/11&quot;}
    domain: &quot;validation&quot;
    keyword: &quot;required&quot;
    required: [&quot;artists&quot;,&quot;available_markets&quot;,&quot;disc_number&quot;,&quot;duration_ms&quot;,&quot;explicit&quot;,&quot;external_urls&quot;,&quot;href&quot;,&quot;id&quot;,&quot;is_local&quot;,&quot;is_playable&quot;,&quot;name&quot;,&quot;track_number&quot;,&quot;type&quot;,&quot;uri&quot;]
    missing: [&quot;is_playable&quot;]
error: object has missing required properties ([&quot;is_playable&quot;])
    level: &quot;error&quot;
    schema: {&quot;loadingURI&quot;:&quot;file:/D:/Ecllipse/spotify_V1/target/classes/schemas/severalalbums.json#&quot;,&quot;pointer&quot;:&quot;/properties/albums/items/properties/tracks/properties/items/items&quot;}
    instance: {&quot;pointer&quot;:&quot;/albums/0/tracks/items/12&quot;}
    domain: &quot;validation&quot;
    keyword: &quot;required&quot;
    required: [&quot;artists&quot;,&quot;available_markets&quot;,&quot;disc_number&quot;,&quot;duration_ms&quot;,&quot;explicit&quot;,&quot;external_urls&quot;,&quot;href&quot;,&quot;id&quot;,&quot;is_local&quot;,&quot;is_playable&quot;,&quot;name&quot;,&quot;track_number&quot;,&quot;type&quot;,&quot;uri&quot;]
    missing: [&quot;is_playable&quot;]
error: object has missing required properties ([&quot;is_playable&quot;])
    level: &quot;error&quot;
    schema: {&quot;loadingURI&quot;:&quot;file:/D:/Ecllipse/spotify_V1/target/classes/schemas/severalalbums.json#&quot;,&quot;pointer&quot;:&quot;/properties/albums/items/properties/tracks/properties/items/items&quot;}
    instance: {&quot;pointer&quot;:&quot;/albums/0/tracks/items/13&quot;}
    domain: &quot;validation&quot;
    keyword: &quot;required&quot;
    required: [&quot;artists&quot;,&quot;available_markets&quot;,&quot;disc_number&quot;,&quot;duration_ms&quot;,&quot;explicit&quot;,&quot;external_urls&quot;,&quot;href&quot;,&quot;id&quot;,&quot;is_local&quot;,&quot;is_playable&quot;,&quot;name&quot;,&quot;track_number&quot;,&quot;type&quot;,&quot;uri&quot;]
    missing: [&quot;is_playable&quot;]
error: object has missing required properties ([&quot;is_playable&quot;])
    level: &quot;error&quot;
    schema: {&quot;loadingURI&quot;:&quot;file:/D:/Ecllipse/spotify_V1/target/classes/schemas/severalalbums.json#&quot;,&quot;pointer&quot;:&quot;/properties/albums/items/properties/tracks/properties/items/items&quot;}
    instance: {&quot;pointer&quot;:&quot;/albums/0/tracks/items/14&quot;}
    domain: &quot;validation&quot;
    keyword: &quot;required&quot;
    required: [&quot;artists&quot;,&quot;available_markets&quot;,&quot;disc_number&quot;,&quot;duration_ms&quot;,&quot;explicit&quot;,&quot;external_urls&quot;,&quot;href&quot;,&quot;id&quot;,&quot;is_local&quot;,&quot;is_playable&quot;,&quot;name&quot;,&quot;track_number&quot;,&quot;type&quot;,&quot;uri&quot;]
    missing: [&quot;is_playable&quot;]

  Actual: {&quot;albums&quot;:[{&quot;album_type&quot;:&quot;album&quot;,&quot;total_tracks&quot;:15,&quot;available_markets&quot;:[&quot;AR&quot;,&quot;AU&quot;,&quot;AT&quot;,&quot;BE&quot;,&quot;BO&quot;,&quot;BR&quot;,&quot;BG&quot;,&quot;CA&quot;,&quot;CL&quot;,&quot;CO&quot;,&quot;CR&quot;,&quot;CY&quot;,&quot;CZ&quot;,&quot;DK&quot;,&quot;DO&quot;,&quot;DE&quot;,&quot;EC&quot;,&quot;EE&quot;,&quot;SV&quot;,&quot;FI&quot;,&quot;FR&quot;,&quot;GR&quot;,&quot;GT&quot;,&quot;HN&quot;,&quot;HK&quot;,&quot;HU&quot;,&quot;IS&quot;,&quot;IE&quot;,&quot;IT&quot;,&quot;LV&quot;,&quot;LT&quot;,&quot;LU&quot;,&quot;MY&quot;,&quot;MT&quot;,&quot;MX&quot;,&quot;NL&quot;,&quot;NZ&quot;,&quot;NI&quot;,&quot;NO&quot;,&quot;PA&quot;,&quot;PY&quot;,&quot;PE&quot;,&quot;PH&quot;,&quot;PL&quot;,&quot;PT&quot;,&quot;SG&quot;,&quot;SK&quot;,&quot;ES&quot;,&quot;SE&quot;,&quot;CH&quot;,&quot;TW&quot;,&quot;TR&quot;,&quot;UY&quot;,&quot;US&quot;,&quot;GB&quot;,&quot;AD&quot;,&quot;LI&quot;,&quot;MC&quot;,&quot;ID&quot;,&quot;JP&quot;,&quot;TH&quot;,&quot;VN&quot;,&quot;RO&quot;,&quot;IL&quot;,&quot;ZA&quot;,&quot;SA&quot;,&quot;AE&quot;,&quot;BH&quot;,&quot;QA&quot;,&quot;OM&quot;,&quot;KW&quot;,&quot;EG&quot;,&quot;MA&quot;,&quot;DZ&quot;,&quot;TN&quot;,&quot;LB&quot;,&quot;JO&quot;,&quot;PS&quot;,&quot;IN&quot;,&quot;KZ&quot;,&quot;MD&quot;,&quot;UA&quot;,&quot;AL&quot;,&quot;BA&quot;,&quot;HR&quot;,&quot;ME&quot;,&quot;MK&quot;,&quot;RS&quot;,&quot;SI&quot;,&quot;KR&quot;,&quot;BD&quot;,&quot;PK&quot;,&quot;LK&quot;,&quot;GH&quot;,&quot;KE&quot;,&quot;NG&quot;,&quot;TZ&quot;,&quot;UG&quot;,&quot;AG&quot;,&quot;AM&quot;,&quot;BS&quot;,&quot;BB&quot;,&quot;BZ&quot;,&quot;BT&quot;,&quot;BW&quot;,&quot;BF&quot;,&quot;CV&quot;,&quot;CW&quot;,&quot;DM&quot;,&quot;FJ&quot;,&quot;GM&quot;,&quot;GE&quot;,&quot;GD&quot;,&quot;GW&quot;,&quot;GY&quot;,&quot;HT&quot;,&quot;JM&quot;,&quot;KI&quot;,&quot;LS&quot;,&quot;LR&quot;,&quot;MW&quot;,&quot;MV&quot;,&quot;ML&quot;,&quot;MH&quot;,&quot;FM&quot;,&quot;NA&quot;,&quot;NR&quot;,&quot;NE&quot;,&quot;PW&quot;,&quot;PG&quot;,&quot;WS&quot;,&quot;SM&quot;,&quot;ST&quot;,&quot;SN&quot;,&quot;SC&quot;,&quot;SL&quot;,&quot;SB&quot;,&quot;KN&quot;,&quot;LC&quot;,&quot;VC&quot;,&quot;SR&quot;,&quot;TL&quot;,&quot;TO&quot;,&quot;TT&quot;,&quot;TV&quot;,&quot;VU&quot;,&quot;AZ&quot;,&quot;BN&quot;,&quot;BI&quot;,&quot;KH&quot;,&quot;CM&quot;,&quot;TD&quot;,&quot;KM&quot;,&quot;GQ&quot;,&quot;SZ&quot;,&quot;GA&quot;,&quot;GN&quot;,&quot;KG&quot;,&quot;LA&quot;,&quot;MO&quot;,&quot;MR&quot;,&quot;MN&quot;,&quot;NP&quot;,&quot;RW&quot;,&quot;TG&quot;,&quot;UZ&quot;,&quot;ZW&quot;,&quot;BJ&quot;,&quot;MG&quot;,&quot;MU&quot;,&quot;MZ&quot;,&quot;AO&quot;,&quot;CI&quot;,&quot;DJ&quot;,&quot;ZM&quot;,&quot;CD&quot;,&quot;CG&quot;,&quot;IQ&quot;,&quot;LY&quot;,&quot;TJ&quot;,&quot;VE&quot;,&quot;ET&quot;,&quot;XK&quot;],&quot;external_urls&quot;:{&quot;spotify&quot;:&quot;https://open.spotify.com/album/382ObEPsp2rxGrnsizN5TX&quot;},&quot;href&quot;:&quot;https://api.spotify.com/v1/albums/382ObEPsp2rxGrnsizN5TX&quot;,&quot;id&quot;:&quot;382ObEPsp2rxGrnsizN5TX&quot;,&quot;images&quot;:[{&quot;url&quot;:&quot;https://i.scdn.co/image/ab67616d0000b27326597c053b38c9cf93f8f3a9&quot;,&quot;height&quot;:640,&quot;width&quot;:640},{&quot;url&quot;:&quot;https://i.scdn.co/image/ab67616d00001e0226597c053b38c9cf93f8f3a9&quot;,&quot;height&quot;:300,&quot;width&quot;:300},{&quot;url&quot;:&quot;https://i.scdn.co/image/ab67616d0000485126597c053b38c9cf93f8f3a9&quot;,&quot;height&quot;:64,&quot;width&quot;:64}],&quot;name&quot;:&quot;TRON: Legacy Reconfigured&quot;,&quot;release_date&quot;:&quot;2011-01-01&quot;,&quot;release_date_precision&quot;:&quot;day&quot;,&quot;type&quot;:&quot;album&quot;,&quot;uri&quot;:&quot;spotify:album:382ObEPsp2rxGrnsizN5TX&quot;,&quot;artists&quot;:[{&quot;external_urls&quot;:{&quot;spotify&quot;:&quot;https://open.spotify.com/artist/4tZwfgrHOc3mvqYlEYSvVi&quot;},&quot;href&quot;:&quot;https://api.spotify.com/v1/artists/4tZwfgrHOc3mvqYlEYSvVi&quot;,&quot;id&quot;:&quot;4tZwfgrHOc3mvqYlEYSvVi&quot;,&quot;name&quot;:&quot;Daft Punk&quot;,&quot;type&quot;:&quot;artist&quot;,&quot;uri&quot;:&quot;spotify:artist:4tZwfgrHOc3mvqYlEYSvVi&quot;}],&quot;tracks&quot;:{&quot;href&quot;:&quot;https://api.spotify.com/v1/albums/382ObEPsp2rxGrnsizN5TX/tracks?offset=0&amp;limit=50&quot;,&quot;limit&quot;:50,&quot;next&quot;:null,&quot;offset&quot;:0,&quot;previous&quot;:null,&quot;total&quot;:15,&quot;items&quot;:[{&quot;artists&quot;:[{&quot;external_urls&quot;:{&quot;spotify&quot;:&quot;https://open.spotify.com/artist/4tZwfgrHOc3mvqYlEYSvVi&quot;},&quot;href&quot;:&quot;https://api.spotify.com/v1/artists/4tZwfgrHOc3mvqYlEYSvVi&quot;,&quot;id&quot;:&quot;4tZwfgrHOc3mvqYlEYSvVi&quot;,&quot;name&quot;:&quot;Daft Punk&quot;,&quot;type&quot;:&quot;artist&quot;,&quot;uri&quot;:&quot;spotify:artist:4tZwfgrHOc3mvqYlEYSvVi&quot;},{&quot;external_urls&quot;:{&quot;spotify&quot;:&quot;https://open.spotify.com/artist/3a9qv6NLHnsVxJUtKOMHvD&quot;},&quot;href&quot;:&quot;https://api.spotify.com/v1/artists/3a9qv6NLHnsVxJUtKOMHvD&quot;,&quot;id&quot;:&quot;3a9qv6NLHnsVxJUtKOMHvD&quot;,&quot;name&quot;:&quot;The Glitch Mob&quot;,&quot;type&quot;:&quot;artist&quot;,&quot;uri&quot;:&quot;spotify:artist:3a9qv6NLHnsVxJUtKOMHvD&quot;}],&quot;available_markets&quot;:[&quot;AR&quot;,&quot;AU&quot;,&quot;AT&quot;,&quot;BE&quot;,&quot;BO&quot;,&quot;BR&quot;,&quot;BG&quot;,&quot;CA&quot;,&quot;CL&quot;,&quot;CO&quot;,&quot;CR&quot;,&quot;CY&quot;,&quot;CZ&quot;,&quot;DK&quot;,&quot;DO&quot;,&quot;DE&quot;,&quot;EC&quot;,&quot;EE&quot;,&quot;SV&quot;,&quot;FI&quot;,&quot;FR&quot;,&quot;GR&quot;,&quot;GT&quot;,&quot;HN&quot;,&quot;HK&quot;,&quot;HU&quot;,&quot;IS&quot;,&quot;IE&quot;,&quot;IT&quot;,&quot;LV&quot;,&quot;LT&quot;,&quot;LU&quot;,&quot;MY&quot;,&quot;MT&quot;,&quot;MX&quot;,&quot;NL&quot;,&quot;NZ&quot;,&quot;NI&quot;,&quot;NO&quot;,&quot;PA&quot;,&quot;PY&quot;,&quot;PE&quot;,&quot;PH&quot;,&quot;PL&quot;,&quot;PT&quot;,&quot;SG&quot;,&quot;SK&quot;,&quot;ES&quot;,&quot;SE&quot;,&quot;CH&quot;,&quot;TW&quot;,&quot;TR&quot;,&quot;UY&quot;,&quot;US&quot;,&quot;GB&quot;,&quot;AD&quot;,&quot;LI&quot;,&quot;MC&quot;,&quot;ID&quot;,&quot;JP&quot;,&quot;TH&quot;,&quot;VN&quot;,&quot;RO&quot;,&quot;IL&quot;,&quot;ZA&quot;,&quot;SA&quot;,&quot;AE&quot;,&quot;BH&quot;,&quot;QA&quot;,&quot;OM&quot;,&quot;KW&quot;,&quot;EG&quot;,&quot;MA&quot;,&quot;DZ&quot;,&quot;TN&quot;,&quot;LB&quot;,&quot;JO&quot;,&quot;PS&quot;,&quot;IN&quot;,&quot;KZ&quot;,&quot;MD&quot;,&quot;UA&quot;,&quot;AL&quot;,&quot;BA&quot;,&quot;HR&quot;,&quot;ME&quot;,&quot;MK&quot;,&quot;RS&quot;,&quot;SI&quot;,&quot;KR&quot;,&quot;BD&quot;,&quot;PK&quot;,&quot;LK&quot;,&quot;GH&quot;,&quot;KE&quot;,&quot;NG&quot;,&quot;TZ&quot;,&quot;UG&quot;,&quot;AG&quot;,&quot;AM&quot;,&quot;BS&quot;,&quot;BB&quot;,&quot;BZ&quot;,&quot;BT&quot;,&quot;BW&quot;,&quot;BF&quot;,&quot;CV&quot;,&quot;CW&quot;,&quot;DM&quot;,&quot;FJ&quot;,&quot;GM&quot;,&quot;GE&quot;,&quot;GD&quot;,&quot;GW&quot;,&quot;GY&quot;,&quot;HT&quot;,&quot;JM&quot;,&quot;KI&quot;,&quot;LS&quot;,&quot;LR&quot;,&quot;MW&quot;,&quot;MV&quot;,&quot;ML&quot;,&quot;MH&quot;,&quot;FM&quot;,&quot;NA&quot;,&quot;NR&quot;,&quot;NE&quot;,&quot;PW&quot;,&quot;PG&quot;,&quot;WS&quot;,&quot;SM&quot;,&quot;ST&quot;,&quot;SN&quot;,&quot;SC&quot;,&quot;SL&quot;,&quot;SB&quot;,&quot;KN&quot;,&quot;LC&quot;,&quot;VC&quot;,&quot;SR&quot;,&quot;TL&quot;,&quot;TO&quot;,&quot;TT&quot;,&quot;TV&quot;,&quot;VU&quot;,&quot;AZ&quot;,&quot;BN&quot;,&quot;BI&quot;,&quot;KH&quot;,&quot;CM&quot;,&quot;TD&quot;,&quot;KM&quot;,&quot;GQ&quot;,&quot;SZ&quot;,&quot;GA&quot;,&quot;GN&quot;,&quot;KG&quot;,&quot;LA&quot;,&quot;MO&quot;,&quot;MR&quot;,&quot;MN&quot;,&quot;NP&quot;,&quot;RW&quot;,&quot;TG&quot;,&quot;UZ&quot;,&quot;ZW&quot;,&quot;BJ&quot;,&quot;MG&quot;,&quot;MU&quot;,&quot;MZ&quot;,&quot;AO&quot;,&quot;CI&quot;,&quot;DJ&quot;,&quot;ZM&quot;,&quot;CD&quot;,&quot;CG&quot;,&quot;IQ&quot;,&quot;LY&quot;,&quot;TJ&quot;,&quot;VE&quot;,&quot;ET&quot;,&quot;XK&quot;],&quot;disc_number&quot;:1,&quot;duration_ms&quot;:262240,&quot;explicit&quot;:false,&quot;external_urls&quot;:{&quot;spotify&quot;:&quot;https://open.spotify.com/track/4lteJuSjb9Jt9W1W7PIU2U&quot;},&quot;href&quot;:&quot;https://api.spotify.com/v1/tracks/4lteJuSjb9Jt9W1W7PIU2U&quot;,&quot;id&quot;:&quot;4lteJuSjb9Jt9W1W7PIU2U&quot;,&quot;name&quot;:&quot;Derezzed - Remixed by The Glitch Mob&quot;,&quot;preview_url&quot;:null,&quot;track_number&quot;:1,&quot;type&quot;:&quot;track&quot;,&quot;uri&quot;:&quot;spotify:track:4lteJuSjb9Jt9W1W7PIU2U&quot;,&quot;is_local&quot;:false},{&quot;artists&quot;:[{&quot;external_urls&quot;:{&quot;spotify&quot;:&quot;https://open.spotify.com/artist/4tZwfgrHOc3mvqYlEYSvVi&quot;},&quot;href&quot;:&quot;https://api.spotify.com/v1/artists/4tZwfgrHOc3mvqYlEYSvVi&quot;,&quot;id&quot;:&quot;4tZwfgrHOc3mvqYlEYSvVi&quot;,&quot;name&quot;:&quot;Daft Punk&quot;,&quot;type&quot;:&quot;artist&quot;,&quot;uri&quot;:&quot;spotify:artist:4tZwfgrHOc3mvqYlEYSvVi&quot;},{&quot;external_urls&quot;:{&quot;spotify&quot;:&quot;https://open.spotify.com/artist/4CecgT3PfTiMzdO3pFCDNP&quot;},&quot;href&quot;:&quot;https://api.spotify.com/v1/artists/4CecgT3PfTiMzdO3pFCDNP&quot;,&quot;id&quot;:&quot;4CecgT3PfTiMzdO3pFCDNP&quot;,&quot;name&quot;:&quot;M83 VS Big Black Delta&quot;,&quot;type&quot;:&quot;artist&quot;,&quot;uri&quot;:&quot;spotify:artist:4CecgT3PfTiMzdO3pFCDNP&quot;},{&quot;external_urls&quot;:{&quot;spotify&quot;:&quot;https://open.spotify.com/artist/63MQldklfxkjYDoUE4Tppz&quot;},&quot;href&quot;:&quot;https://api.spotify.com/v1/artists/63MQldklfxkjYDoUE4Tppz&quot;,&quot;id&quot;:&quot;63MQldklfxkjYDoUE4Tppz&quot;,&quot;name&quot;:&quot;M83&quot;,&quot;type&quot;:&quot;artist&quot;,&quot;uri&quot;:&quot;spotify:artist:63MQldklfxkjYDoUE4Tppz&quot;},{&quot;external_urls&quot;:{&quot;spotify&quot;:&quot;https://open.spotify.com/artist/2TXpVEw5FbzDh93tLoDm0i&quot;},&quot;href&quot;:&quot;https://api.spotify.com/v1/artists/2TXpVEw5FbzDh93tLoDm0i&quot;,&quot;id&quot;:&quot;2TXpVEw5FbzDh93tLoDm0i&quot;,&quot;name&quot;:&quot;Big Black Delta&quot;,&quot;type&quot;:&quot;artist&quot;,&quot;uri&quot;:&quot;spotify:artist:2TXpVEw5FbzDh93tLoDm0i&quot;}],&quot;available_markets&quot;:[&quot;AR&quot;,&quot;AU&quot;,&quot;AT&quot;,&quot;BE&quot;,&quot;BO&quot;,&quot;BR&quot;,&quot;BG&quot;,&quot;CA&quot;,&quot;CL&quot;,&quot;CO&quot;,&quot;CR&quot;,&quot;CY&quot;,&quot;CZ&quot;,&quot;DK&quot;,&quot;DO&quot;,&quot;DE&quot;,&quot;EC&quot;,&quot;EE&quot;,&quot;SV&quot;,&quot;FI&quot;,&quot;FR&quot;,&quot;GR&quot;,&quot;GT&quot;,&quot;HN&quot;,&quot;HK&quot;,&quot;HU&quot;,&quot;IS&quot;,&quot;IE&quot;,&quot;IT&quot;,&quot;LV&quot;,&quot;LT&quot;,&quot;LU&quot;,&quot;MY&quot;,&quot;MT&quot;,&quot;MX&quot;,&quot;NL&quot;,&quot;NZ&quot;,&quot;NI&quot;,&quot;NO&quot;,&quot;PA&quot;,&quot;PY&quot;,&quot;PE&quot;,&quot;PH&quot;,&quot;PL&quot;,&quot;PT&quot;,&quot;SG&quot;,&quot;SK&quot;,&quot;ES&quot;,&quot;SE&quot;,&quot;CH&quot;,&quot;TW&quot;,&quot;TR&quot;,&quot;UY&quot;,&quot;US&quot;,&quot;GB&quot;,&quot;AD&quot;,&quot;LI&quot;,&quot;MC&quot;,&quot;ID&quot;,&quot;JP&quot;,&quot;TH&quot;,&quot;VN&quot;,&quot;RO&quot;,&quot;IL&quot;,&quot;ZA&quot;,&quot;SA&quot;,&quot;AE&quot;,&quot;BH&quot;,&quot;QA&quot;,&quot;OM&quot;,&quot;KW&quot;,&quot;EG&quot;,&quot;MA&quot;,&quot;DZ&quot;,&quot;TN&quot;,&quot;LB&quot;,&quot;JO&quot;,&quot;PS&quot;,&quot;IN&quot;,&quot;KZ&quot;,&quot;MD&quot;,&quot;UA&quot;,&quot;AL&quot;,&quot;BA&quot;,&quot;HR&quot;,&quot;ME&quot;,&quot;MK&quot;,&quot;RS&quot;,&quot;SI&quot;,&quot;KR&quot;,&quot;BD&quot;,&quot;PK&quot;,&quot;LK&quot;,&quot;GH&quot;,&quot;KE&quot;,&quot;NG&quot;,&quot;TZ&quot;,&quot;UG&quot;,&quot;AG&quot;,&quot;AM&quot;,&quot;BS&quot;,&quot;BB&quot;,&quot;BZ&quot;,&quot;BT&quot;,&quot;BW&quot;,&quot;BF&quot;,&quot;CV&quot;,&quot;CW&quot;,&quot;DM&quot;,&quot;FJ&quot;,&quot;GM&quot;,&quot;GE&quot;,&quot;GD&quot;,&quot;GW&quot;,&quot;GY&quot;,&quot;HT&quot;,&quot;JM&quot;,&quot;KI&quot;,&quot;LS&quot;,&quot;LR&quot;,&quot;MW&quot;,&quot;MV&quot;,&quot;ML&quot;,&quot;MH&quot;,&quot;FM&quot;,&quot;NA&quot;,&quot;NR&quot;,&quot;NE&quot;,&quot;PW&quot;,&quot;PG&quot;,&quot;WS&quot;,&quot;SM&quot;,&quot;ST&quot;,&quot;SN&quot;,&quot;SC&quot;,&quot;SL&quot;,&quot;SB&quot;,&quot;KN&quot;,&quot;LC&quot;,&quot;VC&quot;,&quot;SR&quot;,&quot;TL&quot;,&quot;TO&quot;,&quot;TT&quot;,&quot;TV&quot;,&quot;VU&quot;,&quot;AZ&quot;,&quot;BN&quot;,&quot;BI&quot;,&quot;KH&quot;,&quot;CM&quot;,&quot;TD&quot;,&quot;KM&quot;,&quot;GQ&quot;,&quot;SZ&quot;,&quot;GA&quot;,&quot;GN&quot;,&quot;KG&quot;,&quot;LA&quot;,&quot;MO&quot;,&quot;MR&quot;,&quot;MN&quot;,&quot;NP&quot;,&quot;RW&quot;,&quot;TG&quot;,&quot;UZ&quot;,&quot;ZW&quot;,&quot;BJ&quot;,&quot;MG&quot;,&quot;MU&quot;,&quot;MZ&quot;,&quot;AO&quot;,&quot;CI&quot;,&quot;DJ&quot;,&quot;ZM&quot;,&quot;CD&quot;,&quot;CG&quot;,&quot;IQ&quot;,&quot;LY&quot;,&quot;TJ&quot;,&quot;VE&quot;,&quot;ET&quot;,&quot;XK&quot;],&quot;disc_number&quot;:1,&quot;duration_ms&quot;:234986,&quot;explicit&quot;:false,&quot;external_urls&quot;:{&quot;spotify&quot;:&quot;https://open.spotify.com/track/66uVqkmHAc0MBUzoPhIypN&quot;},&quot;href&quot;:&quot;https://api.spotify.com/v1/tracks/66uVqkmHAc0MBUzoPhIypN&quot;,&quot;id&quot;:&quot;66uVqkmHAc0MBUzoPhIypN&quot;,&quot;name&quot;:&quot;Fall - Remixed by M83 VS Big Black Delta&quot;,&quot;preview_url&quot;:null,&quot;track_number&quot;:2,&quot;type&quot;:&quot;track&quot;,&quot;uri&quot;:&quot;spotify:track:66uVqkmHAc0MBUzoPhIypN&quot;,&quot;is_local&quot;:false},{&quot;artists&quot;:[{&quot;external_urls&quot;:{&quot;spotify&quot;:&quot;https://open.spotify.com/artist/4tZwfgrHOc3mvqYlEYSvVi&quot;},&quot;href&quot;:&quot;https://api.spotify.com/v1/artists/4tZwfgrHOc3mvqYlEYSvVi&quot;,&quot;id&quot;:&quot;4tZwfgrHOc3mvqYlEYSvVi&quot;,&quot;name&quot;:&quot;Daft Punk&quot;,&quot;type&quot;:&quot;artist&quot;,&quot;uri&quot;:&quot;spotify:artist:4tZwfgrHOc3mvqYlEYSvVi&quot;},{&quot;external_urls&quot;:{&quot;spotify&quot;:&quot;https://open.spotify.com/artist/5eKLa1xyHLq8ERWmT1CRHj&quot;},&quot;href&quot;:&quot;https://api.spotify.com/v1/artists/5eKLa1xyHLq8ERWmT1CRHj&quot;,&quot;id&quot;:&quot;5eKLa1xyHLq8ERWmT1CRHj&quot;,&quot;name&quot;:&quot;The Crystal Method&quot;,&quot;type&quot;:&quot;artist&quot;,&quot;uri&quot;:&quot;spotify:artist:5eKLa1xyHLq8ERWmT1CRHj&quot;}],&quot;available_markets&quot;:[&quot;AR&quot;,&quot;AU&quot;,&quot;AT&quot;,&quot;BE&quot;,&quot;BO&quot;,&quot;BR&quot;,&quot;BG&quot;,&quot;CA&quot;,&quot;CL&quot;,&quot;CO&quot;,&quot;CR&quot;,&quot;CY&quot;,&quot;CZ&quot;,&quot;DK&quot;,&quot;DO&quot;,&quot;DE&quot;,&quot;EC&quot;,&quot;EE&quot;,&quot;SV&quot;,&quot;FI&quot;,&quot;FR&quot;,&quot;GR&quot;,&quot;GT&quot;,&quot;HN&quot;,&quot;HK&quot;,&quot;HU&quot;,&quot;IS&quot;,&quot;IE&quot;,&quot;IT&quot;,&quot;LV&quot;,&quot;LT&quot;,&quot;LU&quot;,&quot;MY&quot;,&quot;MT&quot;,&quot;MX&quot;,&quot;NL&quot;,&quot;NZ&quot;,&quot;NI&quot;,&quot;NO&quot;,&quot;PA&quot;,&quot;PY&quot;,&quot;PE&quot;,&quot;PH&quot;,&quot;PL&quot;,&quot;PT&quot;,&quot;SG&quot;,&quot;SK&quot;,&quot;ES&quot;,&quot;SE&quot;,&quot;CH&quot;,&quot;TW&quot;,&quot;TR&quot;,&quot;UY&quot;,&quot;US&quot;,&quot;GB&quot;,&quot;AD&quot;,&quot;LI&quot;,&quot;MC&quot;,&quot;ID&quot;,&quot;JP&quot;,&quot;TH&quot;,&quot;VN&quot;,&quot;RO&quot;,&quot;IL&quot;,&quot;ZA&quot;,&quot;SA&quot;,&quot;AE&quot;,&quot;BH&quot;,&quot;QA&quot;,&quot;OM&quot;,&quot;KW&quot;,&quot;EG&quot;,&quot;MA&quot;,&quot;DZ&quot;,&quot;TN&quot;,&quot;LB&quot;,&quot;JO&quot;,&quot;PS&quot;,&quot;IN&quot;,&quot;KZ&quot;,&quot;MD&quot;,&quot;UA&quot;,&quot;AL&quot;,&quot;BA&quot;,&quot;HR&quot;,&quot;ME&quot;,&quot;MK&quot;,&quot;RS&quot;,&quot;SI&quot;,&quot;KR&quot;,&quot;BD&quot;,&quot;PK&quot;,&quot;LK&quot;,&quot;GH&quot;,&quot;KE&quot;,&quot;NG&quot;,&quot;TZ&quot;,&quot;UG&quot;,&quot;AG&quot;,&quot;AM&quot;,&quot;BS&quot;,&quot;BB&quot;,&quot;BZ&quot;,&quot;BT&quot;,&quot;BW&quot;,&quot;BF&quot;,&quot;CV&quot;,&quot;CW&quot;,&quot;DM&quot;,&quot;FJ&quot;,&quot;GM&quot;,&quot;GE&quot;,&quot;GD&quot;,&quot;GW&quot;,&quot;GY&quot;,&quot;HT&quot;,&quot;JM&quot;,&quot;KI&quot;,&quot;LS&quot;,&quot;LR&quot;,&quot;MW&quot;,&quot;MV&quot;,&quot;ML&quot;,&quot;MH&quot;,&quot;FM&quot;,&quot;NA&quot;,&quot;NR&quot;,&quot;NE&quot;,&quot;PW&quot;,&quot;PG&quot;,&quot;WS&quot;,&quot;SM&quot;,&quot;ST&quot;,&quot;SN&quot;,&quot;SC&quot;,&quot;SL&quot;,&quot;SB&quot;,&quot;KN&quot;,&quot;LC&quot;,&quot;VC&quot;,&quot;SR&quot;,&quot;TL&quot;,&quot;TO&quot;,&quot;TT&quot;,&quot;TV&quot;,&quot;VU&quot;,&quot;AZ&quot;,&quot;BN&quot;,&quot;BI&quot;,&quot;KH&quot;,&quot;CM&quot;,&quot;TD&quot;,&quot;KM&quot;,&quot;GQ&quot;,&quot;SZ&quot;,&quot;GA&quot;,&quot;GN&quot;,&quot;KG&quot;,&quot;LA&quot;,&quot;MO&quot;,&quot;MR&quot;,&quot;MN&quot;,&quot;NP&quot;,&quot;RW&quot;,&quot;TG&quot;,&quot;UZ&quot;,&quot;ZW&quot;,&quot;BJ&quot;,&quot;MG&quot;,&quot;MU&quot;,&quot;MZ&quot;,&quot;AO&quot;,&quot;CI&quot;,&quot;DJ&quot;,&quot;ZM&quot;,&quot;CD&quot;,&quot;CG&quot;,&quot;IQ&quot;,&quot;LY&quot;,&quot;TJ&quot;,&quot;VE&quot;,&quot;ET&quot;,&quot;XK&quot;],&quot;disc_number&quot;:1,&quot;duration_ms&quot;:267786,&quot;explicit&quot;:false,&quot;external_urls&quot;:{&quot;spotify&quot;:&quot;https://open.spotify.com/track/4OEnpg5ubhg6OQ4M2ZjtsL&quot;},&quot;href&quot;:&quot;https://api.spotify.com/v1/tracks/4OEnpg5ubhg6OQ4M2ZjtsL&quot;,&quot;id&quot;:&quot;4OEnpg5ubhg6OQ4M2ZjtsL&quot;,&quot;name&quot;:&quot;The Grid - Remixed by The Crystal Method&quot;,&quot;preview_url&quot;:null,&quot;track_number&quot;:3,&quot;type&quot;:&quot;track&quot;,&quot;uri&quot;:&quot;spotify:track:4OEnpg5ubhg6OQ4M2ZjtsL&quot;,&quot;is_local&quot;:false},{&quot;artists&quot;:[{&quot;external_urls&quot;:{&quot;spotify&quot;:&quot;https://open.spotify.com/artist/4tZwfgrHOc3mvqYlEYSvVi&quot;},&quot;href&quot;:&quot;https://api.spotify.com/v1/artists/4tZwfgrHOc3mvqYlEYSvVi&quot;,&quot;id&quot;:&quot;4tZwfgrHOc3mvqYlEYSvVi&quot;,&quot;name&quot;:&quot;Daft Punk&quot;,&quot;type&quot;:&quot;artist&quot;,&quot;uri&quot;:&quot;spotify:artist:4tZwfgrHOc3mvqYlEYSvVi&quot;},{&quot;external_urls&quot;:{&quot;spotify&quot;:&quot;https://open.spotify.com/artist/3gqv1kgivAc92KnUm4elKv&quot;},&quot;href&quot;:&quot;https://api.spotify.com/v1/artists/3gqv1kgivAc92KnUm4elKv&quot;,&quot;id&quot;:&quot;3gqv1kgivAc92KnUm4elKv&quot;,&quot;name&quot;:&quot;Teddybears&quot;,&quot;type&quot;:&quot;artist&quot;,&quot;uri&quot;:&quot;spotify:artist:3gqv1kgivAc92KnUm4elKv&quot;}],&quot;available_markets&quot;:[&quot;AR&quot;,&quot;AU&quot;,&quot;AT&quot;,&quot;BE&quot;,&quot;BO&quot;,&quot;BR&quot;,&quot;BG&quot;,&quot;CA&quot;,&quot;CL&quot;,&quot;CO&quot;,&quot;CR&quot;,&quot;CY&quot;,&quot;CZ&quot;,&quot;DK&quot;,&quot;DO&quot;,&quot;DE&quot;,&quot;EC&quot;,&quot;EE&quot;,&quot;SV&quot;,&quot;FI&quot;,&quot;FR&quot;,&quot;GR&quot;,&quot;GT&quot;,&quot;HN&quot;,&quot;HK&quot;,&quot;HU&quot;,&quot;IS&quot;,&quot;IE&quot;,&quot;IT&quot;,&quot;LV&quot;,&quot;LT&quot;,&quot;LU&quot;,&quot;MY&quot;,&quot;MT&quot;,&quot;MX&quot;,&quot;NL&quot;,&quot;NZ&quot;,&quot;NI&quot;,&quot;NO&quot;,&quot;PA&quot;,&quot;PY&quot;,&quot;PE&quot;,&quot;PH&quot;,&quot;PL&quot;,&quot;PT&quot;,&quot;SG&quot;,&quot;SK&quot;,&quot;ES&quot;,&quot;SE&quot;,&quot;CH&quot;,&quot;TW&quot;,&quot;TR&quot;,&quot;UY&quot;,&quot;US&quot;,&quot;GB&quot;,&quot;AD&quot;,&quot;LI&quot;,&quot;MC&quot;,&quot;ID&quot;,&quot;JP&quot;,&quot;TH&quot;,&quot;VN&quot;,&quot;RO&quot;,&quot;IL&quot;,&quot;ZA&quot;,&quot;SA&quot;,&quot;AE&quot;,&quot;BH&quot;,&quot;QA&quot;,&quot;OM&quot;,&quot;KW&quot;,&quot;EG&quot;,&quot;MA&quot;,&quot;DZ&quot;,&quot;TN&quot;,&quot;LB&quot;,&quot;JO&quot;,&quot;PS&quot;,&quot;IN&quot;,&quot;KZ&quot;,&quot;MD&quot;,&quot;UA&quot;,&quot;AL&quot;,&quot;BA&quot;,&quot;HR&quot;,&quot;ME&quot;,&quot;MK&quot;,&quot;RS&quot;,&quot;SI&quot;,&quot;KR&quot;,&quot;BD&quot;,&quot;PK&quot;,&quot;LK&quot;,&quot;GH&quot;,&quot;KE&quot;,&quot;NG&quot;,&quot;TZ&quot;,&quot;UG&quot;,&quot;AG&quot;,&quot;AM&quot;,&quot;BS&quot;,&quot;BB&quot;,&quot;BZ&quot;,&quot;BT&quot;,&quot;BW&quot;,&quot;BF&quot;,&quot;CV&quot;,&quot;CW&quot;,&quot;DM&quot;,&quot;FJ&quot;,&quot;GM&quot;,&quot;GE&quot;,&quot;GD&quot;,&quot;GW&quot;,&quot;GY&quot;,&quot;HT&quot;,&quot;JM&quot;,&quot;KI&quot;,&quot;LS&quot;,&quot;LR&quot;,&quot;MW&quot;,&quot;MV&quot;,&quot;ML&quot;,&quot;MH&quot;,&quot;FM&quot;,&quot;NA&quot;,&quot;NR&quot;,&quot;NE&quot;,&quot;PW&quot;,&quot;PG&quot;,&quot;WS&quot;,&quot;SM&quot;,&quot;ST&quot;,&quot;SN&quot;,&quot;SC&quot;,&quot;SL&quot;,&quot;SB&quot;,&quot;KN&quot;,&quot;LC&quot;,&quot;VC&quot;,&quot;SR&quot;,&quot;TL&quot;,&quot;TO&quot;,&quot;TT&quot;,&quot;TV&quot;,&quot;VU&quot;,&quot;AZ&quot;,&quot;BN&quot;,&quot;BI&quot;,&quot;KH&quot;,&quot;CM&quot;,&quot;TD&quot;,&quot;KM&quot;,&quot;GQ&quot;,&quot;SZ&quot;,&quot;GA&quot;,&quot;GN&quot;,&quot;KG&quot;,&quot;LA&quot;,&quot;MO&quot;,&quot;MR&quot;,&quot;MN&quot;,&quot;NP&quot;,&quot;RW&quot;,&quot;TG&quot;,&quot;UZ&quot;,&quot;ZW&quot;,&quot;BJ&quot;,&quot;MG&quot;,&quot;MU&quot;,&quot;MZ&quot;,&quot;AO&quot;,&quot;CI&quot;,&quot;DJ&quot;,&quot;ZM&quot;,&quot;CD&quot;,&quot;CG&quot;,&quot;IQ&quot;,&quot;LY&quot;,&quot;TJ&quot;,&quot;VE&quot;,&quot;ET&quot;,&quot;XK&quot;],&quot;disc_number&quot;:1,&quot;duration_ms&quot;:334346,&quot;explicit&quot;:false,&quot;external_urls&quot;:{&quot;spotify&quot;:&quot;https://open.spotify.com/track/2EyK6JBWqftJlxAuqd0Dsq&quot;},&quot;href&quot;:&quot;https://api.spotify.com/v1/tracks/2EyK6JBWqftJlxAuqd0Dsq&quot;,&quot;id&quot;:&quot;2EyK6JBWqftJlxAuqd0Dsq&quot;,&quot;name&quot;:&quot;Adagio for TRON - Remixed by Teddybears&quot;,&quot;preview_url&quot;:null,&quot;track_number&quot;:4,&quot;type&quot;:&quot;track&quot;,&quot;uri&quot;:&quot;spotify:track:2EyK6JBWqftJlxAuqd0Dsq&quot;,&quot;is_local&quot;:false},{&quot;artists&quot;:[{&quot;external_urls&quot;:{&quot;spotify&quot;:&quot;https://open.spotify.com/artist/4tZwfgrHOc3mvqYlEYSvVi&quot;},&quot;href&quot;:&quot;https://api.spotify.com/v1/artists/4tZwfgrHOc3mvqYlEYSvVi&quot;,&quot;id&quot;:&quot;4tZwfgrHOc3mvqYlEYSvVi&quot;,&quot;name&quot;:&quot;Daft Punk&quot;,&quot;type&quot;:&quot;artist&quot;,&quot;uri&quot;:&quot;spotify:artist:4tZwfgrHOc3mvqYlEYSvVi&quot;},{&quot;external_urls&quot;:{&quot;spotify&quot;:&quot;https://open.spotify.com/artist/1mB4aweE1XGdjbFVFC8i5m&quot;},&quot;href&quot;:&quot;https://api.spotify.com/v1/artists/1mB4aweE1XGdjbFVFC8i5m&quot;,&quot;id&quot;:&quot;1mB4aweE1XGdjbFVFC8i5m&quot;,&quot;name&quot;:&quot;Ki:Theory&quot;,&quot;type&quot;:&quot;artist&quot;,&quot;uri&quot;:&quot;spotify:artist:1mB4aweE1XGdjbFVFC8i5m&quot;}],&quot;available_markets&quot;:[&quot;AR&quot;,&quot;AU&quot;,&quot;AT&quot;,&quot;BE&quot;,&quot;BO&quot;,&quot;BR&quot;,&quot;BG&quot;,&quot;CA&quot;,&quot;CL&quot;,&quot;CO&quot;,&quot;CR&quot;,&quot;CY&quot;,&quot;CZ&quot;,&quot;DK&quot;,&quot;DO&quot;,&quot;DE&quot;,&quot;EC&quot;,&quot;EE&quot;,&quot;SV&quot;,&quot;FI&quot;,&quot;FR&quot;,&quot;GR&quot;,&quot;GT&quot;,&quot;HN&quot;,&quot;HK&quot;,&quot;HU&quot;,&quot;IS&quot;,&quot;IE&quot;,&quot;IT&quot;,&quot;LV&quot;,&quot;LT&quot;,&quot;LU&quot;,&quot;MY&quot;,&quot;MT&quot;,&quot;MX&quot;,&quot;NL&quot;,&quot;NZ&quot;,&quot;NI&quot;,&quot;NO&quot;,&quot;PA&quot;,&quot;PY&quot;,&quot;PE&quot;,&quot;PH&quot;,&quot;PL&quot;,&quot;PT&quot;,&quot;SG&quot;,&quot;SK&quot;,&quot;ES&quot;,&quot;SE&quot;,&quot;CH&quot;,&quot;TW&quot;,&quot;TR&quot;,&quot;UY&quot;,&quot;US&quot;,&quot;GB&quot;,&quot;AD&quot;,&quot;LI&quot;,&quot;MC&quot;,&quot;ID&quot;,&quot;JP&quot;,&quot;TH&quot;,&quot;VN&quot;,&quot;RO&quot;,&quot;IL&quot;,&quot;ZA&quot;,&quot;SA&quot;,&quot;AE&quot;,&quot;BH&quot;,&quot;QA&quot;,&quot;OM&quot;,&quot;KW&quot;,&quot;EG&quot;,&quot;MA&quot;,&quot;DZ&quot;,&quot;TN&quot;,&quot;LB&quot;,&quot;JO&quot;,&quot;PS&quot;,&quot;IN&quot;,&quot;KZ&quot;,&quot;MD&quot;,&quot;UA&quot;,&quot;AL&quot;,&quot;BA&quot;,&quot;HR&quot;,&quot;ME&quot;,&quot;MK&quot;,&quot;RS&quot;,&quot;SI&quot;,&quot;KR&quot;,&quot;BD&quot;,&quot;PK&quot;,&quot;LK&quot;,&quot;GH&quot;,&quot;KE&quot;,&quot;NG&quot;,&quot;TZ&quot;,&quot;UG&quot;,&quot;AG&quot;,&quot;AM&quot;,&quot;BS&quot;,&quot;BB&quot;,&quot;BZ&quot;,&quot;BT&quot;,&quot;BW&quot;,&quot;BF&quot;,&quot;CV&quot;,&quot;CW&quot;,&quot;DM&quot;,&quot;FJ&quot;,&quot;GM&quot;,&quot;GE&quot;,&quot;GD&quot;,&quot;GW&quot;,&quot;GY&quot;,&quot;HT&quot;,&quot;JM&quot;,&quot;KI&quot;,&quot;LS&quot;,&quot;LR&quot;,&quot;MW&quot;,&quot;MV&quot;,&quot;ML&quot;,&quot;MH&quot;,&quot;FM&quot;,&quot;NA&quot;,&quot;NR&quot;,&quot;NE&quot;,&quot;PW&quot;,&quot;PG&quot;,&quot;WS&quot;,&quot;SM&quot;,&quot;ST&quot;,&quot;SN&quot;,&quot;SC&quot;,&quot;SL&quot;,&quot;SB&quot;,&quot;KN&quot;,&quot;LC&quot;,&quot;VC&quot;,&quot;SR&quot;,&quot;TL&quot;,&quot;TO&quot;,&quot;TT&quot;,&quot;TV&quot;,&quot;VU&quot;,&quot;AZ&quot;,&quot;BN&quot;,&quot;BI&quot;,&quot;KH&quot;,&quot;CM&quot;,&quot;TD&quot;,&quot;KM&quot;,&quot;GQ&quot;,&quot;SZ&quot;,&quot;GA&quot;,&quot;GN&quot;,&quot;KG&quot;,&quot;LA&quot;,&quot;MO&quot;,&quot;MR&quot;,&quot;MN&quot;,&quot;NP&quot;,&quot;RW&quot;,&quot;TG&quot;,&quot;UZ&quot;,&quot;ZW&quot;,&quot;BJ&quot;,&quot;MG&quot;,&quot;MU&quot;,&quot;MZ&quot;,&quot;AO&quot;,&quot;CI&quot;,&quot;DJ&quot;,&quot;ZM&quot;,&quot;CD&quot;,&quot;CG&quot;,&quot;IQ&quot;,&quot;LY&quot;,&quot;TJ&quot;,&quot;VE&quot;,&quot;ET&quot;,&quot;XK&quot;],&quot;disc_number&quot;:1,&quot;duration_ms&quot;:291506,&quot;explicit&quot;:false,&quot;external_urls&quot;:{&quot;spotify&quot;:&quot;https://open.spotify.com/track/1TT6gRprLQ5vSWgoWpyKfR&quot;},&quot;href&quot;:&quot;https://api.spotify.com/v1/tracks/1TT6gRprLQ5vSWgoWpyKfR&quot;,&quot;id&quot;:&quot;1TT6gRprLQ5vSWgoWpyKfR&quot;,&quot;name&quot;:&quot;The Son of Flynn - Remixed by Ki:Theory&quot;,&quot;preview_url&quot;:null,&quot;track_number&quot;:5,&quot;type&quot;:&quot;track&quot;,&quot;uri&quot;:&quot;spotify:track:1TT6gRprLQ5vSWgoWpyKfR&quot;,&quot;is_local&quot;:false},{&quot;artists&quot;:[{&quot;external_urls&quot;:{&quot;spotify&quot;:&quot;https://open.spotify.com/artist/4tZwfgrHOc3mvqYlEYSvVi&quot;},&quot;href&quot;:&quot;https://api.spotify.com/v1/artists/4tZwfgrHOc3mvqYlEYSvVi&quot;,&quot;id&quot;:&quot;4tZwfgrHOc3mvqYlEYSvVi&quot;,&quot;name&quot;:&quot;Daft Punk&quot;,&quot;type&quot;:&quot;artist&quot;,&quot;uri&quot;:&quot;spotify:artist:4tZwfgrHOc3mvqYlEYSvVi&quot;},{&quot;external_urls&quot;:{&quot;spotify&quot;:&quot;https://open.spotify.com/artist/5MO2kbaGGA2a8kL4c9qqHq&quot;},&quot;href&quot;:&quot;https://api.spotify.com/v1/artists/5MO2kbaGGA2a8kL4c9qqHq&quot;,&quot;id&quot;:&quot;5MO2kbaGGA2a8kL4c9qqHq&quot;,&quot;name&quot;:&quot;Paul Oakenfold&quot;,&quot;type&quot;:&quot;artist&quot;,&quot;uri&quot;:&quot;spotify:artist:5MO2kbaGGA2a8kL4c9qqHq&quot;}],&quot;available_markets&quot;:[&quot;AR&quot;,&quot;AU&quot;,&quot;AT&quot;,&quot;BE&quot;,&quot;BO&quot;,&quot;BR&quot;,&quot;BG&quot;,&quot;CA&quot;,&quot;CL&quot;,&quot;CO&quot;,&quot;CR&quot;,&quot;CY&quot;,&quot;CZ&quot;,&quot;DK&quot;,&quot;DO&quot;,&quot;DE&quot;,&quot;EC&quot;,&quot;EE&quot;,&quot;SV&quot;,&quot;FI&quot;,&quot;FR&quot;,&quot;GR&quot;,&quot;GT&quot;,&quot;HN&quot;,&quot;HK&quot;,&quot;HU&quot;,&quot;IS&quot;,&quot;IE&quot;,&quot;IT&quot;,&quot;LV&quot;,&quot;LT&quot;,&quot;LU&quot;,&quot;MY&quot;,&quot;MT&quot;,&quot;MX&quot;,&quot;NL&quot;,&quot;NZ&quot;,&quot;NI&quot;,&quot;NO&quot;,&quot;PA&quot;,&quot;PY&quot;,&quot;PE&quot;,&quot;PH&quot;,&quot;PL&quot;,&quot;PT&quot;,&quot;SG&quot;,&quot;SK&quot;,&quot;ES&quot;,&quot;SE&quot;,&quot;CH&quot;,&quot;TW&quot;,&quot;TR&quot;,&quot;UY&quot;,&quot;US&quot;,&quot;GB&quot;,&quot;AD&quot;,&quot;LI&quot;,&quot;MC&quot;,&quot;ID&quot;,&quot;JP&quot;,&quot;TH&quot;,&quot;VN&quot;,&quot;RO&quot;,&quot;IL&quot;,&quot;ZA&quot;,&quot;SA&quot;,&quot;AE&quot;,&quot;BH&quot;,&quot;QA&quot;,&quot;OM&quot;,&quot;KW&quot;,&quot;EG&quot;,&quot;MA&quot;,&quot;DZ&quot;,&quot;TN&quot;,&quot;LB&quot;,&quot;JO&quot;,&quot;PS&quot;,&quot;IN&quot;,&quot;KZ&quot;,&quot;MD&quot;,&quot;UA&quot;,&quot;AL&quot;,&quot;BA&quot;,&quot;HR&quot;,&quot;ME&quot;,&quot;MK&quot;,&quot;RS&quot;,&quot;SI&quot;,&quot;KR&quot;,&quot;BD&quot;,&quot;PK&quot;,&quot;LK&quot;,&quot;GH&quot;,&quot;KE&quot;,&quot;NG&quot;,&quot;TZ&quot;,&quot;UG&quot;,&quot;AG&quot;,&quot;AM&quot;,&quot;BS&quot;,&quot;BB&quot;,&quot;BZ&quot;,&quot;BT&quot;,&quot;BW&quot;,&quot;BF&quot;,&quot;CV&quot;,&quot;CW&quot;,&quot;DM&quot;,&quot;FJ&quot;,&quot;GM&quot;,&quot;GE&quot;,&quot;GD&quot;,&quot;GW&quot;,&quot;GY&quot;,&quot;HT&quot;,&quot;JM&quot;,&quot;KI&quot;,&quot;LS&quot;,&quot;LR&quot;,&quot;MW&quot;,&quot;MV&quot;,&quot;ML&quot;,&quot;MH&quot;,&quot;FM&quot;,&quot;NA&quot;,&quot;NR&quot;,&quot;NE&quot;,&quot;PW&quot;,&quot;PG&quot;,&quot;WS&quot;,&quot;SM&quot;,&quot;ST&quot;,&quot;SN&quot;,&quot;SC&quot;,&quot;SL&quot;,&quot;SB&quot;,&quot;KN&quot;,&quot;LC&quot;,&quot;VC&quot;,&quot;SR&quot;,&quot;TL&quot;,&quot;TO&quot;,&quot;TT&quot;,&quot;TV&quot;,&quot;VU&quot;,&quot;AZ&quot;,&quot;BN&quot;,&quot;BI&quot;,&quot;KH&quot;,&quot;CM&quot;,&quot;TD&quot;,&quot;KM&quot;,&quot;GQ&quot;,&quot;SZ&quot;,&quot;GA&quot;,&quot;GN&quot;,&quot;KG&quot;,&quot;LA&quot;,&quot;MO&quot;,&quot;MR&quot;,&quot;MN&quot;,&quot;NP&quot;,&quot;RW&quot;,&quot;TG&quot;,&quot;UZ&quot;,&quot;ZW&quot;,&quot;BJ&quot;,&quot;MG&quot;,&quot;MU&quot;,&quot;MZ&quot;,&quot;AO&quot;,&quot;CI&quot;,&quot;DJ&quot;,&quot;ZM&quot;,&quot;CD&quot;,&quot;CG&quot;,&quot;IQ&quot;,&quot;LY&quot;,&quot;TJ&quot;,&quot;VE&quot;,&quot;ET&quot;,&quot;XK&quot;],&quot;disc_number&quot;:1,&quot;duration_ms&quot;:275266,&quot;explicit&quot;:false,&quot;external_urls&quot;:{&quot;spotify&quot;:&quot;https://open.spotify.com/track/6hEvTmmvby9ZTkSdfmPW3m&quot;},&quot;href&quot;:&quot;https://api.spotify.com/v1/tracks/6hEvTmmvby9ZTkSdfmPW3m&quot;,&quot;id&quot;:&quot;6hEvTmmvby9ZTkSdfmPW3m&quot;,&quot;name&quot;:&quot;C.L.U. - Remixed by Paul Oakenfold&quot;,&quot;preview_url&quot;:null,&quot;track_number&quot;:6,&quot;type&quot;:&quot;track&quot;,&quot;uri&quot;:&quot;spotify:track:6hEvTmmvby9ZTkSdfmPW3m&quot;,&quot;is_local&quot;:false},{&quot;artists&quot;:[{&quot;external_urls&quot;:{&quot;spotify&quot;:&quot;https://open.spotify.com/artist/4tZwfgrHOc3mvqYlEYSvVi&quot;},&quot;href&quot;:&quot;https://api.spotify.com/v1/artists/4tZwfgrHOc3mvqYlEYSvVi&quot;,&quot;id&quot;:&quot;4tZwfgrHOc3mvqYlEYSvVi&quot;,&quot;name&quot;:&quot;Daft Punk&quot;,&quot;type&quot;:&quot;artist&quot;,&quot;uri&quot;:&quot;spotify:artist:4tZwfgrHOc3mvqYlEYSvVi&quot;},{&quot;external_urls&quot;:{&quot;spotify&quot;:&quot;https://open.spotify.com/artist/3OsRAKCvk37zwYcnzRf5XF&quot;},&quot;href&quot;:&quot;https://api.spotify.com/v1/artists/3OsRAKCvk37zwYcnzRf5XF&quot;,&quot;id&quot;:&quot;3OsRAKCvk37zwYcnzRf5XF&quot;,&quot;name&quot;:&quot;Moby&quot;,&quot;type&quot;:&quot;artist&quot;,&quot;uri&quot;:&quot;spotify:artist:3OsRAKCvk37zwYcnzRf5XF&quot;}],&quot;available_markets&quot;:[&quot;AR&quot;,&quot;AU&quot;,&quot;AT&quot;,&quot;BE&quot;,&quot;BO&quot;,&quot;BR&quot;,&quot;BG&quot;,&quot;CA&quot;,&quot;CL&quot;,&quot;CO&quot;,&quot;CR&quot;,&quot;CY&quot;,&quot;CZ&quot;,&quot;DK&quot;,&quot;DO&quot;,&quot;DE&quot;,&quot;EC&quot;,&quot;EE&quot;,&quot;SV&quot;,&quot;FI&quot;,&quot;FR&quot;,&quot;GR&quot;,&quot;GT&quot;,&quot;HN&quot;,&quot;HK&quot;,&quot;HU&quot;,&quot;IS&quot;,&quot;IE&quot;,&quot;IT&quot;,&quot;LV&quot;,&quot;LT&quot;,&quot;LU&quot;,&quot;MY&quot;,&quot;MT&quot;,&quot;MX&quot;,&quot;NL&quot;,&quot;NZ&quot;,&quot;NI&quot;,&quot;NO&quot;,&quot;PA&quot;,&quot;PY&quot;,&quot;PE&quot;,&quot;PH&quot;,&quot;PL&quot;,&quot;PT&quot;,&quot;SG&quot;,&quot;SK&quot;,&quot;ES&quot;,&quot;SE&quot;,&quot;CH&quot;,&quot;TW&quot;,&quot;TR&quot;,&quot;UY&quot;,&quot;US&quot;,&quot;GB&quot;,&quot;AD&quot;,&quot;LI&quot;,&quot;MC&quot;,&quot;ID&quot;,&quot;JP&quot;,&quot;TH&quot;,&quot;VN&quot;,&quot;RO&quot;,&quot;IL&quot;,&quot;ZA&quot;,&quot;SA&quot;,&quot;AE&quot;,&quot;BH&quot;,&quot;QA&quot;,&quot;OM&quot;,&quot;KW&quot;,&quot;EG&quot;,&quot;MA&quot;,&quot;DZ&quot;,&quot;TN&quot;,&quot;LB&quot;,&quot;JO&quot;,&quot;PS&quot;,&quot;IN&quot;,&quot;KZ&quot;,&quot;MD&quot;,&quot;UA&quot;,&quot;AL&quot;,&quot;BA&quot;,&quot;HR&quot;,&quot;ME&quot;,&quot;MK&quot;,&quot;RS&quot;,&quot;SI&quot;,&quot;KR&quot;,&quot;BD&quot;,&quot;PK&quot;,&quot;LK&quot;,&quot;GH&quot;,&quot;KE&quot;,&quot;NG&quot;,&quot;TZ&quot;,&quot;UG&quot;,&quot;AG&quot;,&quot;AM&quot;,&quot;BS&quot;,&quot;BB&quot;,&quot;BZ&quot;,&quot;BT&quot;,&quot;BW&quot;,&quot;BF&quot;,&quot;CV&quot;,&quot;CW&quot;,&quot;DM&quot;,&quot;FJ&quot;,&quot;GM&quot;,&quot;GE&quot;,&quot;GD&quot;,&quot;GW&quot;,&quot;GY&quot;,&quot;HT&quot;,&quot;JM&quot;,&quot;KI&quot;,&quot;LS&quot;,&quot;LR&quot;,&quot;MW&quot;,&quot;MV&quot;,&quot;ML&quot;,&quot;MH&quot;,&quot;FM&quot;,&quot;NA&quot;,&quot;NR&quot;,&quot;NE&quot;,&quot;PW&quot;,&quot;PG&quot;,&quot;WS&quot;,&quot;SM&quot;,&quot;ST&quot;,&quot;SN&quot;,&quot;SC&quot;,&quot;SL&quot;,&quot;SB&quot;,&quot;KN&quot;,&quot;LC&quot;,&quot;VC&quot;,&quot;SR&quot;,&quot;TL&quot;,&quot;TO&quot;,&quot;TT&quot;,&quot;TV&quot;,&quot;VU&quot;,&quot;AZ&quot;,&quot;BN&quot;,&quot;BI&quot;,&quot;KH&quot;,&quot;CM&quot;,&quot;TD&quot;,&quot;KM&quot;,&quot;GQ&quot;,&quot;SZ&quot;,&quot;GA&quot;,&quot;GN&quot;,&quot;KG&quot;,&quot;LA&quot;,&quot;MO&quot;,&quot;MR&quot;,&quot;MN&quot;,&quot;NP&quot;,&quot;RW&quot;,&quot;TG&quot;,&quot;UZ&quot;,&quot;ZW&quot;,&quot;BJ&quot;,&quot;MG&quot;,&quot;MU&quot;,&quot;MZ&quot;,&quot;AO&quot;,&quot;CI&quot;,&quot;DJ&quot;,&quot;ZM&quot;,&quot;CD&quot;,&quot;CG&quot;,&quot;IQ&quot;,&quot;LY&quot;,&quot;TJ&quot;,&quot;VE&quot;,&quot;ET&quot;,&quot;XK&quot;],&quot;disc_number&quot;:1,&quot;duration_ms&quot;:392293,&quot;explicit&quot;:false,&quot;external_urls&quot;:{&quot;spotify&quot;:&quot;https://open.spotify.com/track/03uOJUuuTgaFFI1Efal1no&quot;},&quot;href&quot;:&quot;https://api.spotify.com/v1/tracks/03uOJUuuTgaFFI1Efal1no&quot;,&quot;id&quot;:&quot;03uOJUuuTgaFFI1Efal1no&quot;,&quot;name&quot;:&quot;The Son of Flynn - Remixed by Moby&quot;,&quot;preview_url&quot;:null,&quot;track_number&quot;:7,&quot;type&quot;:&quot;track&quot;,&quot;uri&quot;:&quot;spotify:track:03uOJUuuTgaFFI1Efal1no&quot;,&quot;is_local&quot;:false},{&quot;artists&quot;:[{&quot;external_urls&quot;:{&quot;spotify&quot;:&quot;https://open.spotify.com/artist/4tZwfgrHOc3mvqYlEYSvVi&quot;},&quot;href&quot;:&quot;https://api.spotify.com/v1/artists/4tZwfgrHOc3mvqYlEYSvVi&quot;,&quot;id&quot;:&quot;4tZwfgrHOc3mvqYlEYSvVi&quot;,&quot;name&quot;:&quot;Daft Punk&quot;,&quot;type&quot;:&quot;artist&quot;,&quot;uri&quot;:&quot;spotify:artist:4tZwfgrHOc3mvqYlEYSvVi&quot;},{&quot;external_urls&quot;:{&quot;spotify&quot;:&quot;https://open.spotify.com/artist/62k5LKMhymqlDNo2DWOvvv&quot;},&quot;href&quot;:&quot;https://api.spotify.com/v1/artists/62k5LKMhymqlDNo2DWOvvv&quot;,&quot;id&quot;:&quot;62k5LKMhymqlDNo2DWOvvv&quot;,&quot;name&quot;:&quot;Boys Noize&quot;,&quot;type&quot;:&quot;artist&quot;,&quot;uri&quot;:&quot;spotify:artist:62k5LKMhymqlDNo2DWOvvv&quot;}],&quot;available_markets&quot;:[&quot;AR&quot;,&quot;AU&quot;,&quot;AT&quot;,&quot;BE&quot;,&quot;BO&quot;,&quot;BR&quot;,&quot;BG&quot;,&quot;CA&quot;,&quot;CL&quot;,&quot;CO&quot;,&quot;CR&quot;,&quot;CY&quot;,&quot;CZ&quot;,&quot;DK&quot;,&quot;DO&quot;,&quot;DE&quot;,&quot;EC&quot;,&quot;EE&quot;,&quot;SV&quot;,&quot;FI&quot;,&quot;FR&quot;,&quot;GR&quot;,&quot;GT&quot;,&quot;HN&quot;,&quot;HK&quot;,&quot;HU&quot;,&quot;IS&quot;,&quot;IE&quot;,&quot;IT&quot;,&quot;LV&quot;,&quot;LT&quot;,&quot;LU&quot;,&quot;MY&quot;,&quot;MT&quot;,&quot;MX&quot;,&quot;NL&quot;,&quot;NZ&quot;,&quot;NI&quot;,&quot;NO&quot;,&quot;PA&quot;,&quot;PY&quot;,&quot;PE&quot;,&quot;PH&quot;,&quot;PL&quot;,&quot;PT&quot;,&quot;SG&quot;,&quot;SK&quot;,&quot;ES&quot;,&quot;SE&quot;,&quot;CH&quot;,&quot;TW&quot;,&quot;TR&quot;,&quot;UY&quot;,&quot;US&quot;,&quot;GB&quot;,&quot;AD&quot;,&quot;LI&quot;,&quot;MC&quot;,&quot;ID&quot;,&quot;JP&quot;,&quot;TH&quot;,&quot;VN&quot;,&quot;RO&quot;,&quot;IL&quot;,&quot;ZA&quot;,&quot;SA&quot;,&quot;AE&quot;,&quot;BH&quot;,&quot;QA&quot;,&quot;OM&quot;,&quot;KW&quot;,&quot;EG&quot;,&quot;MA&quot;,&quot;DZ&quot;,&quot;TN&quot;,&quot;LB&quot;,&quot;JO&quot;,&quot;PS&quot;,&quot;IN&quot;,&quot;KZ&quot;,&quot;MD&quot;,&quot;UA&quot;,&quot;AL&quot;,&quot;BA&quot;,&quot;HR&quot;,&quot;ME&quot;,&quot;MK&quot;,&quot;RS&quot;,&quot;SI&quot;,&quot;KR&quot;,&quot;BD&quot;,&quot;PK&quot;,&quot;LK&quot;,&quot;GH&quot;,&quot;KE&quot;,&quot;NG&quot;,&quot;TZ&quot;,&quot;UG&quot;,&quot;AG&quot;,&quot;AM&quot;,&quot;BS&quot;,&quot;BB&quot;,&quot;BZ&quot;,&quot;BT&quot;,&quot;BW&quot;,&quot;BF&quot;,&quot;CV&quot;,&quot;CW&quot;,&quot;DM&quot;,&quot;FJ&quot;,&quot;GM&quot;,&quot;GE&quot;,&quot;GD&quot;,&quot;GW&quot;,&quot;GY&quot;,&quot;HT&quot;,&quot;JM&quot;,&quot;KI&quot;,&quot;LS&quot;,&quot;LR&quot;,&quot;MW&quot;,&quot;MV&quot;,&quot;ML&quot;,&quot;MH&quot;,&quot;FM&quot;,&quot;NA&quot;,&quot;NR&quot;,&quot;NE&quot;,&quot;PW&quot;,&quot;PG&quot;,&quot;WS&quot;,&quot;SM&quot;,&quot;ST&quot;,&quot;SN&quot;,&quot;SC&quot;,&quot;SL&quot;,&quot;SB&quot;,&quot;KN&quot;,&quot;LC&quot;,&quot;VC&quot;,&quot;SR&quot;,&quot;TL&quot;,&quot;TO&quot;,&quot;TT&quot;,&quot;TV&quot;,&quot;VU&quot;,&quot;AZ&quot;,&quot;BN&quot;,&quot;BI&quot;,&quot;KH&quot;,&quot;CM&quot;,&quot;TD&quot;,&quot;KM&quot;,&quot;GQ&quot;,&quot;SZ&quot;,&quot;GA&quot;,&quot;GN&quot;,&quot;KG&quot;,&quot;LA&quot;,&quot;MO&quot;,&quot;MR&quot;,&quot;MN&quot;,&quot;NP&quot;,&quot;RW&quot;,&quot;TG&quot;,&quot;UZ&quot;,&quot;ZW&quot;,&quot;BJ&quot;,&quot;MG&quot;,&quot;MU&quot;,&quot;MZ&quot;,&quot;AO&quot;,&quot;CI&quot;,&quot;DJ&quot;,&quot;ZM&quot;,&quot;CD&quot;,&quot;CG&quot;,&quot;IQ&quot;,&quot;LY&quot;,&quot;TJ&quot;,&quot;VE&quot;,&quot;ET&quot;,&quot;XK&quot;],&quot;disc_number&quot;:1,&quot;duration_ms&quot;:340186,&quot;explicit&quot;:false,&quot;external_urls&quot;:{&quot;spotify&quot;:&quot;https://open.spotify.com/track/3YYnfKM02WkygOwg6ozfrL&quot;},&quot;href&quot;:&quot;https://api.spotify.com/v1/tracks/3YYnfKM02WkygOwg6ozfrL&quot;,&quot;id&quot;:&quot;3YYnfKM02WkygOwg6ozfrL&quot;,&quot;name&quot;:&quot;End of Line - Remixed by Boys Noize&quot;,&quot;preview_url&quot;:null,&quot;track_number&quot;:8,&quot;type&quot;:&quot;track&quot;,&quot;uri&quot;:&quot;spotify:track:3YYnfKM02WkygOwg6ozfrL&quot;,&quot;is_local&quot;:false},{&quot;artists&quot;:[{&quot;external_urls&quot;:{&quot;spotify&quot;:&quot;https://open.spotify.com/artist/4tZwfgrHOc3mvqYlEYSvVi&quot;},&quot;href&quot;:&quot;https://api.spotify.com/v1/artists/4tZwfgrHOc3mvqYlEYSvVi&quot;,&quot;id&quot;:&quot;4tZwfgrHOc3mvqYlEYSvVi&quot;,&quot;name&quot;:&quot;Daft Punk&quot;,&quot;type&quot;:&quot;artist&quot;,&quot;uri&quot;:&quot;spotify:artist:4tZwfgrHOc3mvqYlEYSvVi&quot;},{&quot;external_urls&quot;:{&quot;spotify&quot;:&quot;https://open.spotify.com/artist/6TQj5BFPooTa08A7pk8AQ1&quot;},&quot;href&quot;:&quot;https://api.spotify.com/v1/artists/6TQj5BFPooTa08A7pk8AQ1&quot;,&quot;id&quot;:&quot;6TQj5BFPooTa08A7pk8AQ1&quot;,&quot;name&quot;:&quot;Kaskade&quot;,&quot;type&quot;:&quot;artist&quot;,&quot;uri&quot;:&quot;spotify:artist:6TQj5BFPooTa08A7pk8AQ1&quot;}],&quot;available_markets&quot;:[&quot;AR&quot;,&quot;AU&quot;,&quot;AT&quot;,&quot;BE&quot;,&quot;BO&quot;,&quot;BR&quot;,&quot;BG&quot;,&quot;CA&quot;,&quot;CL&quot;,&quot;CO&quot;,&quot;CR&quot;,&quot;CY&quot;,&quot;CZ&quot;,&quot;DK&quot;,&quot;DO&quot;,&quot;DE&quot;,&quot;EC&quot;,&quot;EE&quot;,&quot;SV&quot;,&quot;FI&quot;,&quot;FR&quot;,&quot;GR&quot;,&quot;GT&quot;,&quot;HN&quot;,&quot;HK&quot;,&quot;HU&quot;,&quot;IS&quot;,&quot;IE&quot;,&quot;IT&quot;,&quot;LV&quot;,&quot;LT&quot;,&quot;LU&quot;,&quot;MY&quot;,&quot;MT&quot;,&quot;MX&quot;,&quot;NL&quot;,&quot;NZ&quot;,&quot;NI&quot;,&quot;NO&quot;,&quot;PA&quot;,&quot;PY&quot;,&quot;PE&quot;,&quot;PH&quot;,&quot;PL&quot;,&quot;PT&quot;,&quot;SG&quot;,&quot;SK&quot;,&quot;ES&quot;,&quot;SE&quot;,&quot;CH&quot;,&quot;TW&quot;,&quot;TR&quot;,&quot;UY&quot;,&quot;US&quot;,&quot;GB&quot;,&quot;AD&quot;,&quot;LI&quot;,&quot;MC&quot;,&quot;ID&quot;,&quot;JP&quot;,&quot;TH&quot;,&quot;VN&quot;,&quot;RO&quot;,&quot;IL&quot;,&quot;ZA&quot;,&quot;SA&quot;,&quot;AE&quot;,&quot;BH&quot;,&quot;QA&quot;,&quot;OM&quot;,&quot;KW&quot;,&quot;EG&quot;,&quot;MA&quot;,&quot;DZ&quot;,&quot;TN&quot;,&quot;LB&quot;,&quot;JO&quot;,&quot;PS&quot;,&quot;IN&quot;,&quot;KZ&quot;,&quot;MD&quot;,&quot;UA&quot;,&quot;AL&quot;,&quot;BA&quot;,&quot;HR&quot;,&quot;ME&quot;,&quot;MK&quot;,&quot;RS&quot;,&quot;SI&quot;,&quot;KR&quot;,&quot;BD&quot;,&quot;PK&quot;,&quot;LK&quot;,&quot;GH&quot;,&quot;KE&quot;,&quot;NG&quot;,&quot;TZ&quot;,&quot;UG&quot;,&quot;AG&quot;,&quot;AM&quot;,&quot;BS&quot;,&quot;BB&quot;,&quot;BZ&quot;,&quot;BT&quot;,&quot;BW&quot;,&quot;BF&quot;,&quot;CV&quot;,&quot;CW&quot;,&quot;DM&quot;,&quot;FJ&quot;,&quot;GM&quot;,&quot;GE&quot;,&quot;GD&quot;,&quot;GW&quot;,&quot;GY&quot;,&quot;HT&quot;,&quot;JM&quot;,&quot;KI&quot;,&quot;LS&quot;,&quot;LR&quot;,&quot;MW&quot;,&quot;MV&quot;,&quot;ML&quot;,&quot;MH&quot;,&quot;FM&quot;,&quot;NA&quot;,&quot;NR&quot;,&quot;NE&quot;,&quot;PW&quot;,&quot;PG&quot;,&quot;WS&quot;,&quot;SM&quot;,&quot;ST&quot;,&quot;SN&quot;,&quot;SC&quot;,&quot;SL&quot;,&quot;SB&quot;,&quot;KN&quot;,&quot;LC&quot;,&quot;VC&quot;,&quot;SR&quot;,&quot;TL&quot;,&quot;TO&quot;,&quot;TT&quot;,&quot;TV&quot;,&quot;VU&quot;,&quot;AZ&quot;,&quot;BN&quot;,&quot;BI&quot;,&quot;KH&quot;,&quot;CM&quot;,&quot;TD&quot;,&quot;KM&quot;,&quot;GQ&quot;,&quot;SZ&quot;,&quot;GA&quot;,&quot;GN&quot;,&quot;KG&quot;,&quot;LA&quot;,&quot;MO&quot;,&quot;MR&quot;,&quot;MN&quot;,&quot;NP&quot;,&quot;RW&quot;,&quot;TG&quot;,&quot;UZ&quot;,&quot;ZW&quot;,&quot;BJ&quot;,&quot;MG&quot;,&quot;MU&quot;,&quot;MZ&quot;,&quot;AO&quot;,&quot;CI&quot;,&quot;DJ&quot;,&quot;ZM&quot;,&quot;CD&quot;,&quot;CG&quot;,&quot;IQ&quot;,&quot;LY&quot;,&quot;TJ&quot;,&quot;VE&quot;,&quot;ET&quot;,&quot;XK&quot;],&quot;disc_number&quot;:1,&quot;duration_ms&quot;:412440,&quot;explicit&quot;:false,&quot;external_urls&quot;:{&quot;spotify&quot;:&quot;https://open.spotify.com/track/2jFLd9OdNcLsblpv4fDTRn&quot;},&quot;href&quot;:&quot;https://api.spotify.com/v1/tracks/2jFLd9OdNcLsblpv4fDTRn&quot;,&quot;id&quot;:&quot;2jFLd9OdNcLsblpv4fDTRn&quot;,&quot;name&quot;:&quot;Rinzler - Remixed by Kaskade&quot;,&quot;preview_url&quot;:null,&quot;track_number&quot;:9,&quot;type&quot;:&quot;track&quot;,&quot;uri&quot;:&quot;spotify:track:2jFLd9OdNcLsblpv4fDTRn&quot;,&quot;is_local&quot;:false},{&quot;artists&quot;:[{&quot;external_urls&quot;:{&quot;spotify&quot;:&quot;https://open.spotify.com/artist/4tZwfgrHOc3mvqYlEYSvVi&quot;},&quot;href&quot;:&quot;https://api.spotify.com/v1/artists/4tZwfgrHOc3mvqYlEYSvVi&quot;,&quot;id&quot;:&quot;4tZwfgrHOc3mvqYlEYSvVi&quot;,&quot;name&quot;:&quot;Daft Punk&quot;,&quot;type&quot;:&quot;artist&quot;,&quot;uri&quot;:&quot;spotify:artist:4tZwfgrHOc3mvqYlEYSvVi&quot;},{&quot;external_urls&quot;:{&quot;spotify&quot;:&quot;https://open.spotify.com/artist/2wouN3QXejYa5tKetYdcVX&quot;},&quot;href&quot;:&quot;https://api.spotify.com/v1/artists/2wouN3QXejYa5tKetYdcVX&quot;,&quot;id&quot;:&quot;2wouN3QXejYa5tKetYdcVX&quot;,&quot;name&quot;:&quot;Com Truise&quot;,&quot;type&quot;:&quot;artist&quot;,&quot;uri&quot;:&quot;spotify:artist:2wouN3QXejYa5tKetYdcVX&quot;}],&quot;available_markets&quot;:[&quot;AR&quot;,&quot;AU&quot;,&quot;AT&quot;,&quot;BE&quot;,&quot;BO&quot;,&quot;BR&quot;,&quot;BG&quot;,&quot;CA&quot;,&quot;CL&quot;,&quot;CO&quot;,&quot;CR&quot;,&quot;CY&quot;,&quot;CZ&quot;,&quot;DK&quot;,&quot;DO&quot;,&quot;DE&quot;,&quot;EC&quot;,&quot;EE&quot;,&quot;SV&quot;,&quot;FI&quot;,&quot;FR&quot;,&quot;GR&quot;,&quot;GT&quot;,&quot;HN&quot;,&quot;HK&quot;,&quot;HU&quot;,&quot;IS&quot;,&quot;IE&quot;,&quot;IT&quot;,&quot;LV&quot;,&quot;LT&quot;,&quot;LU&quot;,&quot;MY&quot;,&quot;MT&quot;,&quot;MX&quot;,&quot;NL&quot;,&quot;NZ&quot;,&quot;NI&quot;,&quot;NO&quot;,&quot;PA&quot;,&quot;PY&quot;,&quot;PE&quot;,&quot;PH&quot;,&quot;PL&quot;,&quot;PT&quot;,&quot;SG&quot;,&quot;SK&quot;,&quot;ES&quot;,&quot;SE&quot;,&quot;CH&quot;,&quot;TW&quot;,&quot;TR&quot;,&quot;UY&quot;,&quot;US&quot;,&quot;GB&quot;,&quot;AD&quot;,&quot;LI&quot;,&quot;MC&quot;,&quot;ID&quot;,&quot;JP&quot;,&quot;TH&quot;,&quot;VN&quot;,&quot;RO&quot;,&quot;IL&quot;,&quot;ZA&quot;,&quot;SA&quot;,&quot;AE&quot;,&quot;BH&quot;,&quot;QA&quot;,&quot;OM&quot;,&quot;KW&quot;,&quot;EG&quot;,&quot;MA&quot;,&quot;DZ&quot;,&quot;TN&quot;,&quot;LB&quot;,&quot;JO&quot;,&quot;PS&quot;,&quot;IN&quot;,&quot;KZ&quot;,&quot;MD&quot;,&quot;UA&quot;,&quot;AL&quot;,&quot;BA&quot;,&quot;HR&quot;,&quot;ME&quot;,&quot;MK&quot;,&quot;RS&quot;,&quot;SI&quot;,&quot;KR&quot;,&quot;BD&quot;,&quot;PK&quot;,&quot;LK&quot;,&quot;GH&quot;,&quot;KE&quot;,&quot;NG&quot;,&quot;TZ&quot;,&quot;UG&quot;,&quot;AG&quot;,&quot;AM&quot;,&quot;BS&quot;,&quot;BB&quot;,&quot;BZ&quot;,&quot;BT&quot;,&quot;BW&quot;,&quot;BF&quot;,&quot;CV&quot;,&quot;CW&quot;,&quot;DM&quot;,&quot;FJ&quot;,&quot;GM&quot;,&quot;GE&quot;,&quot;GD&quot;,&quot;GW&quot;,&quot;GY&quot;,&quot;HT&quot;,&quot;JM&quot;,&quot;KI&quot;,&quot;LS&quot;,&quot;LR&quot;,&quot;MW&quot;,&quot;MV&quot;,&quot;ML&quot;,&quot;MH&quot;,&quot;FM&quot;,&quot;NA&quot;,&quot;NR&quot;,&quot;NE&quot;,&quot;PW&quot;,&quot;PG&quot;,&quot;WS&quot;,&quot;SM&quot;,&quot;ST&quot;,&quot;SN&quot;,&quot;SC&quot;,&quot;SL&quot;,&quot;SB&quot;,&quot;KN&quot;,&quot;LC&quot;,&quot;VC&quot;,&quot;SR&quot;,&quot;TL&quot;,&quot;TO&quot;,&quot;TT&quot;,&quot;TV&quot;,&quot;VU&quot;,&quot;AZ&quot;,&quot;BN&quot;,&quot;BI&quot;,&quot;KH&quot;,&quot;CM&quot;,&quot;TD&quot;,&quot;KM&quot;,&quot;GQ&quot;,&quot;SZ&quot;,&quot;GA&quot;,&quot;GN&quot;,&quot;KG&quot;,&quot;LA&quot;,&quot;MO&quot;,&quot;MR&quot;,&quot;MN&quot;,&quot;NP&quot;,&quot;RW&quot;,&quot;TG&quot;,&quot;UZ&quot;,&quot;ZW&quot;,&quot;BJ&quot;,&quot;MG&quot;,&quot;MU&quot;,&quot;MZ&quot;,&quot;AO&quot;,&quot;CI&quot;,&quot;DJ&quot;,&quot;ZM&quot;,&quot;CD&quot;,&quot;CG&quot;,&quot;IQ&quot;,&quot;LY&quot;,&quot;TJ&quot;,&quot;VE&quot;,&quot;ET&quot;,&quot;XK&quot;],&quot;disc_number&quot;:1,&quot;duration_ms&quot;:292093,&quot;explicit&quot;:false,&quot;external_urls&quot;:{&quot;spotify&quot;:&quot;https://open.spotify.com/track/3SL3UavpjRKNMM9UVlE9Bx&quot;},&quot;href&quot;:&quot;https://api.spotify.com/v1/tracks/3SL3UavpjRKNMM9UVlE9Bx&quot;,&quot;id&quot;:&quot;3SL3UavpjRKNMM9UVlE9Bx&quot;,&quot;name&quot;:&quot;Encom Part 2 - Remixed by Com Truise&quot;,&quot;preview_url&quot;:null,&quot;track_number&quot;:10,&quot;type&quot;:&quot;track&quot;,&quot;uri&quot;:&quot;spotify:track:3SL3UavpjRKNMM9UVlE9Bx&quot;,&quot;is_local&quot;:false},{&quot;artists&quot;:[{&quot;external_urls&quot;:{&quot;spotify&quot;:&quot;https://open.spotify.com/artist/4tZwfgrHOc3mvqYlEYSvVi&quot;},&quot;href&quot;:&quot;https://api.spotify.com/v1/artists/4tZwfgrHOc3mvqYlEYSvVi&quot;,&quot;id&quot;:&quot;4tZwfgrHOc3mvqYlEYSvVi&quot;,&quot;name&quot;:&quot;Daft Punk&quot;,&quot;type&quot;:&quot;artist&quot;,&quot;uri&quot;:&quot;spotify:artist:4tZwfgrHOc3mvqYlEYSvVi&quot;},{&quot;external_urls&quot;:{&quot;spotify&quot;:&quot;https://open.spotify.com/artist/3hXDMlrPegHRO0zUvBsRSI&quot;},&quot;href&quot;:&quot;https://api.spotify.com/v1/artists/3hXDMlrPegHRO0zUvBsRSI&quot;,&quot;id&quot;:&quot;3hXDMlrPegHRO0zUvBsRSI&quot;,&quot;name&quot;:&quot;Photek&quot;,&quot;type&quot;:&quot;artist&quot;,&quot;uri&quot;:&quot;spotify:artist:3hXDMlrPegHRO0zUvBsRSI&quot;}],&quot;available_markets&quot;:[&quot;AR&quot;,&quot;AU&quot;,&quot;AT&quot;,&quot;BE&quot;,&quot;BO&quot;,&quot;BR&quot;,&quot;BG&quot;,&quot;CA&quot;,&quot;CL&quot;,&quot;CO&quot;,&quot;CR&quot;,&quot;CY&quot;,&quot;CZ&quot;,&quot;DK&quot;,&quot;DO&quot;,&quot;DE&quot;,&quot;EC&quot;,&quot;EE&quot;,&quot;SV&quot;,&quot;FI&quot;,&quot;FR&quot;,&quot;GR&quot;,&quot;GT&quot;,&quot;HN&quot;,&quot;HK&quot;,&quot;HU&quot;,&quot;IS&quot;,&quot;IE&quot;,&quot;IT&quot;,&quot;LV&quot;,&quot;LT&quot;,&quot;LU&quot;,&quot;MY&quot;,&quot;MT&quot;,&quot;MX&quot;,&quot;NL&quot;,&quot;NZ&quot;,&quot;NI&quot;,&quot;NO&quot;,&quot;PA&quot;,&quot;PY&quot;,&quot;PE&quot;,&quot;PH&quot;,&quot;PL&quot;,&quot;PT&quot;,&quot;SG&quot;,&quot;SK&quot;,&quot;ES&quot;,&quot;SE&quot;,&quot;CH&quot;,&quot;TW&quot;,&quot;TR&quot;,&quot;UY&quot;,&quot;US&quot;,&quot;GB&quot;,&quot;AD&quot;,&quot;LI&quot;,&quot;MC&quot;,&quot;ID&quot;,&quot;JP&quot;,&quot;TH&quot;,&quot;VN&quot;,&quot;RO&quot;,&quot;IL&quot;,&quot;ZA&quot;,&quot;SA&quot;,&quot;AE&quot;,&quot;BH&quot;,&quot;QA&quot;,&quot;OM&quot;,&quot;KW&quot;,&quot;EG&quot;,&quot;MA&quot;,&quot;DZ&quot;,&quot;TN&quot;,&quot;LB&quot;,&quot;JO&quot;,&quot;PS&quot;,&quot;IN&quot;,&quot;KZ&quot;,&quot;MD&quot;,&quot;UA&quot;,&quot;AL&quot;,&quot;BA&quot;,&quot;HR&quot;,&quot;ME&quot;,&quot;MK&quot;,&quot;RS&quot;,&quot;SI&quot;,&quot;KR&quot;,&quot;BD&quot;,&quot;PK&quot;,&quot;LK&quot;,&quot;GH&quot;,&quot;KE&quot;,&quot;NG&quot;,&quot;TZ&quot;,&quot;UG&quot;,&quot;AG&quot;,&quot;AM&quot;,&quot;BS&quot;,&quot;BB&quot;,&quot;BZ&quot;,&quot;BT&quot;,&quot;BW&quot;,&quot;BF&quot;,&quot;CV&quot;,&quot;CW&quot;,&quot;DM&quot;,&quot;FJ&quot;,&quot;GM&quot;,&quot;GE&quot;,&quot;GD&quot;,&quot;GW&quot;,&quot;GY&quot;,&quot;HT&quot;,&quot;JM&quot;,&quot;KI&quot;,&quot;LS&quot;,&quot;LR&quot;,&quot;MW&quot;,&quot;MV&quot;,&quot;ML&quot;,&quot;MH&quot;,&quot;FM&quot;,&quot;NA&quot;,&quot;NR&quot;,&quot;NE&quot;,&quot;PW&quot;,&quot;PG&quot;,&quot;WS&quot;,&quot;SM&quot;,&quot;ST&quot;,&quot;SN&quot;,&quot;SC&quot;,&quot;SL&quot;,&quot;SB&quot;,&quot;KN&quot;,&quot;LC&quot;,&quot;VC&quot;,&quot;SR&quot;,&quot;TL&quot;,&quot;TO&quot;,&quot;TT&quot;,&quot;TV&quot;,&quot;VU&quot;,&quot;AZ&quot;,&quot;BN&quot;,&quot;BI&quot;,&quot;KH&quot;,&quot;CM&quot;,&quot;TD&quot;,&quot;KM&quot;,&quot;GQ&quot;,&quot;SZ&quot;,&quot;GA&quot;,&quot;GN&quot;,&quot;KG&quot;,&quot;LA&quot;,&quot;MO&quot;,&quot;MR&quot;,&quot;MN&quot;,&quot;NP&quot;,&quot;RW&quot;,&quot;TG&quot;,&quot;UZ&quot;,&quot;ZW&quot;,&quot;BJ&quot;,&quot;MG&quot;,&quot;MU&quot;,&quot;MZ&quot;,&quot;AO&quot;,&quot;CI&quot;,&quot;DJ&quot;,&quot;ZM&quot;,&quot;CD&quot;,&quot;CG&quot;,&quot;IQ&quot;,&quot;LY&quot;,&quot;TJ&quot;,&quot;VE&quot;,&quot;ET&quot;,&quot;XK&quot;],&quot;disc_number&quot;:1,&quot;duration_ms&quot;:318720,&quot;explicit&quot;:false,&quot;external_urls&quot;:{&quot;spotify&quot;:&quot;https://open.spotify.com/track/2UBYw2qf9PkvoKQ610ocft&quot;},&quot;href&quot;:&quot;https://api.spotify.com/v1/tracks/2UBYw2qf9PkvoKQ610ocft&quot;,&quot;id&quot;:&quot;2UBYw2qf9PkvoKQ610ocft&quot;,&quot;name&quot;:&quot;End of Line - Remixed by Photek&quot;,&quot;preview_url&quot;:null,&quot;track_number&quot;:11,&quot;type&quot;:&quot;track&quot;,&quot;uri&quot;:&quot;spotify:track:2UBYw2qf9PkvoKQ610ocft&quot;,&quot;is_local&quot;:false},{&quot;artists&quot;:[{&quot;external_urls&quot;:{&quot;spotify&quot;:&quot;https://open.spotify.com/artist/4tZwfgrHOc3mvqYlEYSvVi&quot;},&quot;href&quot;:&quot;https://api.spotify.com/v1/artists/4tZwfgrHOc3mvqYlEYSvVi&quot;,&quot;id&quot;:&quot;4tZwfgrHOc3mvqYlEYSvVi&quot;,&quot;name&quot;:&quot;Daft Punk&quot;,&quot;type&quot;:&quot;artist&quot;,&quot;uri&quot;:&quot;spotify:artist:4tZwfgrHOc3mvqYlEYSvVi&quot;},{&quot;external_urls&quot;:{&quot;spotify&quot;:&quot;https://open.spotify.com/artist/5F8v5xSIGtfukNxq0Jqgwh&quot;},&quot;href&quot;:&quot;https://api.spotify.com/v1/artists/5F8v5xSIGtfukNxq0Jqgwh&quot;,&quot;id&quot;:&quot;5F8v5xSIGtfukNxq0Jqgwh&quot;,&quot;name&quot;:&quot;The Japanese Popstars&quot;,&quot;type&quot;:&quot;artist&quot;,&quot;uri&quot;:&quot;spotify:artist:5F8v5xSIGtfukNxq0Jqgwh&quot;}],&quot;available_markets&quot;:[&quot;AR&quot;,&quot;AU&quot;,&quot;AT&quot;,&quot;BE&quot;,&quot;BO&quot;,&quot;BR&quot;,&quot;BG&quot;,&quot;CA&quot;,&quot;CL&quot;,&quot;CO&quot;,&quot;CR&quot;,&quot;CY&quot;,&quot;CZ&quot;,&quot;DK&quot;,&quot;DO&quot;,&quot;DE&quot;,&quot;EC&quot;,&quot;EE&quot;,&quot;SV&quot;,&quot;FI&quot;,&quot;FR&quot;,&quot;GR&quot;,&quot;GT&quot;,&quot;HN&quot;,&quot;HK&quot;,&quot;HU&quot;,&quot;IS&quot;,&quot;IE&quot;,&quot;IT&quot;,&quot;LV&quot;,&quot;LT&quot;,&quot;LU&quot;,&quot;MY&quot;,&quot;MT&quot;,&quot;MX&quot;,&quot;NL&quot;,&quot;NZ&quot;,&quot;NI&quot;,&quot;NO&quot;,&quot;PA&quot;,&quot;PY&quot;,&quot;PE&quot;,&quot;PH&quot;,&quot;PL&quot;,&quot;PT&quot;,&quot;SG&quot;,&quot;SK&quot;,&quot;ES&quot;,&quot;SE&quot;,&quot;CH&quot;,&quot;TW&quot;,&quot;TR&quot;,&quot;UY&quot;,&quot;US&quot;,&quot;GB&quot;,&quot;AD&quot;,&quot;LI&quot;,&quot;MC&quot;,&quot;ID&quot;,&quot;JP&quot;,&quot;TH&quot;,&quot;VN&quot;,&quot;RO&quot;,&quot;IL&quot;,&quot;ZA&quot;,&quot;SA&quot;,&quot;AE&quot;,&quot;BH&quot;,&quot;QA&quot;,&quot;OM&quot;,&quot;KW&quot;,&quot;EG&quot;,&quot;MA&quot;,&quot;DZ&quot;,&quot;TN&quot;,&quot;LB&quot;,&quot;JO&quot;,&quot;PS&quot;,&quot;IN&quot;,&quot;KZ&quot;,&quot;MD&quot;,&quot;UA&quot;,&quot;AL&quot;,&quot;BA&quot;,&quot;HR&quot;,&quot;ME&quot;,&quot;MK&quot;,&quot;RS&quot;,&quot;SI&quot;,&quot;KR&quot;,&quot;BD&quot;,&quot;PK&quot;,&quot;LK&quot;,&quot;GH&quot;,&quot;KE&quot;,&quot;NG&quot;,&quot;TZ&quot;,&quot;UG&quot;,&quot;AG&quot;,&quot;AM&quot;,&quot;BS&quot;,&quot;BB&quot;,&quot;BZ&quot;,&quot;BT&quot;,&quot;BW&quot;,&quot;BF&quot;,&quot;CV&quot;,&quot;CW&quot;,&quot;DM&quot;,&quot;FJ&quot;,&quot;GM&quot;,&quot;GE&quot;,&quot;GD&quot;,&quot;GW&quot;,&quot;GY&quot;,&quot;HT&quot;,&quot;JM&quot;,&quot;KI&quot;,&quot;LS&quot;,&quot;LR&quot;,&quot;MW&quot;,&quot;MV&quot;,&quot;ML&quot;,&quot;MH&quot;,&quot;FM&quot;,&quot;NA&quot;,&quot;NR&quot;,&quot;NE&quot;,&quot;PW&quot;,&quot;PG&quot;,&quot;WS&quot;,&quot;SM&quot;,&quot;ST&quot;,&quot;SN&quot;,&quot;SC&quot;,&quot;SL&quot;,&quot;SB&quot;,&quot;KN&quot;,&quot;LC&quot;,&quot;VC&quot;,&quot;SR&quot;,&quot;TL&quot;,&quot;TO&quot;,&quot;TT&quot;,&quot;TV&quot;,&quot;VU&quot;,&quot;AZ&quot;,&quot;BN&quot;,&quot;BI&quot;,&quot;KH&quot;,&quot;CM&quot;,&quot;TD&quot;,&quot;KM&quot;,&quot;GQ&quot;,&quot;SZ&quot;,&quot;GA&quot;,&quot;GN&quot;,&quot;KG&quot;,&quot;LA&quot;,&quot;MO&quot;,&quot;MR&quot;,&quot;MN&quot;,&quot;NP&quot;,&quot;RW&quot;,&quot;TG&quot;,&quot;UZ&quot;,&quot;ZW&quot;,&quot;BJ&quot;,&quot;MG&quot;,&quot;MU&quot;,&quot;MZ&quot;,&quot;AO&quot;,&quot;CI&quot;,&quot;DJ&quot;,&quot;ZM&quot;,&quot;CD&quot;,&quot;CG&quot;,&quot;IQ&quot;,&quot;LY&quot;,&quot;TJ&quot;,&quot;VE&quot;,&quot;ET&quot;,&quot;XK&quot;],&quot;disc_number&quot;:1,&quot;duration_ms&quot;:367720,&quot;explicit&quot;:false,&quot;external_urls&quot;:{&quot;spotify&quot;:&quot;https://open.spotify.com/track/7irNlzUSPNgCDtEyQuS3lm&quot;},&quot;href&quot;:&quot;https://api.spotify.com/v1/tracks/7irNlzUSPNgCDtEyQuS3lm&quot;,&quot;id&quot;:&quot;7irNlzUSPNgCDtEyQuS3lm&quot;,&quot;name&quot;:&quot;Arena - Remixed by The Japanese Popstars&quot;,&quot;preview_url&quot;:null,&quot;track_number&quot;:12,&quot;type&quot;:&quot;track&quot;,&quot;uri&quot;:&quot;spotify:track:7irNlzUSPNgCDtEyQuS3lm&quot;,&quot;is_local&quot;:false},{&quot;artists&quot;:[{&quot;external_urls&quot;:{&quot;spotify&quot;:&quot;https://open.spotify.com/artist/4tZwfgrHOc3mvqYlEYSvVi&quot;},&quot;href&quot;:&quot;https://api.spotify.com/v1/artists/4tZwfgrHOc3mvqYlEYSvVi&quot;,&quot;id&quot;:&quot;4tZwfgrHOc3mvqYlEYSvVi&quot;,&quot;name&quot;:&quot;Daft Punk&quot;,&quot;type&quot;:&quot;artist&quot;,&quot;uri&quot;:&quot;spotify:artist:4tZwfgrHOc3mvqYlEYSvVi&quot;},{&quot;external_urls&quot;:{&quot;spotify&quot;:&quot;https://open.spotify.com/artist/1vCWHaC5f2uS3yhpwWbIA6&quot;},&quot;href&quot;:&quot;https://api.spotify.com/v1/artists/1vCWHaC5f2uS3yhpwWbIA6&quot;,&quot;id&quot;:&quot;1vCWHaC5f2uS3yhpwWbIA6&quot;,&quot;name&quot;:&quot;Avicii&quot;,&quot;type&quot;:&quot;artist&quot;,&quot;uri&quot;:&quot;spotify:artist:1vCWHaC5f2uS3yhpwWbIA6&quot;}],&quot;available_markets&quot;:[&quot;AR&quot;,&quot;AU&quot;,&quot;AT&quot;,&quot;BE&quot;,&quot;BO&quot;,&quot;BR&quot;,&quot;BG&quot;,&quot;CA&quot;,&quot;CL&quot;,&quot;CO&quot;,&quot;CR&quot;,&quot;CY&quot;,&quot;CZ&quot;,&quot;DK&quot;,&quot;DO&quot;,&quot;DE&quot;,&quot;EC&quot;,&quot;EE&quot;,&quot;SV&quot;,&quot;FI&quot;,&quot;FR&quot;,&quot;GR&quot;,&quot;GT&quot;,&quot;HN&quot;,&quot;HK&quot;,&quot;HU&quot;,&quot;IS&quot;,&quot;IE&quot;,&quot;IT&quot;,&quot;LV&quot;,&quot;LT&quot;,&quot;LU&quot;,&quot;MY&quot;,&quot;MT&quot;,&quot;MX&quot;,&quot;NL&quot;,&quot;NZ&quot;,&quot;NI&quot;,&quot;NO&quot;,&quot;PA&quot;,&quot;PY&quot;,&quot;PE&quot;,&quot;PH&quot;,&quot;PL&quot;,&quot;PT&quot;,&quot;SG&quot;,&quot;SK&quot;,&quot;ES&quot;,&quot;SE&quot;,&quot;CH&quot;,&quot;TW&quot;,&quot;TR&quot;,&quot;UY&quot;,&quot;US&quot;,&quot;GB&quot;,&quot;AD&quot;,&quot;LI&quot;,&quot;MC&quot;,&quot;ID&quot;,&quot;JP&quot;,&quot;TH&quot;,&quot;VN&quot;,&quot;RO&quot;,&quot;IL&quot;,&quot;ZA&quot;,&quot;SA&quot;,&quot;AE&quot;,&quot;BH&quot;,&quot;QA&quot;,&quot;OM&quot;,&quot;KW&quot;,&quot;EG&quot;,&quot;MA&quot;,&quot;DZ&quot;,&quot;TN&quot;,&quot;LB&quot;,&quot;JO&quot;,&quot;PS&quot;,&quot;IN&quot;,&quot;KZ&quot;,&quot;MD&quot;,&quot;UA&quot;,&quot;AL&quot;,&quot;BA&quot;,&quot;HR&quot;,&quot;ME&quot;,&quot;MK&quot;,&quot;RS&quot;,&quot;SI&quot;,&quot;KR&quot;,&quot;BD&quot;,&quot;PK&quot;,&quot;LK&quot;,&quot;GH&quot;,&quot;KE&quot;,&quot;NG&quot;,&quot;TZ&quot;,&quot;UG&quot;,&quot;AG&quot;,&quot;AM&quot;,&quot;BS&quot;,&quot;BB&quot;,&quot;BZ&quot;,&quot;BT&quot;,&quot;BW&quot;,&quot;BF&quot;,&quot;CV&quot;,&quot;CW&quot;,&quot;DM&quot;,&quot;FJ&quot;,&quot;GM&quot;,&quot;GE&quot;,&quot;GD&quot;,&quot;GW&quot;,&quot;GY&quot;,&quot;HT&quot;,&quot;JM&quot;,&quot;KI&quot;,&quot;LS&quot;,&quot;LR&quot;,&quot;MW&quot;,&quot;MV&quot;,&quot;ML&quot;,&quot;MH&quot;,&quot;FM&quot;,&quot;NA&quot;,&quot;NR&quot;,&quot;NE&quot;,&quot;PW&quot;,&quot;PG&quot;,&quot;WS&quot;,&quot;SM&quot;,&quot;ST&quot;,&quot;SN&quot;,&quot;SC&quot;,&quot;SL&quot;,&quot;SB&quot;,&quot;KN&quot;,&quot;LC&quot;,&quot;VC&quot;,&quot;SR&quot;,&quot;TL&quot;,&quot;TO&quot;,&quot;TT&quot;,&quot;TV&quot;,&quot;VU&quot;,&quot;AZ&quot;,&quot;BN&quot;,&quot;BI&quot;,&quot;KH&quot;,&quot;CM&quot;,&quot;TD&quot;,&quot;KM&quot;,&quot;GQ&quot;,&quot;SZ&quot;,&quot;GA&quot;,&quot;GN&quot;,&quot;KG&quot;,&quot;LA&quot;,&quot;MO&quot;,&quot;MR&quot;,&quot;MN&quot;,&quot;NP&quot;,&quot;RW&quot;,&quot;TG&quot;,&quot;UZ&quot;,&quot;ZW&quot;,&quot;BJ&quot;,&quot;MG&quot;,&quot;MU&quot;,&quot;MZ&quot;,&quot;AO&quot;,&quot;CI&quot;,&quot;DJ&quot;,&quot;ZM&quot;,&quot;CD&quot;,&quot;CG&quot;,&quot;IQ&quot;,&quot;LY&quot;,&quot;TJ&quot;,&quot;VE&quot;,&quot;ET&quot;,&quot;XK&quot;],&quot;disc_number&quot;:1,&quot;duration_ms&quot;:303946,&quot;explicit&quot;:false,&quot;external_urls&quot;:{&quot;spotify&quot;:&quot;https://open.spotify.com/track/1rn6JIHBuBZiwvA57jeoOB&quot;},&quot;href&quot;:&quot;https://api.spotify.com/v1/tracks/1rn6JIHBuBZiwvA57jeoOB&quot;,&quot;id&quot;:&quot;1rn6JIHBuBZiwvA57jeoOB&quot;,&quot;name&quot;:&quot;Derezzed - Remixed by Avicii&quot;,&quot;preview_url&quot;:null,&quot;track_number&quot;:13,&quot;type&quot;:&quot;track&quot;,&quot;uri&quot;:&quot;spotify:track:1rn6JIHBuBZiwvA57jeoOB&quot;,&quot;is_local&quot;:false},{&quot;artists&quot;:[{&quot;external_urls&quot;:{&quot;spotify&quot;:&quot;https://open.spotify.com/artist/4tZwfgrHOc3mvqYlEYSvVi&quot;},&quot;href&quot;:&quot;https://api.spotify.com/v1/artists/4tZwfgrHOc3mvqYlEYSvVi&quot;,&quot;id&quot;:&quot;4tZwfgrHOc3mvqYlEYSvVi&quot;,&quot;name&quot;:&quot;Daft Punk&quot;,&quot;type&quot;:&quot;artist&quot;,&quot;uri&quot;:&quot;spotify:artist:4tZwfgrHOc3mvqYlEYSvVi&quot;},{&quot;external_urls&quot;:{&quot;spotify&quot;:&quot;https://open.spotify.com/artist/4iVhFmG8YCCEHANGeUUS9q&quot;},&quot;href&quot;:&quot;https://api.spotify.com/v1/artists/4iVhFmG8YCCEHANGeUUS9q&quot;,&quot;id&quot;:&quot;4iVhFmG8YCCEHANGeUUS9q&quot;,&quot;name&quot;:&quot;Pretty Lights&quot;,&quot;type&quot;:&quot;artist&quot;,&quot;uri&quot;:&quot;spotify:artist:4iVhFmG8YCCEHANGeUUS9q&quot;}],&quot;available_markets&quot;:[&quot;AR&quot;,&quot;AU&quot;,&quot;AT&quot;,&quot;BE&quot;,&quot;BO&quot;,&quot;BR&quot;,&quot;BG&quot;,&quot;CA&quot;,&quot;CL&quot;,&quot;CO&quot;,&quot;CR&quot;,&quot;CY&quot;,&quot;CZ&quot;,&quot;DK&quot;,&quot;DO&quot;,&quot;DE&quot;,&quot;EC&quot;,&quot;EE&quot;,&quot;SV&quot;,&quot;FI&quot;,&quot;FR&quot;,&quot;GR&quot;,&quot;GT&quot;,&quot;HN&quot;,&quot;HK&quot;,&quot;HU&quot;,&quot;IS&quot;,&quot;IE&quot;,&quot;IT&quot;,&quot;LV&quot;,&quot;LT&quot;,&quot;LU&quot;,&quot;MY&quot;,&quot;MT&quot;,&quot;MX&quot;,&quot;NL&quot;,&quot;NZ&quot;,&quot;NI&quot;,&quot;NO&quot;,&quot;PA&quot;,&quot;PY&quot;,&quot;PE&quot;,&quot;PH&quot;,&quot;PL&quot;,&quot;PT&quot;,&quot;SG&quot;,&quot;SK&quot;,&quot;ES&quot;,&quot;SE&quot;,&quot;CH&quot;,&quot;TW&quot;,&quot;TR&quot;,&quot;UY&quot;,&quot;US&quot;,&quot;GB&quot;,&quot;AD&quot;,&quot;LI&quot;,&quot;MC&quot;,&quot;ID&quot;,&quot;JP&quot;,&quot;TH&quot;,&quot;VN&quot;,&quot;RO&quot;,&quot;IL&quot;,&quot;ZA&quot;,&quot;SA&quot;,&quot;AE&quot;,&quot;BH&quot;,&quot;QA&quot;,&quot;OM&quot;,&quot;KW&quot;,&quot;EG&quot;,&quot;MA&quot;,&quot;DZ&quot;,&quot;TN&quot;,&quot;LB&quot;,&quot;JO&quot;,&quot;PS&quot;,&quot;IN&quot;,&quot;KZ&quot;,&quot;MD&quot;,&quot;UA&quot;,&quot;AL&quot;,&quot;BA&quot;,&quot;HR&quot;,&quot;ME&quot;,&quot;MK&quot;,&quot;RS&quot;,&quot;SI&quot;,&quot;KR&quot;,&quot;BD&quot;,&quot;PK&quot;,&quot;LK&quot;,&quot;GH&quot;,&quot;KE&quot;,&quot;NG&quot;,&quot;TZ&quot;,&quot;UG&quot;,&quot;AG&quot;,&quot;AM&quot;,&quot;BS&quot;,&quot;BB&quot;,&quot;BZ&quot;,&quot;BT&quot;,&quot;BW&quot;,&quot;BF&quot;,&quot;CV&quot;,&quot;CW&quot;,&quot;DM&quot;,&quot;FJ&quot;,&quot;GM&quot;,&quot;GE&quot;,&quot;GD&quot;,&quot;GW&quot;,&quot;GY&quot;,&quot;HT&quot;,&quot;JM&quot;,&quot;KI&quot;,&quot;LS&quot;,&quot;LR&quot;,&quot;MW&quot;,&quot;MV&quot;,&quot;ML&quot;,&quot;MH&quot;,&quot;FM&quot;,&quot;NA&quot;,&quot;NR&quot;,&quot;NE&quot;,&quot;PW&quot;,&quot;PG&quot;,&quot;WS&quot;,&quot;SM&quot;,&quot;ST&quot;,&quot;SN&quot;,&quot;SC&quot;,&quot;SL&quot;,&quot;SB&quot;,&quot;KN&quot;,&quot;LC&quot;,&quot;VC&quot;,&quot;SR&quot;,&quot;TL&quot;,&quot;TO&quot;,&quot;TT&quot;,&quot;TV&quot;,&quot;VU&quot;,&quot;AZ&quot;,&quot;BN&quot;,&quot;BI&quot;,&quot;KH&quot;,&quot;CM&quot;,&quot;TD&quot;,&quot;KM&quot;,&quot;GQ&quot;,&quot;SZ&quot;,&quot;GA&quot;,&quot;GN&quot;,&quot;KG&quot;,&quot;LA&quot;,&quot;MO&quot;,&quot;MR&quot;,&quot;MN&quot;,&quot;NP&quot;,&quot;RW&quot;,&quot;TG&quot;,&quot;UZ&quot;,&quot;ZW&quot;,&quot;BJ&quot;,&quot;MG&quot;,&quot;MU&quot;,&quot;MZ&quot;,&quot;AO&quot;,&quot;CI&quot;,&quot;DJ&quot;,&quot;ZM&quot;,&quot;CD&quot;,&quot;CG&quot;,&quot;IQ&quot;,&quot;LY&quot;,&quot;TJ&quot;,&quot;VE&quot;,&quot;ET&quot;,&quot;XK&quot;],&quot;disc_number&quot;:1,&quot;duration_ms&quot;:272853,&quot;explicit&quot;:false,&quot;external_urls&quot;:{&quot;spotify&quot;:&quot;https://open.spotify.com/track/4OgB6TRmIGBRT4NoFxxIQd&quot;},&quot;href&quot;:&quot;https://api.spotify.com/v1/tracks/4OgB6TRmIGBRT4NoFxxIQd&quot;,&quot;id&quot;:&quot;4OgB6TRmIGBRT4NoFxxIQd&quot;,&quot;name&quot;:&quot;Solar Sailer - Remixed by Pretty Lights&quot;,&quot;preview_url&quot;:null,&quot;track_number&quot;:14,&quot;type&quot;:&quot;track&quot;,&quot;uri&quot;:&quot;spotify:track:4OgB6TRmIGBRT4NoFxxIQd&quot;,&quot;is_local&quot;:false},{&quot;artists&quot;:[{&quot;external_urls&quot;:{&quot;spotify&quot;:&quot;https://open.spotify.com/artist/4tZwfgrHOc3mvqYlEYSvVi&quot;},&quot;href&quot;:&quot;https://api.spotify.com/v1/artists/4tZwfgrHOc3mvqYlEYSvVi&quot;,&quot;id&quot;:&quot;4tZwfgrHOc3mvqYlEYSvVi&quot;,&quot;name&quot;:&quot;Daft Punk&quot;,&quot;type&quot;:&quot;artist&quot;,&quot;uri&quot;:&quot;spotify:artist:4tZwfgrHOc3mvqYlEYSvVi&quot;},{&quot;external_urls&quot;:{&quot;spotify&quot;:&quot;https://open.spotify.com/artist/3CfH3WZPzbk5mNDWXpGIy6&quot;},&quot;href&quot;:&quot;https://api.spotify.com/v1/artists/3CfH3WZPzbk5mNDWXpGIy6&quot;,&quot;id&quot;:&quot;3CfH3WZPzbk5mNDWXpGIy6&quot;,&quot;name&quot;:&quot;Sander Kleinenberg&quot;,&quot;type&quot;:&quot;artist&quot;,&quot;uri&quot;:&quot;spotify:artist:3CfH3WZPzbk5mNDWXpGIy6&quot;}],&quot;available_markets&quot;:[&quot;AR&quot;,&quot;AU&quot;,&quot;AT&quot;,&quot;BE&quot;,&quot;BO&quot;,&quot;BR&quot;,&quot;BG&quot;,&quot;CA&quot;,&quot;CL&quot;,&quot;CO&quot;,&quot;CR&quot;,&quot;CY&quot;,&quot;CZ&quot;,&quot;DK&quot;,&quot;DO&quot;,&quot;DE&quot;,&quot;EC&quot;,&quot;EE&quot;,&quot;SV&quot;,&quot;FI&quot;,&quot;FR&quot;,&quot;GR&quot;,&quot;GT&quot;,&quot;HN&quot;,&quot;HK&quot;,&quot;HU&quot;,&quot;IS&quot;,&quot;IE&quot;,&quot;IT&quot;,&quot;LV&quot;,&quot;LT&quot;,&quot;LU&quot;,&quot;MY&quot;,&quot;MT&quot;,&quot;MX&quot;,&quot;NL&quot;,&quot;NZ&quot;,&quot;NI&quot;,&quot;NO&quot;,&quot;PA&quot;,&quot;PY&quot;,&quot;PE&quot;,&quot;PH&quot;,&quot;PL&quot;,&quot;PT&quot;,&quot;SG&quot;,&quot;SK&quot;,&quot;ES&quot;,&quot;SE&quot;,&quot;CH&quot;,&quot;TW&quot;,&quot;TR&quot;,&quot;UY&quot;,&quot;US&quot;,&quot;GB&quot;,&quot;AD&quot;,&quot;LI&quot;,&quot;MC&quot;,&quot;ID&quot;,&quot;JP&quot;,&quot;TH&quot;,&quot;VN&quot;,&quot;RO&quot;,&quot;IL&quot;,&quot;ZA&quot;,&quot;SA&quot;,&quot;AE&quot;,&quot;BH&quot;,&quot;QA&quot;,&quot;OM&quot;,&quot;KW&quot;,&quot;EG&quot;,&quot;MA&quot;,&quot;DZ&quot;,&quot;TN&quot;,&quot;LB&quot;,&quot;JO&quot;,&quot;PS&quot;,&quot;IN&quot;,&quot;KZ&quot;,&quot;MD&quot;,&quot;UA&quot;,&quot;AL&quot;,&quot;BA&quot;,&quot;HR&quot;,&quot;ME&quot;,&quot;MK&quot;,&quot;RS&quot;,&quot;SI&quot;,&quot;KR&quot;,&quot;BD&quot;,&quot;PK&quot;,&quot;LK&quot;,&quot;GH&quot;,&quot;KE&quot;,&quot;NG&quot;,&quot;TZ&quot;,&quot;UG&quot;,&quot;AG&quot;,&quot;AM&quot;,&quot;BS&quot;,&quot;BB&quot;,&quot;BZ&quot;,&quot;BT&quot;,&quot;BW&quot;,&quot;BF&quot;,&quot;CV&quot;,&quot;CW&quot;,&quot;DM&quot;,&quot;FJ&quot;,&quot;GM&quot;,&quot;GE&quot;,&quot;GD&quot;,&quot;GW&quot;,&quot;GY&quot;,&quot;HT&quot;,&quot;JM&quot;,&quot;KI&quot;,&quot;LS&quot;,&quot;LR&quot;,&quot;MW&quot;,&quot;MV&quot;,&quot;ML&quot;,&quot;MH&quot;,&quot;FM&quot;,&quot;NA&quot;,&quot;NR&quot;,&quot;NE&quot;,&quot;PW&quot;,&quot;PG&quot;,&quot;WS&quot;,&quot;SM&quot;,&quot;ST&quot;,&quot;SN&quot;,&quot;SC&quot;,&quot;SL&quot;,&quot;SB&quot;,&quot;KN&quot;,&quot;LC&quot;,&quot;VC&quot;,&quot;SR&quot;,&quot;TL&quot;,&quot;TO&quot;,&quot;TT&quot;,&quot;TV&quot;,&quot;VU&quot;,&quot;AZ&quot;,&quot;BN&quot;,&quot;BI&quot;,&quot;KH&quot;,&quot;CM&quot;,&quot;TD&quot;,&quot;KM&quot;,&quot;GQ&quot;,&quot;SZ&quot;,&quot;GA&quot;,&quot;GN&quot;,&quot;KG&quot;,&quot;LA&quot;,&quot;MO&quot;,&quot;MR&quot;,&quot;MN&quot;,&quot;NP&quot;,&quot;RW&quot;,&quot;TG&quot;,&quot;UZ&quot;,&quot;ZW&quot;,&quot;BJ&quot;,&quot;MG&quot;,&quot;MU&quot;,&quot;MZ&quot;,&quot;AO&quot;,&quot;CI&quot;,&quot;DJ&quot;,&quot;ZM&quot;,&quot;CD&quot;,&quot;CG&quot;,&quot;IQ&quot;,&quot;LY&quot;,&quot;TJ&quot;,&quot;VE&quot;,&quot;ET&quot;,&quot;XK&quot;],&quot;disc_number&quot;:1,&quot;duration_ms&quot;:304466,&quot;explicit&quot;:false,&quot;external_urls&quot;:{&quot;spotify&quot;:&quot;https://open.spotify.com/track/1Nv1h7ANN9E4rAjLP4OfgA&quot;},&quot;href&quot;:&quot;https://api.spotify.com/v1/tracks/1Nv1h7ANN9E4rAjLP4OfgA&quot;,&quot;id&quot;:&quot;1Nv1h7ANN9E4rAjLP4OfgA&quot;,&quot;name&quot;:&quot;TRON Legacy (End Titles) - Remixed by Sander Kleinenberg&quot;,&quot;preview_url&quot;:null,&quot;track_number&quot;:15,&quot;type&quot;:&quot;track&quot;,&quot;uri&quot;:&quot;spotify:track:1Nv1h7ANN9E4rAjLP4OfgA&quot;,&quot;is_local&quot;:false}]},&quot;copyrights&quot;:[{&quot;text&quot;:&quot;© 2011 Disney&quot;,&quot;type&quot;:&quot;C&quot;},{&quot;text&quot;:&quot;℗ 2011 Walt Disney Records&quot;,&quot;type&quot;:&quot;P&quot;}],&quot;external_ids&quot;:{&quot;upc&quot;:&quot;00050087239633&quot;},&quot;genres&quot;:[],&quot;label&quot;:&quot;Walt Disney Records&quot;,&quot;popularity&quot;:47},{&quot;album_type&quot;:&quot;album&quot;,&quot;total_tracks&quot;:10,&quot;available_markets&quot;:[&quot;CA&quot;,&quot;US&quot;],&quot;external_urls&quot;:{&quot;spotify&quot;:&quot;https://open.spotify.com/album/1A2GTWGtFfWp7KSQTwWOyo&quot;},&quot;href&quot;:&quot;https://api.spotify.com/v1/albums/1A2GTWGtFfWp7KSQTwWOyo&quot;,&quot;id&quot;:&quot;1A2GTWGtFfWp7KSQTwWOyo&quot;,&quot;images&quot;:[{&quot;url&quot;:&quot;https://i.scdn.co/image/ab67616d0000b273d8601e15fa1b4351fe1fc6ae&quot;,&quot;height&quot;:640,&quot;width&quot;:640},{&quot;url&quot;:&quot;https://i.scdn.co/image/ab67616d00001e02d8601e15fa1b4351fe1fc6ae&quot;,&quot;height&quot;:300,&quot;width&quot;:300},{&quot;url&quot;:&quot;https://i.scdn.co/image/ab67616d00004851d8601e15fa1b4351fe1fc6ae&quot;,&quot;height&quot;:64,&quot;width&quot;:64}],&quot;name&quot;:&quot;Human After All&quot;,&quot;release_date&quot;:&quot;2005-03-14&quot;,&quot;release_date_precision&quot;:&quot;day&quot;,&quot;type&quot;:&quot;album&quot;,&quot;uri&quot;:&quot;spotify:album:1A2GTWGtFfWp7KSQTwWOyo&quot;,&quot;artists&quot;:[{&quot;external_urls&quot;:{&quot;spotify&quot;:&quot;https://open.spotify.com/artist/4tZwfgrHOc3mvqYlEYSvVi&quot;},&quot;href&quot;:&quot;https://api.spotify.com/v1/artists/4tZwfgrHOc3mvqYlEYSvVi&quot;,&quot;id&quot;:&quot;4tZwfgrHOc3mvqYlEYSvVi&quot;,&quot;name&quot;:&quot;Daft Punk&quot;,&quot;type&quot;:&quot;artist&quot;,&quot;uri&quot;:&quot;spotify:artist:4tZwfgrHOc3mvqYlEYSvVi&quot;}],&quot;tracks&quot;:{&quot;href&quot;:&quot;https://api.spotify.com/v1/albums/1A2GTWGtFfWp7KSQTwWOyo/tracks?offset=0&amp;limit=50&quot;,&quot;limit&quot;:50,&quot;next&quot;:null,&quot;offset&quot;:0,&quot;previous&quot;:null,&quot;total&quot;:10,&quot;items&quot;:[{&quot;artists&quot;:[{&quot;external_urls&quot;:{&quot;spotify&quot;:&quot;https://open.spotify.com/artist/4tZwfgrHOc3mvqYlEYSvVi&quot;},&quot;href&quot;:&quot;https://api.spotify.com/v1/artists/4tZwfgrHOc3mvqYlEYSvVi&quot;,&quot;id&quot;:&quot;4tZwfgrHOc3mvqYlEYSvVi&quot;,&quot;name&quot;:&quot;Daft Punk&quot;,&quot;type&quot;:&quot;artist&quot;,&quot;uri&quot;:&quot;spotify:artist:4tZwfgrHOc3mvqYlEYSvVi&quot;}],&quot;available_markets&quot;:[&quot;CA&quot;,&quot;US&quot;],&quot;disc_number&quot;:1,&quot;duration_ms&quot;:319879,&quot;explicit&quot;:false,&quot;external_urls&quot;:{&quot;spotify&quot;:&quot;https://open.spotify.com/track/3aByRUC2BVL6Fs1zI723sd&quot;},&quot;href&quot;:&quot;https://api.spotify.com/v1/tracks/3aCKAkMx3yfaj3AO5Gz47e&quot;,&quot;id&quot;:&quot;3aCKAkMx3yfaj3AO5Gz47e&quot;,&quot;linked_from&quot;:{&quot;external_urls&quot;:{&quot;spotify&quot;:&quot;https://open.spotify.com/track/3aByRUC2BVL6Fs1zI723sd&quot;},&quot;href&quot;:&quot;https://api.spotify.com/v1/tracks/3aByRUC2BVL6Fs1zI723sd&quot;,&quot;id&quot;:&quot;3aByRUC2BVL6Fs1zI723sd&quot;,&quot;type&quot;:&quot;track&quot;,&quot;uri&quot;:&quot;spotify:track:3aByRUC2BVL6Fs1zI723sd&quot;},&quot;name&quot;:&quot;Human After All&quot;,&quot;preview_url&quot;:null,&quot;track_number&quot;:1,&quot;type&quot;:&quot;track&quot;,&quot;uri&quot;:&quot;spotify:track:3aCKAkMx3yfaj3AO5Gz47e&quot;,&quot;is_local&quot;:false},{&quot;artists&quot;:[{&quot;external_urls&quot;:{&quot;spotify&quot;:&quot;https://open.spotify.com/artist/4tZwfgrHOc3mvqYlEYSvVi&quot;},&quot;href&quot;:&quot;https://api.spotify.com/v1/artists/4tZwfgrHOc3mvqYlEYSvVi&quot;,&quot;id&quot;:&quot;4tZwfgrHOc3mvqYlEYSvVi&quot;,&quot;name&quot;:&quot;Daft Punk&quot;,&quot;type&quot;:&quot;artist&quot;,&quot;uri&quot;:&quot;spotify:artist:4tZwfgrHOc3mvqYlEYSvVi&quot;}],&quot;available_markets&quot;:[&quot;CA&quot;,&quot;US&quot;],&quot;disc_number&quot;:1,&quot;duration_ms&quot;:263240,&quot;explicit&quot;:false,&quot;external_urls&quot;:{&quot;spotify&quot;:&quot;https://open.spotify.com/track/2ABpuao3ZbTjP2cSiX9KZc&quot;},&quot;href&quot;:&quot;https://api.spotify.com/v1/tracks/0UZRFYMoz9xmeE2AQUhTDl&quot;,&quot;id&quot;:&quot;0UZRFYMoz9xmeE2AQUhTDl&quot;,&quot;linked_from&quot;:{&quot;external_urls&quot;:{&quot;spotify&quot;:&quot;https://open.spotify.com/track/2ABpuao3ZbTjP2cSiX9KZc&quot;},&quot;href&quot;:&quot;https://api.spotify.com/v1/tracks/2ABpuao3ZbTjP2cSiX9KZc&quot;,&quot;id&quot;:&quot;2ABpuao3ZbTjP2cSiX9KZc&quot;,&quot;type&quot;:&quot;track&quot;,&quot;uri&quot;:&quot;spotify:track:2ABpuao3ZbTjP2cSiX9KZc&quot;},&quot;name&quot;:&quot;The Prime Time of Your Life&quot;,&quot;preview_url&quot;:null,&quot;track_number&quot;:2,&quot;type&quot;:&quot;track&quot;,&quot;uri&quot;:&quot;spotify:track:0UZRFYMoz9xmeE2AQUhTDl&quot;,&quot;is_local&quot;:false},{&quot;artists&quot;:[{&quot;external_urls&quot;:{&quot;spotify&quot;:&quot;https://open.spotify.com/artist/4tZwfgrHOc3mvqYlEYSvVi&quot;},&quot;href&quot;:&quot;https://api.spotify.com/v1/artists/4tZwfgrHOc3mvqYlEYSvVi&quot;,&quot;id&quot;:&quot;4tZwfgrHOc3mvqYlEYSvVi&quot;,&quot;name&quot;:&quot;Daft Punk&quot;,&quot;type&quot;:&quot;artist&quot;,&quot;uri&quot;:&quot;spotify:artist:4tZwfgrHOc3mvqYlEYSvVi&quot;}],&quot;available_markets&quot;:[&quot;CA&quot;,&quot;US&quot;],&quot;disc_number&quot;:1,&quot;duration_ms&quot;:287720,&quot;explicit&quot;:false,&quot;external_urls&quot;:{&quot;spotify&quot;:&quot;https://open.spotify.com/track/4zu9wo2FXoBSsKjO6tRB3R&quot;},&quot;href&quot;:&quot;https://api.spotify.com/v1/tracks/7LL40F6YdZgeiQ6en1c7Lk&quot;,&quot;id&quot;:&quot;7LL40F6YdZgeiQ6en1c7Lk&quot;,&quot;linked_from&quot;:{&quot;external_urls&quot;:{&quot;spotify&quot;:&quot;https://open.spotify.com/track/4zu9wo2FXoBSsKjO6tRB3R&quot;},&quot;href&quot;:&quot;https://api.spotify.com/v1/tracks/4zu9wo2FXoBSsKjO6tRB3R&quot;,&quot;id&quot;:&quot;4zu9wo2FXoBSsKjO6tRB3R&quot;,&quot;type&quot;:&quot;track&quot;,&quot;uri&quot;:&quot;spotify:track:4zu9wo2FXoBSsKjO6tRB3R&quot;},&quot;name&quot;:&quot;Robot Rock&quot;,&quot;preview_url&quot;:null,&quot;track_number&quot;:3,&quot;type&quot;:&quot;track&quot;,&quot;uri&quot;:&quot;spotify:track:7LL40F6YdZgeiQ6en1c7Lk&quot;,&quot;is_local&quot;:false},{&quot;artists&quot;:[{&quot;external_urls&quot;:{&quot;spotify&quot;:&quot;https://open.spotify.com/artist/4tZwfgrHOc3mvqYlEYSvVi&quot;},&quot;href&quot;:&quot;https://api.spotify.com/v1/artists/4tZwfgrHOc3mvqYlEYSvVi&quot;,&quot;id&quot;:&quot;4tZwfgrHOc3mvqYlEYSvVi&quot;,&quot;name&quot;:&quot;Daft Punk&quot;,&quot;type&quot;:&quot;artist&quot;,&quot;uri&quot;:&quot;spotify:artist:4tZwfgrHOc3mvqYlEYSvVi&quot;}],&quot;available_markets&quot;:[&quot;CA&quot;,&quot;US&quot;],&quot;disc_number&quot;:1,&quot;duration_ms&quot;:321186,&quot;explicit&quot;:false,&quot;external_urls&quot;:{&quot;spotify&quot;:&quot;https://open.spotify.com/track/07KtTNn0wZndtN5NOYdBWR&quot;},&quot;href&quot;:&quot;https://api.spotify.com/v1/tracks/60HSQkYSlJVtdRdHgzRsXz&quot;,&quot;id&quot;:&quot;60HSQkYSlJVtdRdHgzRsXz&quot;,&quot;linked_from&quot;:{&quot;external_urls&quot;:{&quot;spotify&quot;:&quot;https://open.spotify.com/track/07KtTNn0wZndtN5NOYdBWR&quot;},&quot;href&quot;:&quot;https://api.spotify.com/v1/tracks/07KtTNn0wZndtN5NOYdBWR&quot;,&quot;id&quot;:&quot;07KtTNn0wZndtN5NOYdBWR&quot;,&quot;type&quot;:&quot;track&quot;,&quot;uri&quot;:&quot;spotify:track:07KtTNn0wZndtN5NOYdBWR&quot;},&quot;name&quot;:&quot;Steam Machine&quot;,&quot;preview_url&quot;:null,&quot;track_number&quot;:4,&quot;type&quot;:&quot;track&quot;,&quot;uri&quot;:&quot;spotify:track:60HSQkYSlJVtdRdHgzRsXz&quot;,&quot;is_local&quot;:false},{&quot;artists&quot;:[{&quot;external_urls&quot;:{&quot;spotify&quot;:&quot;https://open.spotify.com/artist/4tZwfgrHOc3mvqYlEYSvVi&quot;},&quot;href&quot;:&quot;https://api.spotify.com/v1/artists/4tZwfgrHOc3mvqYlEYSvVi&quot;,&quot;id&quot;:&quot;4tZwfgrHOc3mvqYlEYSvVi&quot;,&quot;name&quot;:&quot;Daft Punk&quot;,&quot;type&quot;:&quot;artist&quot;,&quot;uri&quot;:&quot;spotify:artist:4tZwfgrHOc3mvqYlEYSvVi&quot;}],&quot;available_markets&quot;:[&quot;CA&quot;,&quot;US&quot;],&quot;disc_number&quot;:1,&quot;duration_ms&quot;:289680,&quot;explicit&quot;:false,&quot;external_urls&quot;:{&quot;spotify&quot;:&quot;https://open.spotify.com/track/1WnXCfO6oIxG0TbJj29MqR&quot;},&quot;href&quot;:&quot;https://api.spotify.com/v1/tracks/4ABWPP59ItFKykdaDF09K5&quot;,&quot;id&quot;:&quot;4ABWPP59ItFKykdaDF09K5&quot;,&quot;linked_from&quot;:{&quot;external_urls&quot;:{&quot;spotify&quot;:&quot;https://open.spotify.com/track/1WnXCfO6oIxG0TbJj29MqR&quot;},&quot;href&quot;:&quot;https://api.spotify.com/v1/tracks/1WnXCfO6oIxG0TbJj29MqR&quot;,&quot;id&quot;:&quot;1WnXCfO6oIxG0TbJj29MqR&quot;,&quot;type&quot;:&quot;track&quot;,&quot;uri&quot;:&quot;spotify:track:1WnXCfO6oIxG0TbJj29MqR&quot;},&quot;name&quot;:&quot;Make Love&quot;,&quot;preview_url&quot;:null,&quot;track_number&quot;:5,&quot;type&quot;:&quot;track&quot;,&quot;uri&quot;:&quot;spotify:track:4ABWPP59ItFKykdaDF09K5&quot;,&quot;is_local&quot;:false},{&quot;artists&quot;:[{&quot;external_urls&quot;:{&quot;spotify&quot;:&quot;https://open.spotify.com/artist/4tZwfgrHOc3mvqYlEYSvVi&quot;},&quot;href&quot;:&quot;https://api.spotify.com/v1/artists/4tZwfgrHOc3mvqYlEYSvVi&quot;,&quot;id&quot;:&quot;4tZwfgrHOc3mvqYlEYSvVi&quot;,&quot;name&quot;:&quot;Daft Punk&quot;,&quot;type&quot;:&quot;artist&quot;,&quot;uri&quot;:&quot;spotify:artist:4tZwfgrHOc3mvqYlEYSvVi&quot;}],&quot;available_markets&quot;:[&quot;CA&quot;,&quot;US&quot;],&quot;disc_number&quot;:1,&quot;duration_ms&quot;:248400,&quot;explicit&quot;:false,&quot;external_urls&quot;:{&quot;spotify&quot;:&quot;https://open.spotify.com/track/61qwHnU8dyMqPemGzopDcp&quot;},&quot;href&quot;:&quot;https://api.spotify.com/v1/tracks/73MAeHX5sqLYfuYclsrvHc&quot;,&quot;id&quot;:&quot;73MAeHX5sqLYfuYclsrvHc&quot;,&quot;linked_from&quot;:{&quot;external_urls&quot;:{&quot;spotify&quot;:&quot;https://open.spotify.com/track/61qwHnU8dyMqPemGzopDcp&quot;},&quot;href&quot;:&quot;https://api.spotify.com/v1/tracks/61qwHnU8dyMqPemGzopDcp&quot;,&quot;id&quot;:&quot;61qwHnU8dyMqPemGzopDcp&quot;,&quot;type&quot;:&quot;track&quot;,&quot;uri&quot;:&quot;spotify:track:61qwHnU8dyMqPemGzopDcp&quot;},&quot;name&quot;:&quot;The Brainwasher&quot;,&quot;preview_url&quot;:null,&quot;track_number&quot;:6,&quot;type&quot;:&quot;track&quot;,&quot;uri&quot;:&quot;spotify:track:73MAeHX5sqLYfuYclsrvHc&quot;,&quot;is_local&quot;:false},{&quot;artists&quot;:[{&quot;external_urls&quot;:{&quot;spotify&quot;:&quot;https://open.spotify.com/artist/4tZwfgrHOc3mvqYlEYSvVi&quot;},&quot;href&quot;:&quot;https://api.spotify.com/v1/artists/4tZwfgrHOc3mvqYlEYSvVi&quot;,&quot;id&quot;:&quot;4tZwfgrHOc3mvqYlEYSvVi&quot;,&quot;name&quot;:&quot;Daft Punk&quot;,&quot;type&quot;:&quot;artist&quot;,&quot;uri&quot;:&quot;spotify:artist:4tZwfgrHOc3mvqYlEYSvVi&quot;}],&quot;available_markets&quot;:[&quot;CA&quot;,&quot;US&quot;],&quot;disc_number&quot;:1,&quot;duration_ms&quot;:19200,&quot;explicit&quot;:false,&quot;external_urls&quot;:{&quot;spotify&quot;:&quot;https://open.spotify.com/track/0cV1dl2k19YoGbxTKDb0rH&quot;},&quot;href&quot;:&quot;https://api.spotify.com/v1/tracks/3dWxT7lAv6lmXEW2AEZyPQ&quot;,&quot;id&quot;:&quot;3dWxT7lAv6lmXEW2AEZyPQ&quot;,&quot;linked_from&quot;:{&quot;external_urls&quot;:{&quot;spotify&quot;:&quot;https://open.spotify.com/track/0cV1dl2k19YoGbxTKDb0rH&quot;},&quot;href&quot;:&quot;https://api.spotify.com/v1/tracks/0cV1dl2k19YoGbxTKDb0rH&quot;,&quot;id&quot;:&quot;0cV1dl2k19YoGbxTKDb0rH&quot;,&quot;type&quot;:&quot;track&quot;,&quot;uri&quot;:&quot;spotify:track:0cV1dl2k19YoGbxTKDb0rH&quot;},&quot;name&quot;:&quot;On / Off&quot;,&quot;preview_url&quot;:null,&quot;track_number&quot;:7,&quot;type&quot;:&quot;track&quot;,&quot;uri&quot;:&quot;spotify:track:3dWxT7lAv6lmXEW2AEZyPQ&quot;,&quot;is_local&quot;:false},{&quot;artists&quot;:[{&quot;external_urls&quot;:{&quot;spotify&quot;:&quot;https://open.spotify.com/artist/4tZwfgrHOc3mvqYlEYSvVi&quot;},&quot;href&quot;:&quot;https://api.spotify.com/v1/artists/4tZwfgrHOc3mvqYlEYSvVi&quot;,&quot;id&quot;:&quot;4tZwfgrHOc3mvqYlEYSvVi&quot;,&quot;name&quot;:&quot;Daft Punk&quot;,&quot;type&quot;:&quot;artist&quot;,&quot;uri&quot;:&quot;spotify:artist:4tZwfgrHOc3mvqYlEYSvVi&quot;}],&quot;available_markets&quot;:[&quot;CA&quot;,&quot;US&quot;],&quot;disc_number&quot;:1,&quot;duration_ms&quot;:287840,&quot;explicit&quot;:false,&quot;external_urls&quot;:{&quot;spotify&quot;:&quot;https://open.spotify.com/track/73mTIDCNKGfUF4MiFfR3b5&quot;},&quot;href&quot;:&quot;https://api.spotify.com/v1/tracks/37M8nuFfSrlKfTR0AAp7gK&quot;,&quot;id&quot;:&quot;37M8nuFfSrlKfTR0AAp7gK&quot;,&quot;linked_from&quot;:{&quot;external_urls&quot;:{&quot;spotify&quot;:&quot;https://open.spotify.com/track/73mTIDCNKGfUF4MiFfR3b5&quot;},&quot;href&quot;:&quot;https://api.spotify.com/v1/tracks/73mTIDCNKGfUF4MiFfR3b5&quot;,&quot;id&quot;:&quot;73mTIDCNKGfUF4MiFfR3b5&quot;,&quot;type&quot;:&quot;track&quot;,&quot;uri&quot;:&quot;spotify:track:73mTIDCNKGfUF4MiFfR3b5&quot;},&quot;name&quot;:&quot;Television Rules the Nation&quot;,&quot;preview_url&quot;:null,&quot;track_number&quot;:8,&quot;type&quot;:&quot;track&quot;,&quot;uri&quot;:&quot;spotify:track:37M8nuFfSrlKfTR0AAp7gK&quot;,&quot;is_local&quot;:false},{&quot;artists&quot;:[{&quot;external_urls&quot;:{&quot;spotify&quot;:&quot;https://open.spotify.com/artist/4tZwfgrHOc3mvqYlEYSvVi&quot;},&quot;href&quot;:&quot;https://api.spotify.com/v1/artists/4tZwfgrHOc3mvqYlEYSvVi&quot;,&quot;id&quot;:&quot;4tZwfgrHOc3mvqYlEYSvVi&quot;,&quot;name&quot;:&quot;Daft Punk&quot;,&quot;type&quot;:&quot;artist&quot;,&quot;uri&quot;:&quot;spotify:artist:4tZwfgrHOc3mvqYlEYSvVi&quot;}],&quot;available_markets&quot;:[&quot;CA&quot;,&quot;US&quot;],&quot;disc_number&quot;:1,&quot;duration_ms&quot;:284280,&quot;explicit&quot;:false,&quot;external_urls&quot;:{&quot;spotify&quot;:&quot;https://open.spotify.com/track/0LSLM0zuWRkEYemF7JcfEE&quot;},&quot;href&quot;:&quot;https://api.spotify.com/v1/tracks/1iNeZGJsoC0D7ZyJTdIbDS&quot;,&quot;id&quot;:&quot;1iNeZGJsoC0D7ZyJTdIbDS&quot;,&quot;linked_from&quot;:{&quot;external_urls&quot;:{&quot;spotify&quot;:&quot;https://open.spotify.com/track/0LSLM0zuWRkEYemF7JcfEE&quot;},&quot;href&quot;:&quot;https://api.spotify.com/v1/tracks/0LSLM0zuWRkEYemF7JcfEE&quot;,&quot;id&quot;:&quot;0LSLM0zuWRkEYemF7JcfEE&quot;,&quot;type&quot;:&quot;track&quot;,&quot;uri&quot;:&quot;spotify:track:0LSLM0zuWRkEYemF7JcfEE&quot;},&quot;name&quot;:&quot;Technologic&quot;,&quot;preview_url&quot;:null,&quot;track_number&quot;:9,&quot;type&quot;:&quot;track&quot;,&quot;uri&quot;:&quot;spotify:track:1iNeZGJsoC0D7ZyJTdIbDS&quot;,&quot;is_local&quot;:false},{&quot;artists&quot;:[{&quot;external_urls&quot;:{&quot;spotify&quot;:&quot;https://open.spotify.com/artist/4tZwfgrHOc3mvqYlEYSvVi&quot;},&quot;href&quot;:&quot;https://api.spotify.com/v1/artists/4tZwfgrHOc3mvqYlEYSvVi&quot;,&quot;id&quot;:&quot;4tZwfgrHOc3mvqYlEYSvVi&quot;,&quot;name&quot;:&quot;Daft Punk&quot;,&quot;type&quot;:&quot;artist&quot;,&quot;uri&quot;:&quot;spotify:artist:4tZwfgrHOc3mvqYlEYSvVi&quot;}],&quot;available_markets&quot;:[&quot;CA&quot;,&quot;US&quot;],&quot;disc_number&quot;:1,&quot;duration_ms&quot;:417320,&quot;explicit&quot;:false,&quot;external_urls&quot;:{&quot;spotify&quot;:&quot;https://open.spotify.com/track/3PsJ6zisndTa3F9eOjBfCc&quot;},&quot;href&quot;:&quot;https://api.spotify.com/v1/tracks/0Dezmoeb373GNcYBjLVAMH&quot;,&quot;id&quot;:&quot;0Dezmoeb373GNcYBjLVAMH&quot;,&quot;linked_from&quot;:{&quot;external_urls&quot;:{&quot;spotify&quot;:&quot;https://open.spotify.com/track/3PsJ6zisndTa3F9eOjBfCc&quot;},&quot;href&quot;:&quot;https://api.spotify.com/v1/tracks/3PsJ6zisndTa3F9eOjBfCc&quot;,&quot;id&quot;:&quot;3PsJ6zisndTa3F9eOjBfCc&quot;,&quot;type&quot;:&quot;track&quot;,&quot;uri&quot;:&quot;spotify:track:3PsJ6zisndTa3F9eOjBfCc&quot;},&quot;name&quot;:&quot;Emotion&quot;,&quot;preview_url&quot;:null,&quot;track_number&quot;:10,&quot;type&quot;:&quot;track&quot;,&quot;uri&quot;:&quot;spotify:track:0Dezmoeb373GNcYBjLVAMH&quot;,&quot;is_local&quot;:false}]},&quot;copyrights&quot;:[{&quot;text&quot;:&quot;Distributed exclusively by Warner Music France / ADA France, © 2005 Daft Life Ltd.&quot;,&quot;type&quot;:&quot;C&quot;},{&quot;text&quot;:&quot;Distributed exclusively by Warner Music France / ADA France, ℗ 2005 Daft Life Ltd.&quot;,&quot;type&quot;:&quot;P&quot;}],&quot;external_ids&quot;:{&quot;upc&quot;:&quot;0724386091956&quot;},&quot;genres&quot;:[],&quot;label&quot;:&quot;Daft Life Ltd./ADA France&quot;,&quot;popularity&quot;:50},{&quot;album_type&quot;:&quot;album&quot;,&quot;total_tracks&quot;:14,&quot;available_markets&quot;:[&quot;AR&quot;,&quot;AU&quot;,&quot;AT&quot;,&quot;BE&quot;,&quot;BO&quot;,&quot;BR&quot;,&quot;BG&quot;,&quot;CA&quot;,&quot;CL&quot;,&quot;CO&quot;,&quot;CR&quot;,&quot;CY&quot;,&quot;CZ&quot;,&quot;DK&quot;,&quot;DO&quot;,&quot;DE&quot;,&quot;EC&quot;,&quot;EE&quot;,&quot;SV&quot;,&quot;FI&quot;,&quot;FR&quot;,&quot;GR&quot;,&quot;GT&quot;,&quot;HN&quot;,&quot;HK&quot;,&quot;HU&quot;,&quot;IS&quot;,&quot;IE&quot;,&quot;IT&quot;,&quot;LV&quot;,&quot;LT&quot;,&quot;LU&quot;,&quot;MY&quot;,&quot;MT&quot;,&quot;MX&quot;,&quot;NL&quot;,&quot;NZ&quot;,&quot;NI&quot;,&quot;NO&quot;,&quot;PA&quot;,&quot;PY&quot;,&quot;PE&quot;,&quot;PH&quot;,&quot;PL&quot;,&quot;PT&quot;,&quot;SG&quot;,&quot;SK&quot;,&quot;ES&quot;,&quot;SE&quot;,&quot;CH&quot;,&quot;TW&quot;,&quot;TR&quot;,&quot;UY&quot;,&quot;US&quot;,&quot;GB&quot;,&quot;AD&quot;,&quot;LI&quot;,&quot;MC&quot;,&quot;ID&quot;,&quot;JP&quot;,&quot;TH&quot;,&quot;VN&quot;,&quot;RO&quot;,&quot;IL&quot;,&quot;ZA&quot;,&quot;SA&quot;,&quot;AE&quot;,&quot;BH&quot;,&quot;QA&quot;,&quot;OM&quot;,&quot;KW&quot;,&quot;EG&quot;,&quot;MA&quot;,&quot;DZ&quot;,&quot;TN&quot;,&quot;LB&quot;,&quot;JO&quot;,&quot;PS&quot;,&quot;IN&quot;,&quot;BY&quot;,&quot;KZ&quot;,&quot;MD&quot;,&quot;UA&quot;,&quot;AL&quot;,&quot;BA&quot;,&quot;HR&quot;,&quot;ME&quot;,&quot;MK&quot;,&quot;RS&quot;,&quot;SI&quot;,&quot;KR&quot;,&quot;BD&quot;,&quot;PK&quot;,&quot;LK&quot;,&quot;GH&quot;,&quot;KE&quot;,&quot;NG&quot;,&quot;TZ&quot;,&quot;UG&quot;,&quot;AG&quot;,&quot;AM&quot;,&quot;BS&quot;,&quot;BB&quot;,&quot;BZ&quot;,&quot;BT&quot;,&quot;BW&quot;,&quot;BF&quot;,&quot;CV&quot;,&quot;CW&quot;,&quot;DM&quot;,&quot;FJ&quot;,&quot;GM&quot;,&quot;GE&quot;,&quot;GD&quot;,&quot;GW&quot;,&quot;GY&quot;,&quot;HT&quot;,&quot;JM&quot;,&quot;KI&quot;,&quot;LS&quot;,&quot;LR&quot;,&quot;MW&quot;,&quot;MV&quot;,&quot;ML&quot;,&quot;MH&quot;,&quot;FM&quot;,&quot;NA&quot;,&quot;NR&quot;,&quot;NE&quot;,&quot;PW&quot;,&quot;PG&quot;,&quot;PR&quot;,&quot;WS&quot;,&quot;SM&quot;,&quot;ST&quot;,&quot;SN&quot;,&quot;SC&quot;,&quot;SL&quot;,&quot;SB&quot;,&quot;KN&quot;,&quot;LC&quot;,&quot;VC&quot;,&quot;SR&quot;,&quot;TL&quot;,&quot;TO&quot;,&quot;TT&quot;,&quot;TV&quot;,&quot;VU&quot;,&quot;AZ&quot;,&quot;BN&quot;,&quot;BI&quot;,&quot;KH&quot;,&quot;CM&quot;,&quot;TD&quot;,&quot;KM&quot;,&quot;GQ&quot;,&quot;SZ&quot;,&quot;GA&quot;,&quot;GN&quot;,&quot;KG&quot;,&quot;LA&quot;,&quot;MO&quot;,&quot;MR&quot;,&quot;MN&quot;,&quot;NP&quot;,&quot;RW&quot;,&quot;TG&quot;,&quot;UZ&quot;,&quot;ZW&quot;,&quot;BJ&quot;,&quot;MG&quot;,&quot;MU&quot;,&quot;MZ&quot;,&quot;AO&quot;,&quot;CI&quot;,&quot;DJ&quot;,&quot;ZM&quot;,&quot;CD&quot;,&quot;CG&quot;,&quot;IQ&quot;,&quot;LY&quot;,&quot;TJ&quot;,&quot;VE&quot;,&quot;ET&quot;,&quot;XK&quot;],&quot;external_urls&quot;:{&quot;spotify&quot;:&quot;https://open.spotify.com/album/2noRn2Aes5aoNVsU6iWThc&quot;},&quot;href&quot;:&quot;https://api.spotify.com/v1/albums/2noRn2Aes5aoNVsU6iWThc&quot;,&quot;id&quot;:&quot;2noRn2Aes5aoNVsU6iWThc&quot;,&quot;images&quot;:[{&quot;url&quot;:&quot;https://i.scdn.co/image/ab67616d0000b2732c25dad9f8fd54652f7ba5df&quot;,&quot;height&quot;:640,&quot;width&quot;:640},{&quot;url&quot;:&quot;https://i.scdn.co/image/ab67616d00001e022c25dad9f8fd54652f7ba5df&quot;,&quot;height&quot;:300,&quot;width&quot;:300},{&quot;url&quot;:&quot;https://i.scdn.co/image/ab67616d000048512c25dad9f8fd54652f7ba5df&quot;,&quot;height&quot;:64,&quot;width&quot;:64}],&quot;name&quot;:&quot;Discovery&quot;,&quot;release_date&quot;:&quot;2001-03-12&quot;,&quot;release_date_precision&quot;:&quot;day&quot;,&quot;type&quot;:&quot;album&quot;,&quot;uri&quot;:&quot;spotify:album:2noRn2Aes5aoNVsU6iWThc&quot;,&quot;artists&quot;:[{&quot;external_urls&quot;:{&quot;spotify&quot;:&quot;https://open.spotify.com/artist/4tZwfgrHOc3mvqYlEYSvVi&quot;},&quot;href&quot;:&quot;https://api.spotify.com/v1/artists/4tZwfgrHOc3mvqYlEYSvVi&quot;,&quot;id&quot;:&quot;4tZwfgrHOc3mvqYlEYSvVi&quot;,&quot;name&quot;:&quot;Daft Punk&quot;,&quot;type&quot;:&quot;artist&quot;,&quot;uri&quot;:&quot;spotify:artist:4tZwfgrHOc3mvqYlEYSvVi&quot;}],&quot;tracks&quot;:{&quot;href&quot;:&quot;https://api.spotify.com/v1/albums/2noRn2Aes5aoNVsU6iWThc/tracks?offset=0&amp;limit=50&quot;,&quot;limit&quot;:50,&quot;next&quot;:null,&quot;offset&quot;:0,&quot;previous&quot;:null,&quot;total&quot;:14,&quot;items&quot;:[{&quot;artists&quot;:[{&quot;external_urls&quot;:{&quot;spotify&quot;:&quot;https://open.spotify.com/artist/4tZwfgrHOc3mvqYlEYSvVi&quot;},&quot;href&quot;:&quot;https://api.spotify.com/v1/artists/4tZwfgrHOc3mvqYlEYSvVi&quot;,&quot;id&quot;:&quot;4tZwfgrHOc3mvqYlEYSvVi&quot;,&quot;name&quot;:&quot;Daft Punk&quot;,&quot;type&quot;:&quot;artist&quot;,&quot;uri&quot;:&quot;spotify:artist:4tZwfgrHOc3mvqYlEYSvVi&quot;}],&quot;available_markets&quot;:[&quot;AR&quot;,&quot;AU&quot;,&quot;AT&quot;,&quot;BE&quot;,&quot;BO&quot;,&quot;BR&quot;,&quot;BG&quot;,&quot;CA&quot;,&quot;CL&quot;,&quot;CO&quot;,&quot;CR&quot;,&quot;CY&quot;,&quot;CZ&quot;,&quot;DK&quot;,&quot;DO&quot;,&quot;DE&quot;,&quot;EC&quot;,&quot;EE&quot;,&quot;SV&quot;,&quot;FI&quot;,&quot;FR&quot;,&quot;GR&quot;,&quot;GT&quot;,&quot;HN&quot;,&quot;HK&quot;,&quot;HU&quot;,&quot;IS&quot;,&quot;IE&quot;,&quot;IT&quot;,&quot;LV&quot;,&quot;LT&quot;,&quot;LU&quot;,&quot;MY&quot;,&quot;MT&quot;,&quot;MX&quot;,&quot;NL&quot;,&quot;NZ&quot;,&quot;NI&quot;,&quot;NO&quot;,&quot;PA&quot;,&quot;PY&quot;,&quot;PE&quot;,&quot;PH&quot;,&quot;PL&quot;,&quot;PT&quot;,&quot;SG&quot;,&quot;SK&quot;,&quot;ES&quot;,&quot;SE&quot;,&quot;CH&quot;,&quot;TW&quot;,&quot;TR&quot;,&quot;UY&quot;,&quot;US&quot;,&quot;GB&quot;,&quot;AD&quot;,&quot;LI&quot;,&quot;MC&quot;,&quot;ID&quot;,&quot;JP&quot;,&quot;TH&quot;,&quot;VN&quot;,&quot;RO&quot;,&quot;IL&quot;,&quot;ZA&quot;,&quot;SA&quot;,&quot;AE&quot;,&quot;BH&quot;,&quot;QA&quot;,&quot;OM&quot;,&quot;KW&quot;,&quot;EG&quot;,&quot;MA&quot;,&quot;DZ&quot;,&quot;TN&quot;,&quot;LB&quot;,&quot;JO&quot;,&quot;PS&quot;,&quot;IN&quot;,&quot;BY&quot;,&quot;KZ&quot;,&quot;MD&quot;,&quot;UA&quot;,&quot;AL&quot;,&quot;BA&quot;,&quot;HR&quot;,&quot;ME&quot;,&quot;MK&quot;,&quot;RS&quot;,&quot;SI&quot;,&quot;KR&quot;,&quot;BD&quot;,&quot;PK&quot;,&quot;LK&quot;,&quot;GH&quot;,&quot;KE&quot;,&quot;NG&quot;,&quot;TZ&quot;,&quot;UG&quot;,&quot;AG&quot;,&quot;AM&quot;,&quot;BS&quot;,&quot;BB&quot;,&quot;BZ&quot;,&quot;BT&quot;,&quot;BW&quot;,&quot;BF&quot;,&quot;CV&quot;,&quot;CW&quot;,&quot;DM&quot;,&quot;FJ&quot;,&quot;GM&quot;,&quot;GE&quot;,&quot;GD&quot;,&quot;GW&quot;,&quot;GY&quot;,&quot;HT&quot;,&quot;JM&quot;,&quot;KI&quot;,&quot;LS&quot;,&quot;LR&quot;,&quot;MW&quot;,&quot;MV&quot;,&quot;ML&quot;,&quot;MH&quot;,&quot;FM&quot;,&quot;NA&quot;,&quot;NR&quot;,&quot;NE&quot;,&quot;PW&quot;,&quot;PG&quot;,&quot;PR&quot;,&quot;WS&quot;,&quot;SM&quot;,&quot;ST&quot;,&quot;SN&quot;,&quot;SC&quot;,&quot;SL&quot;,&quot;SB&quot;,&quot;KN&quot;,&quot;LC&quot;,&quot;VC&quot;,&quot;SR&quot;,&quot;TL&quot;,&quot;TO&quot;,&quot;TT&quot;,&quot;TV&quot;,&quot;VU&quot;,&quot;AZ&quot;,&quot;BN&quot;,&quot;BI&quot;,&quot;KH&quot;,&quot;CM&quot;,&quot;TD&quot;,&quot;KM&quot;,&quot;GQ&quot;,&quot;SZ&quot;,&quot;GA&quot;,&quot;GN&quot;,&quot;KG&quot;,&quot;LA&quot;,&quot;MO&quot;,&quot;MR&quot;,&quot;MN&quot;,&quot;NP&quot;,&quot;RW&quot;,&quot;TG&quot;,&quot;UZ&quot;,&quot;ZW&quot;,&quot;BJ&quot;,&quot;MG&quot;,&quot;MU&quot;,&quot;MZ&quot;,&quot;AO&quot;,&quot;CI&quot;,&quot;DJ&quot;,&quot;ZM&quot;,&quot;CD&quot;,&quot;CG&quot;,&quot;IQ&quot;,&quot;LY&quot;,&quot;TJ&quot;,&quot;VE&quot;,&quot;ET&quot;,&quot;XK&quot;],&quot;disc_number&quot;:1,&quot;duration_ms&quot;:320357,&quot;explicit&quot;:false,&quot;external_urls&quot;:{&quot;spotify&quot;:&quot;https://open.spotify.com/track/0DiWol3AO6WpXZgp0goxAV&quot;},&quot;href&quot;:&quot;https://api.spotify.com/v1/tracks/0DiWol3AO6WpXZgp0goxAV&quot;,&quot;id&quot;:&quot;0DiWol3AO6WpXZgp0goxAV&quot;,&quot;name&quot;:&quot;One More Time&quot;,&quot;preview_url&quot;:null,&quot;track_number&quot;:1,&quot;type&quot;:&quot;track&quot;,&quot;uri&quot;:&quot;spotify:track:0DiWol3AO6WpXZgp0goxAV&quot;,&quot;is_local&quot;:false},{&quot;artists&quot;:[{&quot;external_urls&quot;:{&quot;spotify&quot;:&quot;https://open.spotify.com/artist/4tZwfgrHOc3mvqYlEYSvVi&quot;},&quot;href&quot;:&quot;https://api.spotify.com/v1/artists/4tZwfgrHOc3mvqYlEYSvVi&quot;,&quot;id&quot;:&quot;4tZwfgrHOc3mvqYlEYSvVi&quot;,&quot;name&quot;:&quot;Daft Punk&quot;,&quot;type&quot;:&quot;artist&quot;,&quot;uri&quot;:&quot;spotify:artist:4tZwfgrHOc3mvqYlEYSvVi&quot;}],&quot;available_markets&quot;:[&quot;AR&quot;,&quot;AU&quot;,&quot;AT&quot;,&quot;BE&quot;,&quot;BO&quot;,&quot;BR&quot;,&quot;BG&quot;,&quot;CA&quot;,&quot;CL&quot;,&quot;CO&quot;,&quot;CR&quot;,&quot;CY&quot;,&quot;CZ&quot;,&quot;DK&quot;,&quot;DO&quot;,&quot;DE&quot;,&quot;EC&quot;,&quot;EE&quot;,&quot;SV&quot;,&quot;FI&quot;,&quot;FR&quot;,&quot;GR&quot;,&quot;GT&quot;,&quot;HN&quot;,&quot;HK&quot;,&quot;HU&quot;,&quot;IS&quot;,&quot;IE&quot;,&quot;IT&quot;,&quot;LV&quot;,&quot;LT&quot;,&quot;LU&quot;,&quot;MY&quot;,&quot;MT&quot;,&quot;MX&quot;,&quot;NL&quot;,&quot;NZ&quot;,&quot;NI&quot;,&quot;NO&quot;,&quot;PA&quot;,&quot;PY&quot;,&quot;PE&quot;,&quot;PH&quot;,&quot;PL&quot;,&quot;PT&quot;,&quot;SG&quot;,&quot;SK&quot;,&quot;ES&quot;,&quot;SE&quot;,&quot;CH&quot;,&quot;TW&quot;,&quot;TR&quot;,&quot;UY&quot;,&quot;US&quot;,&quot;GB&quot;,&quot;AD&quot;,&quot;LI&quot;,&quot;MC&quot;,&quot;ID&quot;,&quot;JP&quot;,&quot;TH&quot;,&quot;VN&quot;,&quot;RO&quot;,&quot;IL&quot;,&quot;ZA&quot;,&quot;SA&quot;,&quot;AE&quot;,&quot;BH&quot;,&quot;QA&quot;,&quot;OM&quot;,&quot;KW&quot;,&quot;EG&quot;,&quot;MA&quot;,&quot;DZ&quot;,&quot;TN&quot;,&quot;LB&quot;,&quot;JO&quot;,&quot;PS&quot;,&quot;IN&quot;,&quot;BY&quot;,&quot;KZ&quot;,&quot;MD&quot;,&quot;UA&quot;,&quot;AL&quot;,&quot;BA&quot;,&quot;HR&quot;,&quot;ME&quot;,&quot;MK&quot;,&quot;RS&quot;,&quot;SI&quot;,&quot;KR&quot;,&quot;BD&quot;,&quot;PK&quot;,&quot;LK&quot;,&quot;GH&quot;,&quot;KE&quot;,&quot;NG&quot;,&quot;TZ&quot;,&quot;UG&quot;,&quot;AG&quot;,&quot;AM&quot;,&quot;BS&quot;,&quot;BB&quot;,&quot;BZ&quot;,&quot;BT&quot;,&quot;BW&quot;,&quot;BF&quot;,&quot;CV&quot;,&quot;CW&quot;,&quot;DM&quot;,&quot;FJ&quot;,&quot;GM&quot;,&quot;GE&quot;,&quot;GD&quot;,&quot;GW&quot;,&quot;GY&quot;,&quot;HT&quot;,&quot;JM&quot;,&quot;KI&quot;,&quot;LS&quot;,&quot;LR&quot;,&quot;MW&quot;,&quot;MV&quot;,&quot;ML&quot;,&quot;MH&quot;,&quot;FM&quot;,&quot;NA&quot;,&quot;NR&quot;,&quot;NE&quot;,&quot;PW&quot;,&quot;PG&quot;,&quot;PR&quot;,&quot;WS&quot;,&quot;SM&quot;,&quot;ST&quot;,&quot;SN&quot;,&quot;SC&quot;,&quot;SL&quot;,&quot;SB&quot;,&quot;KN&quot;,&quot;LC&quot;,&quot;VC&quot;,&quot;SR&quot;,&quot;TL&quot;,&quot;TO&quot;,&quot;TT&quot;,&quot;TV&quot;,&quot;VU&quot;,&quot;AZ&quot;,&quot;BN&quot;,&quot;BI&quot;,&quot;KH&quot;,&quot;CM&quot;,&quot;TD&quot;,&quot;KM&quot;,&quot;GQ&quot;,&quot;SZ&quot;,&quot;GA&quot;,&quot;GN&quot;,&quot;KG&quot;,&quot;LA&quot;,&quot;MO&quot;,&quot;MR&quot;,&quot;MN&quot;,&quot;NP&quot;,&quot;RW&quot;,&quot;TG&quot;,&quot;UZ&quot;,&quot;ZW&quot;,&quot;BJ&quot;,&quot;MG&quot;,&quot;MU&quot;,&quot;MZ&quot;,&quot;AO&quot;,&quot;CI&quot;,&quot;DJ&quot;,&quot;ZM&quot;,&quot;CD&quot;,&quot;CG&quot;,&quot;IQ&quot;,&quot;LY&quot;,&quot;TJ&quot;,&quot;VE&quot;,&quot;ET&quot;,&quot;XK&quot;],&quot;disc_number&quot;:1,&quot;duration_ms&quot;:212546,&quot;explicit&quot;:false,&quot;external_urls&quot;:{&quot;spotify&quot;:&quot;https://open.spotify.com/track/3H3cOQ6LBLSvmcaV7QkZEu&quot;},&quot;href&quot;:&quot;https://api.spotify.com/v1/tracks/3H3cOQ6LBLSvmcaV7QkZEu&quot;,&quot;id&quot;:&quot;3H3cOQ6LBLSvmcaV7QkZEu&quot;,&quot;name&quot;:&quot;Aerodynamic&quot;,&quot;preview_url&quot;:null,&quot;track_number&quot;:2,&quot;type&quot;:&quot;track&quot;,&quot;uri&quot;:&quot;spotify:track:3H3cOQ6LBLSvmcaV7QkZEu&quot;,&quot;is_local&quot;:false},{&quot;artists&quot;:[{&quot;external_urls&quot;:{&quot;spotify&quot;:&quot;https://open.spotify.com/artist/4tZwfgrHOc3mvqYlEYSvVi&quot;},&quot;href&quot;:&quot;https://api.spotify.com/v1/artists/4tZwfgrHOc3mvqYlEYSvVi&quot;,&quot;id&quot;:&quot;4tZwfgrHOc3mvqYlEYSvVi&quot;,&quot;name&quot;:&quot;Daft Punk&quot;,&quot;type&quot;:&quot;artist&quot;,&quot;uri&quot;:&quot;spotify:artist:4tZwfgrHOc3mvqYlEYSvVi&quot;}],&quot;available_markets&quot;:[&quot;AR&quot;,&quot;AU&quot;,&quot;AT&quot;,&quot;BE&quot;,&quot;BO&quot;,&quot;BR&quot;,&quot;BG&quot;,&quot;CA&quot;,&quot;CL&quot;,&quot;CO&quot;,&quot;CR&quot;,&quot;CY&quot;,&quot;CZ&quot;,&quot;DK&quot;,&quot;DO&quot;,&quot;DE&quot;,&quot;EC&quot;,&quot;EE&quot;,&quot;SV&quot;,&quot;FI&quot;,&quot;FR&quot;,&quot;GR&quot;,&quot;GT&quot;,&quot;HN&quot;,&quot;HK&quot;,&quot;HU&quot;,&quot;IS&quot;,&quot;IE&quot;,&quot;IT&quot;,&quot;LV&quot;,&quot;LT&quot;,&quot;LU&quot;,&quot;MY&quot;,&quot;MT&quot;,&quot;MX&quot;,&quot;NL&quot;,&quot;NZ&quot;,&quot;NI&quot;,&quot;NO&quot;,&quot;PA&quot;,&quot;PY&quot;,&quot;PE&quot;,&quot;PH&quot;,&quot;PL&quot;,&quot;PT&quot;,&quot;SG&quot;,&quot;SK&quot;,&quot;ES&quot;,&quot;SE&quot;,&quot;CH&quot;,&quot;TW&quot;,&quot;TR&quot;,&quot;UY&quot;,&quot;US&quot;,&quot;GB&quot;,&quot;AD&quot;,&quot;LI&quot;,&quot;MC&quot;,&quot;ID&quot;,&quot;JP&quot;,&quot;TH&quot;,&quot;VN&quot;,&quot;RO&quot;,&quot;IL&quot;,&quot;ZA&quot;,&quot;SA&quot;,&quot;AE&quot;,&quot;BH&quot;,&quot;QA&quot;,&quot;OM&quot;,&quot;KW&quot;,&quot;EG&quot;,&quot;MA&quot;,&quot;DZ&quot;,&quot;TN&quot;,&quot;LB&quot;,&quot;JO&quot;,&quot;PS&quot;,&quot;IN&quot;,&quot;BY&quot;,&quot;KZ&quot;,&quot;MD&quot;,&quot;UA&quot;,&quot;AL&quot;,&quot;BA&quot;,&quot;HR&quot;,&quot;ME&quot;,&quot;MK&quot;,&quot;RS&quot;,&quot;SI&quot;,&quot;KR&quot;,&quot;BD&quot;,&quot;PK&quot;,&quot;LK&quot;,&quot;GH&quot;,&quot;KE&quot;,&quot;NG&quot;,&quot;TZ&quot;,&quot;UG&quot;,&quot;AG&quot;,&quot;AM&quot;,&quot;BS&quot;,&quot;BB&quot;,&quot;BZ&quot;,&quot;BT&quot;,&quot;BW&quot;,&quot;BF&quot;,&quot;CV&quot;,&quot;CW&quot;,&quot;DM&quot;,&quot;FJ&quot;,&quot;GM&quot;,&quot;GE&quot;,&quot;GD&quot;,&quot;GW&quot;,&quot;GY&quot;,&quot;HT&quot;,&quot;JM&quot;,&quot;KI&quot;,&quot;LS&quot;,&quot;LR&quot;,&quot;MW&quot;,&quot;MV&quot;,&quot;ML&quot;,&quot;MH&quot;,&quot;FM&quot;,&quot;NA&quot;,&quot;NR&quot;,&quot;NE&quot;,&quot;PW&quot;,&quot;PG&quot;,&quot;PR&quot;,&quot;WS&quot;,&quot;SM&quot;,&quot;ST&quot;,&quot;SN&quot;,&quot;SC&quot;,&quot;SL&quot;,&quot;SB&quot;,&quot;KN&quot;,&quot;LC&quot;,&quot;VC&quot;,&quot;SR&quot;,&quot;TL&quot;,&quot;TO&quot;,&quot;TT&quot;,&quot;TV&quot;,&quot;VU&quot;,&quot;AZ&quot;,&quot;BN&quot;,&quot;BI&quot;,&quot;KH&quot;,&quot;CM&quot;,&quot;TD&quot;,&quot;KM&quot;,&quot;GQ&quot;,&quot;SZ&quot;,&quot;GA&quot;,&quot;GN&quot;,&quot;KG&quot;,&quot;LA&quot;,&quot;MO&quot;,&quot;MR&quot;,&quot;MN&quot;,&quot;NP&quot;,&quot;RW&quot;,&quot;TG&quot;,&quot;UZ&quot;,&quot;ZW&quot;,&quot;BJ&quot;,&quot;MG&quot;,&quot;MU&quot;,&quot;MZ&quot;,&quot;AO&quot;,&quot;CI&quot;,&quot;DJ&quot;,&quot;ZM&quot;,&quot;CD&quot;,&quot;CG&quot;,&quot;IQ&quot;,&quot;LY&quot;,&quot;TJ&quot;,&quot;VE&quot;,&quot;ET&quot;,&quot;XK&quot;],&quot;disc_number&quot;:1,&quot;duration_ms&quot;:301373,&quot;explicit&quot;:false,&quot;external_urls&quot;:{&quot;spotify&quot;:&quot;https://open.spotify.com/track/2VEZx7NWsZ1D0eJ4uv5Fym&quot;},&quot;href&quot;:&quot;https://api.spotify.com/v1/tracks/2VEZx7NWsZ1D0eJ4uv5Fym&quot;,&quot;id&quot;:&quot;2VEZx7NWsZ1D0eJ4uv5Fym&quot;,&quot;name&quot;:&quot;Digital Love&quot;,&quot;preview_url&quot;:null,&quot;track_number&quot;:3,&quot;type&quot;:&quot;track&quot;,&quot;uri&quot;:&quot;spotify:track:2VEZx7NWsZ1D0eJ4uv5Fym&quot;,&quot;is_local&quot;:false},{&quot;artists&quot;:[{&quot;external_urls&quot;:{&quot;spotify&quot;:&quot;https://open.spotify.com/artist/4tZwfgrHOc3mvqYlEYSvVi&quot;},&quot;href&quot;:&quot;https://api.spotify.com/v1/artists/4tZwfgrHOc3mvqYlEYSvVi&quot;,&quot;id&quot;:&quot;4tZwfgrHOc3mvqYlEYSvVi&quot;,&quot;name&quot;:&quot;Daft Punk&quot;,&quot;type&quot;:&quot;artist&quot;,&quot;uri&quot;:&quot;spotify:artist:4tZwfgrHOc3mvqYlEYSvVi&quot;}],&quot;available_markets&quot;:[&quot;AR&quot;,&quot;AU&quot;,&quot;AT&quot;,&quot;BE&quot;,&quot;BO&quot;,&quot;BR&quot;,&quot;BG&quot;,&quot;CA&quot;,&quot;CL&quot;,&quot;CO&quot;,&quot;CR&quot;,&quot;CY&quot;,&quot;CZ&quot;,&quot;DK&quot;,&quot;DO&quot;,&quot;DE&quot;,&quot;EC&quot;,&quot;EE&quot;,&quot;SV&quot;,&quot;FI&quot;,&quot;FR&quot;,&quot;GR&quot;,&quot;GT&quot;,&quot;HN&quot;,&quot;HK&quot;,&quot;HU&quot;,&quot;IS&quot;,&quot;IE&quot;,&quot;IT&quot;,&quot;LV&quot;,&quot;LT&quot;,&quot;LU&quot;,&quot;MY&quot;,&quot;MT&quot;,&quot;MX&quot;,&quot;NL&quot;,&quot;NZ&quot;,&quot;NI&quot;,&quot;NO&quot;,&quot;PA&quot;,&quot;PY&quot;,&quot;PE&quot;,&quot;PH&quot;,&quot;PL&quot;,&quot;PT&quot;,&quot;SG&quot;,&quot;SK&quot;,&quot;ES&quot;,&quot;SE&quot;,&quot;CH&quot;,&quot;TW&quot;,&quot;TR&quot;,&quot;UY&quot;,&quot;US&quot;,&quot;GB&quot;,&quot;AD&quot;,&quot;LI&quot;,&quot;MC&quot;,&quot;ID&quot;,&quot;JP&quot;,&quot;TH&quot;,&quot;VN&quot;,&quot;RO&quot;,&quot;IL&quot;,&quot;ZA&quot;,&quot;SA&quot;,&quot;AE&quot;,&quot;BH&quot;,&quot;QA&quot;,&quot;OM&quot;,&quot;KW&quot;,&quot;EG&quot;,&quot;MA&quot;,&quot;DZ&quot;,&quot;TN&quot;,&quot;LB&quot;,&quot;JO&quot;,&quot;PS&quot;,&quot;IN&quot;,&quot;BY&quot;,&quot;KZ&quot;,&quot;MD&quot;,&quot;UA&quot;,&quot;AL&quot;,&quot;BA&quot;,&quot;HR&quot;,&quot;ME&quot;,&quot;MK&quot;,&quot;RS&quot;,&quot;SI&quot;,&quot;KR&quot;,&quot;BD&quot;,&quot;PK&quot;,&quot;LK&quot;,&quot;GH&quot;,&quot;KE&quot;,&quot;NG&quot;,&quot;TZ&quot;,&quot;UG&quot;,&quot;AG&quot;,&quot;AM&quot;,&quot;BS&quot;,&quot;BB&quot;,&quot;BZ&quot;,&quot;BT&quot;,&quot;BW&quot;,&quot;BF&quot;,&quot;CV&quot;,&quot;CW&quot;,&quot;DM&quot;,&quot;FJ&quot;,&quot;GM&quot;,&quot;GE&quot;,&quot;GD&quot;,&quot;GW&quot;,&quot;GY&quot;,&quot;HT&quot;,&quot;JM&quot;,&quot;KI&quot;,&quot;LS&quot;,&quot;LR&quot;,&quot;MW&quot;,&quot;MV&quot;,&quot;ML&quot;,&quot;MH&quot;,&quot;FM&quot;,&quot;NA&quot;,&quot;NR&quot;,&quot;NE&quot;,&quot;PW&quot;,&quot;PG&quot;,&quot;PR&quot;,&quot;WS&quot;,&quot;SM&quot;,&quot;ST&quot;,&quot;SN&quot;,&quot;SC&quot;,&quot;SL&quot;,&quot;SB&quot;,&quot;KN&quot;,&quot;LC&quot;,&quot;VC&quot;,&quot;SR&quot;,&quot;TL&quot;,&quot;TO&quot;,&quot;TT&quot;,&quot;TV&quot;,&quot;VU&quot;,&quot;AZ&quot;,&quot;BN&quot;,&quot;BI&quot;,&quot;KH&quot;,&quot;CM&quot;,&quot;TD&quot;,&quot;KM&quot;,&quot;GQ&quot;,&quot;SZ&quot;,&quot;GA&quot;,&quot;GN&quot;,&quot;KG&quot;,&quot;LA&quot;,&quot;MO&quot;,&quot;MR&quot;,&quot;MN&quot;,&quot;NP&quot;,&quot;RW&quot;,&quot;TG&quot;,&quot;UZ&quot;,&quot;ZW&quot;,&quot;BJ&quot;,&quot;MG&quot;,&quot;MU&quot;,&quot;MZ&quot;,&quot;AO&quot;,&quot;CI&quot;,&quot;DJ&quot;,&quot;ZM&quot;,&quot;CD&quot;,&quot;CG&quot;,&quot;IQ&quot;,&quot;LY&quot;,&quot;TJ&quot;,&quot;VE&quot;,&quot;ET&quot;,&quot;XK&quot;],&quot;disc_number&quot;:1,&quot;duration_ms&quot;:226413,&quot;explicit&quot;:false,&quot;external_urls&quot;:{&quot;spotify&quot;:&quot;https://open.spotify.com/track/5W3cjX2J3tjhG8zb6u0qHn&quot;},&quot;href&quot;:&quot;https://api.spotify.com/v1/tracks/5W3cjX2J3tjhG8zb6u0qHn&quot;,&quot;id&quot;:&quot;5W3cjX2J3tjhG8zb6u0qHn&quot;,&quot;name&quot;:&quot;Harder, Better, Faster, Stronger&quot;,&quot;preview_url&quot;:null,&quot;track_number&quot;:4,&quot;type&quot;:&quot;track&quot;,&quot;uri&quot;:&quot;spotify:track:5W3cjX2J3tjhG8zb6u0qHn&quot;,&quot;is_local&quot;:false},{&quot;artists&quot;:[{&quot;external_urls&quot;:{&quot;spotify&quot;:&quot;https://open.spotify.com/artist/4tZwfgrHOc3mvqYlEYSvVi&quot;},&quot;href&quot;:&quot;https://api.spotify.com/v1/artists/4tZwfgrHOc3mvqYlEYSvVi&quot;,&quot;id&quot;:&quot;4tZwfgrHOc3mvqYlEYSvVi&quot;,&quot;name&quot;:&quot;Daft Punk&quot;,&quot;type&quot;:&quot;artist&quot;,&quot;uri&quot;:&quot;spotify:artist:4tZwfgrHOc3mvqYlEYSvVi&quot;}],&quot;available_markets&quot;:[&quot;AR&quot;,&quot;AU&quot;,&quot;AT&quot;,&quot;BE&quot;,&quot;BO&quot;,&quot;BR&quot;,&quot;BG&quot;,&quot;CA&quot;,&quot;CL&quot;,&quot;CO&quot;,&quot;CR&quot;,&quot;CY&quot;,&quot;CZ&quot;,&quot;DK&quot;,&quot;DO&quot;,&quot;DE&quot;,&quot;EC&quot;,&quot;EE&quot;,&quot;SV&quot;,&quot;FI&quot;,&quot;FR&quot;,&quot;GR&quot;,&quot;GT&quot;,&quot;HN&quot;,&quot;HK&quot;,&quot;HU&quot;,&quot;IS&quot;,&quot;IE&quot;,&quot;IT&quot;,&quot;LV&quot;,&quot;LT&quot;,&quot;LU&quot;,&quot;MY&quot;,&quot;MT&quot;,&quot;MX&quot;,&quot;NL&quot;,&quot;NZ&quot;,&quot;NI&quot;,&quot;NO&quot;,&quot;PA&quot;,&quot;PY&quot;,&quot;PE&quot;,&quot;PH&quot;,&quot;PL&quot;,&quot;PT&quot;,&quot;SG&quot;,&quot;SK&quot;,&quot;ES&quot;,&quot;SE&quot;,&quot;CH&quot;,&quot;TW&quot;,&quot;TR&quot;,&quot;UY&quot;,&quot;US&quot;,&quot;GB&quot;,&quot;AD&quot;,&quot;LI&quot;,&quot;MC&quot;,&quot;ID&quot;,&quot;JP&quot;,&quot;TH&quot;,&quot;VN&quot;,&quot;RO&quot;,&quot;IL&quot;,&quot;ZA&quot;,&quot;SA&quot;,&quot;AE&quot;,&quot;BH&quot;,&quot;QA&quot;,&quot;OM&quot;,&quot;KW&quot;,&quot;EG&quot;,&quot;MA&quot;,&quot;DZ&quot;,&quot;TN&quot;,&quot;LB&quot;,&quot;JO&quot;,&quot;PS&quot;,&quot;IN&quot;,&quot;BY&quot;,&quot;KZ&quot;,&quot;MD&quot;,&quot;UA&quot;,&quot;AL&quot;,&quot;BA&quot;,&quot;HR&quot;,&quot;ME&quot;,&quot;MK&quot;,&quot;RS&quot;,&quot;SI&quot;,&quot;KR&quot;,&quot;BD&quot;,&quot;PK&quot;,&quot;LK&quot;,&quot;GH&quot;,&quot;KE&quot;,&quot;NG&quot;,&quot;TZ&quot;,&quot;UG&quot;,&quot;AG&quot;,&quot;AM&quot;,&quot;BS&quot;,&quot;BB&quot;,&quot;BZ&quot;,&quot;BT&quot;,&quot;BW&quot;,&quot;BF&quot;,&quot;CV&quot;,&quot;CW&quot;,&quot;DM&quot;,&quot;FJ&quot;,&quot;GM&quot;,&quot;GE&quot;,&quot;GD&quot;,&quot;GW&quot;,&quot;GY&quot;,&quot;HT&quot;,&quot;JM&quot;,&quot;KI&quot;,&quot;LS&quot;,&quot;LR&quot;,&quot;MW&quot;,&quot;MV&quot;,&quot;ML&quot;,&quot;MH&quot;,&quot;FM&quot;,&quot;NA&quot;,&quot;NR&quot;,&quot;NE&quot;,&quot;PW&quot;,&quot;PG&quot;,&quot;PR&quot;,&quot;WS&quot;,&quot;SM&quot;,&quot;ST&quot;,&quot;SN&quot;,&quot;SC&quot;,&quot;SL&quot;,&quot;SB&quot;,&quot;KN&quot;,&quot;LC&quot;,&quot;VC&quot;,&quot;SR&quot;,&quot;TL&quot;,&quot;TO&quot;,&quot;TT&quot;,&quot;TV&quot;,&quot;VU&quot;,&quot;AZ&quot;,&quot;BN&quot;,&quot;BI&quot;,&quot;KH&quot;,&quot;CM&quot;,&quot;TD&quot;,&quot;KM&quot;,&quot;GQ&quot;,&quot;SZ&quot;,&quot;GA&quot;,&quot;GN&quot;,&quot;KG&quot;,&quot;LA&quot;,&quot;MO&quot;,&quot;MR&quot;,&quot;MN&quot;,&quot;NP&quot;,&quot;RW&quot;,&quot;TG&quot;,&quot;UZ&quot;,&quot;ZW&quot;,&quot;BJ&quot;,&quot;MG&quot;,&quot;MU&quot;,&quot;MZ&quot;,&quot;AO&quot;,&quot;CI&quot;,&quot;DJ&quot;,&quot;ZM&quot;,&quot;CD&quot;,&quot;CG&quot;,&quot;IQ&quot;,&quot;LY&quot;,&quot;TJ&quot;,&quot;VE&quot;,&quot;ET&quot;,&quot;XK&quot;],&quot;disc_number&quot;:1,&quot;duration_ms&quot;:211640,&quot;explicit&quot;:false,&quot;external_urls&quot;:{&quot;spotify&quot;:&quot;https://open.spotify.com/track/6vuPZX9fWESg5js2JFTQRJ&quot;},&quot;href&quot;:&quot;https://api.spotify.com/v1/tracks/6vuPZX9fWESg5js2JFTQRJ&quot;,&quot;id&quot;:&quot;6vuPZX9fWESg5js2JFTQRJ&quot;,&quot;name&quot;:&quot;Crescendolls&quot;,&quot;preview_url&quot;:null,&quot;track_number&quot;:5,&quot;type&quot;:&quot;track&quot;,&quot;uri&quot;:&quot;spotify:track:6vuPZX9fWESg5js2JFTQRJ&quot;,&quot;is_local&quot;:false},{&quot;artists&quot;:[{&quot;external_urls&quot;:{&quot;spotify&quot;:&quot;https://open.spotify.com/artist/4tZwfgrHOc3mvqYlEYSvVi&quot;},&quot;href&quot;:&quot;https://api.spotify.com/v1/artists/4tZwfgrHOc3mvqYlEYSvVi&quot;,&quot;id&quot;:&quot;4tZwfgrHOc3mvqYlEYSvVi&quot;,&quot;name&quot;:&quot;Daft Punk&quot;,&quot;type&quot;:&quot;artist&quot;,&quot;uri&quot;:&quot;spotify:artist:4tZwfgrHOc3mvqYlEYSvVi&quot;}],&quot;available_markets&quot;:[&quot;AR&quot;,&quot;AU&quot;,&quot;AT&quot;,&quot;BE&quot;,&quot;BO&quot;,&quot;BR&quot;,&quot;BG&quot;,&quot;CA&quot;,&quot;CL&quot;,&quot;CO&quot;,&quot;CR&quot;,&quot;CY&quot;,&quot;CZ&quot;,&quot;DK&quot;,&quot;DO&quot;,&quot;DE&quot;,&quot;EC&quot;,&quot;EE&quot;,&quot;SV&quot;,&quot;FI&quot;,&quot;FR&quot;,&quot;GR&quot;,&quot;GT&quot;,&quot;HN&quot;,&quot;HK&quot;,&quot;HU&quot;,&quot;IS&quot;,&quot;IE&quot;,&quot;IT&quot;,&quot;LV&quot;,&quot;LT&quot;,&quot;LU&quot;,&quot;MY&quot;,&quot;MT&quot;,&quot;MX&quot;,&quot;NL&quot;,&quot;NZ&quot;,&quot;NI&quot;,&quot;NO&quot;,&quot;PA&quot;,&quot;PY&quot;,&quot;PE&quot;,&quot;PH&quot;,&quot;PL&quot;,&quot;PT&quot;,&quot;SG&quot;,&quot;SK&quot;,&quot;ES&quot;,&quot;SE&quot;,&quot;CH&quot;,&quot;TW&quot;,&quot;TR&quot;,&quot;UY&quot;,&quot;US&quot;,&quot;GB&quot;,&quot;AD&quot;,&quot;LI&quot;,&quot;MC&quot;,&quot;ID&quot;,&quot;JP&quot;,&quot;TH&quot;,&quot;VN&quot;,&quot;RO&quot;,&quot;IL&quot;,&quot;ZA&quot;,&quot;SA&quot;,&quot;AE&quot;,&quot;BH&quot;,&quot;QA&quot;,&quot;OM&quot;,&quot;KW&quot;,&quot;EG&quot;,&quot;MA&quot;,&quot;DZ&quot;,&quot;TN&quot;,&quot;LB&quot;,&quot;JO&quot;,&quot;PS&quot;,&quot;IN&quot;,&quot;BY&quot;,&quot;KZ&quot;,&quot;MD&quot;,&quot;UA&quot;,&quot;AL&quot;,&quot;BA&quot;,&quot;HR&quot;,&quot;ME&quot;,&quot;MK&quot;,&quot;RS&quot;,&quot;SI&quot;,&quot;KR&quot;,&quot;BD&quot;,&quot;PK&quot;,&quot;LK&quot;,&quot;GH&quot;,&quot;KE&quot;,&quot;NG&quot;,&quot;TZ&quot;,&quot;UG&quot;,&quot;AG&quot;,&quot;AM&quot;,&quot;BS&quot;,&quot;BB&quot;,&quot;BZ&quot;,&quot;BT&quot;,&quot;BW&quot;,&quot;BF&quot;,&quot;CV&quot;,&quot;CW&quot;,&quot;DM&quot;,&quot;FJ&quot;,&quot;GM&quot;,&quot;GE&quot;,&quot;GD&quot;,&quot;GW&quot;,&quot;GY&quot;,&quot;HT&quot;,&quot;JM&quot;,&quot;KI&quot;,&quot;LS&quot;,&quot;LR&quot;,&quot;MW&quot;,&quot;MV&quot;,&quot;ML&quot;,&quot;MH&quot;,&quot;FM&quot;,&quot;NA&quot;,&quot;NR&quot;,&quot;NE&quot;,&quot;PW&quot;,&quot;PG&quot;,&quot;PR&quot;,&quot;WS&quot;,&quot;SM&quot;,&quot;ST&quot;,&quot;SN&quot;,&quot;SC&quot;,&quot;SL&quot;,&quot;SB&quot;,&quot;KN&quot;,&quot;LC&quot;,&quot;VC&quot;,&quot;SR&quot;,&quot;TL&quot;,&quot;TO&quot;,&quot;TT&quot;,&quot;TV&quot;,&quot;VU&quot;,&quot;AZ&quot;,&quot;BN&quot;,&quot;BI&quot;,&quot;KH&quot;,&quot;CM&quot;,&quot;TD&quot;,&quot;KM&quot;,&quot;GQ&quot;,&quot;SZ&quot;,&quot;GA&quot;,&quot;GN&quot;,&quot;KG&quot;,&quot;LA&quot;,&quot;MO&quot;,&quot;MR&quot;,&quot;MN&quot;,&quot;NP&quot;,&quot;RW&quot;,&quot;TG&quot;,&quot;UZ&quot;,&quot;ZW&quot;,&quot;BJ&quot;,&quot;MG&quot;,&quot;MU&quot;,&quot;MZ&quot;,&quot;AO&quot;,&quot;CI&quot;,&quot;DJ&quot;,&quot;ZM&quot;,&quot;CD&quot;,&quot;CG&quot;,&quot;IQ&quot;,&quot;LY&quot;,&quot;TJ&quot;,&quot;VE&quot;,&quot;ET&quot;,&quot;XK&quot;],&quot;disc_number&quot;:1,&quot;duration_ms&quot;:104466,&quot;explicit&quot;:false,&quot;external_urls&quot;:{&quot;spotify&quot;:&quot;https://open.spotify.com/track/63JXZZRbmzooashakb0zbu&quot;},&quot;href&quot;:&quot;https://api.spotify.com/v1/tracks/63JXZZRbmzooashakb0zbu&quot;,&quot;id&quot;:&quot;63JXZZRbmzooashakb0zbu&quot;,&quot;name&quot;:&quot;Nightvision&quot;,&quot;preview_url&quot;:null,&quot;track_number&quot;:6,&quot;type&quot;:&quot;track&quot;,&quot;uri&quot;:&quot;spotify:track:63JXZZRbmzooashakb0zbu&quot;,&quot;is_local&quot;:false},{&quot;artists&quot;:[{&quot;external_urls&quot;:{&quot;spotify&quot;:&quot;https://open.spotify.com/artist/4tZwfgrHOc3mvqYlEYSvVi&quot;},&quot;href&quot;:&quot;https://api.spotify.com/v1/artists/4tZwfgrHOc3mvqYlEYSvVi&quot;,&quot;id&quot;:&quot;4tZwfgrHOc3mvqYlEYSvVi&quot;,&quot;name&quot;:&quot;Daft Punk&quot;,&quot;type&quot;:&quot;artist&quot;,&quot;uri&quot;:&quot;spotify:artist:4tZwfgrHOc3mvqYlEYSvVi&quot;}],&quot;available_markets&quot;:[&quot;AR&quot;,&quot;AU&quot;,&quot;AT&quot;,&quot;BE&quot;,&quot;BO&quot;,&quot;BR&quot;,&quot;BG&quot;,&quot;CA&quot;,&quot;CL&quot;,&quot;CO&quot;,&quot;CR&quot;,&quot;CY&quot;,&quot;CZ&quot;,&quot;DK&quot;,&quot;DO&quot;,&quot;DE&quot;,&quot;EC&quot;,&quot;EE&quot;,&quot;SV&quot;,&quot;FI&quot;,&quot;FR&quot;,&quot;GR&quot;,&quot;GT&quot;,&quot;HN&quot;,&quot;HK&quot;,&quot;HU&quot;,&quot;IS&quot;,&quot;IE&quot;,&quot;IT&quot;,&quot;LV&quot;,&quot;LT&quot;,&quot;LU&quot;,&quot;MY&quot;,&quot;MT&quot;,&quot;MX&quot;,&quot;NL&quot;,&quot;NZ&quot;,&quot;NI&quot;,&quot;NO&quot;,&quot;PA&quot;,&quot;PY&quot;,&quot;PE&quot;,&quot;PH&quot;,&quot;PL&quot;,&quot;PT&quot;,&quot;SG&quot;,&quot;SK&quot;,&quot;ES&quot;,&quot;SE&quot;,&quot;CH&quot;,&quot;TW&quot;,&quot;TR&quot;,&quot;UY&quot;,&quot;US&quot;,&quot;GB&quot;,&quot;AD&quot;,&quot;LI&quot;,&quot;MC&quot;,&quot;ID&quot;,&quot;JP&quot;,&quot;TH&quot;,&quot;VN&quot;,&quot;RO&quot;,&quot;IL&quot;,&quot;ZA&quot;,&quot;SA&quot;,&quot;AE&quot;,&quot;BH&quot;,&quot;QA&quot;,&quot;OM&quot;,&quot;KW&quot;,&quot;EG&quot;,&quot;MA&quot;,&quot;DZ&quot;,&quot;TN&quot;,&quot;LB&quot;,&quot;JO&quot;,&quot;PS&quot;,&quot;IN&quot;,&quot;BY&quot;,&quot;KZ&quot;,&quot;MD&quot;,&quot;UA&quot;,&quot;AL&quot;,&quot;BA&quot;,&quot;HR&quot;,&quot;ME&quot;,&quot;MK&quot;,&quot;RS&quot;,&quot;SI&quot;,&quot;KR&quot;,&quot;BD&quot;,&quot;PK&quot;,&quot;LK&quot;,&quot;GH&quot;,&quot;KE&quot;,&quot;NG&quot;,&quot;TZ&quot;,&quot;UG&quot;,&quot;AG&quot;,&quot;AM&quot;,&quot;BS&quot;,&quot;BB&quot;,&quot;BZ&quot;,&quot;BT&quot;,&quot;BW&quot;,&quot;BF&quot;,&quot;CV&quot;,&quot;CW&quot;,&quot;DM&quot;,&quot;FJ&quot;,&quot;GM&quot;,&quot;GE&quot;,&quot;GD&quot;,&quot;GW&quot;,&quot;GY&quot;,&quot;HT&quot;,&quot;JM&quot;,&quot;KI&quot;,&quot;LS&quot;,&quot;LR&quot;,&quot;MW&quot;,&quot;MV&quot;,&quot;ML&quot;,&quot;MH&quot;,&quot;FM&quot;,&quot;NA&quot;,&quot;NR&quot;,&quot;NE&quot;,&quot;PW&quot;,&quot;PG&quot;,&quot;PR&quot;,&quot;WS&quot;,&quot;SM&quot;,&quot;ST&quot;,&quot;SN&quot;,&quot;SC&quot;,&quot;SL&quot;,&quot;SB&quot;,&quot;KN&quot;,&quot;LC&quot;,&quot;VC&quot;,&quot;SR&quot;,&quot;TL&quot;,&quot;TO&quot;,&quot;TT&quot;,&quot;TV&quot;,&quot;VU&quot;,&quot;AZ&quot;,&quot;BN&quot;,&quot;BI&quot;,&quot;KH&quot;,&quot;CM&quot;,&quot;TD&quot;,&quot;KM&quot;,&quot;GQ&quot;,&quot;SZ&quot;,&quot;GA&quot;,&quot;GN&quot;,&quot;KG&quot;,&quot;LA&quot;,&quot;MO&quot;,&quot;MR&quot;,&quot;MN&quot;,&quot;NP&quot;,&quot;RW&quot;,&quot;TG&quot;,&quot;UZ&quot;,&quot;ZW&quot;,&quot;BJ&quot;,&quot;MG&quot;,&quot;MU&quot;,&quot;MZ&quot;,&quot;AO&quot;,&quot;CI&quot;,&quot;DJ&quot;,&quot;ZM&quot;,&quot;CD&quot;,&quot;CG&quot;,&quot;IQ&quot;,&quot;LY&quot;,&quot;TJ&quot;,&quot;VE&quot;,&quot;ET&quot;,&quot;XK&quot;],&quot;disc_number&quot;:1,&quot;duration_ms&quot;:237800,&quot;explicit&quot;:false,&quot;external_urls&quot;:{&quot;spotify&quot;:&quot;https://open.spotify.com/track/186hvCTyrni4KT9nwIQ7zS&quot;},&quot;href&quot;:&quot;https://api.spotify.com/v1/tracks/186hvCTyrni4KT9nwIQ7zS&quot;,&quot;id&quot;:&quot;186hvCTyrni4KT9nwIQ7zS&quot;,&quot;name&quot;:&quot;Superheroes&quot;,&quot;preview_url&quot;:null,&quot;track_number&quot;:7,&quot;type&quot;:&quot;track&quot;,&quot;uri&quot;:&quot;spotify:track:186hvCTyrni4KT9nwIQ7zS&quot;,&quot;is_local&quot;:false},{&quot;artists&quot;:[{&quot;external_urls&quot;:{&quot;spotify&quot;:&quot;https://open.spotify.com/artist/4tZwfgrHOc3mvqYlEYSvVi&quot;},&quot;href&quot;:&quot;https://api.spotify.com/v1/artists/4tZwfgrHOc3mvqYlEYSvVi&quot;,&quot;id&quot;:&quot;4tZwfgrHOc3mvqYlEYSvVi&quot;,&quot;name&quot;:&quot;Daft Punk&quot;,&quot;type&quot;:&quot;artist&quot;,&quot;uri&quot;:&quot;spotify:artist:4tZwfgrHOc3mvqYlEYSvVi&quot;}],&quot;available_markets&quot;:[&quot;AR&quot;,&quot;AU&quot;,&quot;AT&quot;,&quot;BE&quot;,&quot;BO&quot;,&quot;BR&quot;,&quot;BG&quot;,&quot;CA&quot;,&quot;CL&quot;,&quot;CO&quot;,&quot;CR&quot;,&quot;CY&quot;,&quot;CZ&quot;,&quot;DK&quot;,&quot;DO&quot;,&quot;DE&quot;,&quot;EC&quot;,&quot;EE&quot;,&quot;SV&quot;,&quot;FI&quot;,&quot;FR&quot;,&quot;GR&quot;,&quot;GT&quot;,&quot;HN&quot;,&quot;HK&quot;,&quot;HU&quot;,&quot;IS&quot;,&quot;IE&quot;,&quot;IT&quot;,&quot;LV&quot;,&quot;LT&quot;,&quot;LU&quot;,&quot;MY&quot;,&quot;MT&quot;,&quot;MX&quot;,&quot;NL&quot;,&quot;NZ&quot;,&quot;NI&quot;,&quot;NO&quot;,&quot;PA&quot;,&quot;PY&quot;,&quot;PE&quot;,&quot;PH&quot;,&quot;PL&quot;,&quot;PT&quot;,&quot;SG&quot;,&quot;SK&quot;,&quot;ES&quot;,&quot;SE&quot;,&quot;CH&quot;,&quot;TW&quot;,&quot;TR&quot;,&quot;UY&quot;,&quot;US&quot;,&quot;GB&quot;,&quot;AD&quot;,&quot;LI&quot;,&quot;MC&quot;,&quot;ID&quot;,&quot;JP&quot;,&quot;TH&quot;,&quot;VN&quot;,&quot;RO&quot;,&quot;IL&quot;,&quot;ZA&quot;,&quot;SA&quot;,&quot;AE&quot;,&quot;BH&quot;,&quot;QA&quot;,&quot;OM&quot;,&quot;KW&quot;,&quot;EG&quot;,&quot;MA&quot;,&quot;DZ&quot;,&quot;TN&quot;,&quot;LB&quot;,&quot;JO&quot;,&quot;PS&quot;,&quot;IN&quot;,&quot;BY&quot;,&quot;KZ&quot;,&quot;MD&quot;,&quot;UA&quot;,&quot;AL&quot;,&quot;BA&quot;,&quot;HR&quot;,&quot;ME&quot;,&quot;MK&quot;,&quot;RS&quot;,&quot;SI&quot;,&quot;KR&quot;,&quot;BD&quot;,&quot;PK&quot;,&quot;LK&quot;,&quot;GH&quot;,&quot;KE&quot;,&quot;NG&quot;,&quot;TZ&quot;,&quot;UG&quot;,&quot;AG&quot;,&quot;AM&quot;,&quot;BS&quot;,&quot;BB&quot;,&quot;BZ&quot;,&quot;BT&quot;,&quot;BW&quot;,&quot;BF&quot;,&quot;CV&quot;,&quot;CW&quot;,&quot;DM&quot;,&quot;FJ&quot;,&quot;GM&quot;,&quot;GE&quot;,&quot;GD&quot;,&quot;GW&quot;,&quot;GY&quot;,&quot;HT&quot;,&quot;JM&quot;,&quot;KI&quot;,&quot;LS&quot;,&quot;LR&quot;,&quot;MW&quot;,&quot;MV&quot;,&quot;ML&quot;,&quot;MH&quot;,&quot;FM&quot;,&quot;NA&quot;,&quot;NR&quot;,&quot;NE&quot;,&quot;PW&quot;,&quot;PG&quot;,&quot;PR&quot;,&quot;WS&quot;,&quot;SM&quot;,&quot;ST&quot;,&quot;SN&quot;,&quot;SC&quot;,&quot;SL&quot;,&quot;SB&quot;,&quot;KN&quot;,&quot;LC&quot;,&quot;VC&quot;,&quot;SR&quot;,&quot;TL&quot;,&quot;TO&quot;,&quot;TT&quot;,&quot;TV&quot;,&quot;VU&quot;,&quot;AZ&quot;,&quot;BN&quot;,&quot;BI&quot;,&quot;KH&quot;,&quot;CM&quot;,&quot;TD&quot;,&quot;KM&quot;,&quot;GQ&quot;,&quot;SZ&quot;,&quot;GA&quot;,&quot;GN&quot;,&quot;KG&quot;,&quot;LA&quot;,&quot;MO&quot;,&quot;MR&quot;,&quot;MN&quot;,&quot;NP&quot;,&quot;RW&quot;,&quot;TG&quot;,&quot;UZ&quot;,&quot;ZW&quot;,&quot;BJ&quot;,&quot;MG&quot;,&quot;MU&quot;,&quot;MZ&quot;,&quot;AO&quot;,&quot;CI&quot;,&quot;DJ&quot;,&quot;ZM&quot;,&quot;CD&quot;,&quot;CG&quot;,&quot;IQ&quot;,&quot;LY&quot;,&quot;TJ&quot;,&quot;VE&quot;,&quot;ET&quot;,&quot;XK&quot;],&quot;disc_number&quot;:1,&quot;duration_ms&quot;:201800,&quot;explicit&quot;:false,&quot;external_urls&quot;:{&quot;spotify&quot;:&quot;https://open.spotify.com/track/098ttCNmncrO4YvqWUNMvn&quot;},&quot;href&quot;:&quot;https://api.spotify.com/v1/tracks/098ttCNmncrO4YvqWUNMvn&quot;,&quot;id&quot;:&quot;098ttCNmncrO4YvqWUNMvn&quot;,&quot;name&quot;:&quot;High Life&quot;,&quot;preview_url&quot;:null,&quot;track_number&quot;:8,&quot;type&quot;:&quot;track&quot;,&quot;uri&quot;:&quot;spotify:track:098ttCNmncrO4YvqWUNMvn&quot;,&quot;is_local&quot;:false},{&quot;artists&quot;:[{&quot;external_urls&quot;:{&quot;spotify&quot;:&quot;https://open.spotify.com/artist/4tZwfgrHOc3mvqYlEYSvVi&quot;},&quot;href&quot;:&quot;https://api.spotify.com/v1/artists/4tZwfgrHOc3mvqYlEYSvVi&quot;,&quot;id&quot;:&quot;4tZwfgrHOc3mvqYlEYSvVi&quot;,&quot;name&quot;:&quot;Daft Punk&quot;,&quot;type&quot;:&quot;artist&quot;,&quot;uri&quot;:&quot;spotify:artist:4tZwfgrHOc3mvqYlEYSvVi&quot;}],&quot;available_markets&quot;:[&quot;AR&quot;,&quot;AU&quot;,&quot;AT&quot;,&quot;BE&quot;,&quot;BO&quot;,&quot;BR&quot;,&quot;BG&quot;,&quot;CA&quot;,&quot;CL&quot;,&quot;CO&quot;,&quot;CR&quot;,&quot;CY&quot;,&quot;CZ&quot;,&quot;DK&quot;,&quot;DO&quot;,&quot;DE&quot;,&quot;EC&quot;,&quot;EE&quot;,&quot;SV&quot;,&quot;FI&quot;,&quot;FR&quot;,&quot;GR&quot;,&quot;GT&quot;,&quot;HN&quot;,&quot;HK&quot;,&quot;HU&quot;,&quot;IS&quot;,&quot;IE&quot;,&quot;IT&quot;,&quot;LV&quot;,&quot;LT&quot;,&quot;LU&quot;,&quot;MY&quot;,&quot;MT&quot;,&quot;MX&quot;,&quot;NL&quot;,&quot;NZ&quot;,&quot;NI&quot;,&quot;NO&quot;,&quot;PA&quot;,&quot;PY&quot;,&quot;PE&quot;,&quot;PH&quot;,&quot;PL&quot;,&quot;PT&quot;,&quot;SG&quot;,&quot;SK&quot;,&quot;ES&quot;,&quot;SE&quot;,&quot;CH&quot;,&quot;TW&quot;,&quot;TR&quot;,&quot;UY&quot;,&quot;US&quot;,&quot;GB&quot;,&quot;AD&quot;,&quot;LI&quot;,&quot;MC&quot;,&quot;ID&quot;,&quot;JP&quot;,&quot;TH&quot;,&quot;VN&quot;,&quot;RO&quot;,&quot;IL&quot;,&quot;ZA&quot;,&quot;SA&quot;,&quot;AE&quot;,&quot;BH&quot;,&quot;QA&quot;,&quot;OM&quot;,&quot;KW&quot;,&quot;EG&quot;,&quot;MA&quot;,&quot;DZ&quot;,&quot;TN&quot;,&quot;LB&quot;,&quot;JO&quot;,&quot;PS&quot;,&quot;IN&quot;,&quot;BY&quot;,&quot;KZ&quot;,&quot;MD&quot;,&quot;UA&quot;,&quot;AL&quot;,&quot;BA&quot;,&quot;HR&quot;,&quot;ME&quot;,&quot;MK&quot;,&quot;RS&quot;,&quot;SI&quot;,&quot;KR&quot;,&quot;BD&quot;,&quot;PK&quot;,&quot;LK&quot;,&quot;GH&quot;,&quot;KE&quot;,&quot;NG&quot;,&quot;TZ&quot;,&quot;UG&quot;,&quot;AG&quot;,&quot;AM&quot;,&quot;BS&quot;,&quot;BB&quot;,&quot;BZ&quot;,&quot;BT&quot;,&quot;BW&quot;,&quot;BF&quot;,&quot;CV&quot;,&quot;CW&quot;,&quot;DM&quot;,&quot;FJ&quot;,&quot;GM&quot;,&quot;GE&quot;,&quot;GD&quot;,&quot;GW&quot;,&quot;GY&quot;,&quot;HT&quot;,&quot;JM&quot;,&quot;KI&quot;,&quot;LS&quot;,&quot;LR&quot;,&quot;MW&quot;,&quot;MV&quot;,&quot;ML&quot;,&quot;MH&quot;,&quot;FM&quot;,&quot;NA&quot;,&quot;NR&quot;,&quot;NE&quot;,&quot;PW&quot;,&quot;PG&quot;,&quot;PR&quot;,&quot;WS&quot;,&quot;SM&quot;,&quot;ST&quot;,&quot;SN&quot;,&quot;SC&quot;,&quot;SL&quot;,&quot;SB&quot;,&quot;KN&quot;,&quot;LC&quot;,&quot;VC&quot;,&quot;SR&quot;,&quot;TL&quot;,&quot;TO&quot;,&quot;TT&quot;,&quot;TV&quot;,&quot;VU&quot;,&quot;AZ&quot;,&quot;BN&quot;,&quot;BI&quot;,&quot;KH&quot;,&quot;CM&quot;,&quot;TD&quot;,&quot;KM&quot;,&quot;GQ&quot;,&quot;SZ&quot;,&quot;GA&quot;,&quot;GN&quot;,&quot;KG&quot;,&quot;LA&quot;,&quot;MO&quot;,&quot;MR&quot;,&quot;MN&quot;,&quot;NP&quot;,&quot;RW&quot;,&quot;TG&quot;,&quot;UZ&quot;,&quot;ZW&quot;,&quot;BJ&quot;,&quot;MG&quot;,&quot;MU&quot;,&quot;MZ&quot;,&quot;AO&quot;,&quot;CI&quot;,&quot;DJ&quot;,&quot;ZM&quot;,&quot;CD&quot;,&quot;CG&quot;,&quot;IQ&quot;,&quot;LY&quot;,&quot;TJ&quot;,&quot;VE&quot;,&quot;ET&quot;,&quot;XK&quot;],&quot;disc_number&quot;:1,&quot;duration_ms&quot;:232666,&quot;explicit&quot;:false,&quot;external_urls&quot;:{&quot;spotify&quot;:&quot;https://open.spotify.com/track/1NeLwFETswx8Fzxl2AFl91&quot;},&quot;href&quot;:&quot;https://api.spotify.com/v1/tracks/1NeLwFETswx8Fzxl2AFl91&quot;,&quot;id&quot;:&quot;1NeLwFETswx8Fzxl2AFl91&quot;,&quot;name&quot;:&quot;Something About Us&quot;,&quot;preview_url&quot;:null,&quot;track_number&quot;:9,&quot;type&quot;:&quot;track&quot;,&quot;uri&quot;:&quot;spotify:track:1NeLwFETswx8Fzxl2AFl91&quot;,&quot;is_local&quot;:false},{&quot;artists&quot;:[{&quot;external_urls&quot;:{&quot;spotify&quot;:&quot;https://open.spotify.com/artist/4tZwfgrHOc3mvqYlEYSvVi&quot;},&quot;href&quot;:&quot;https://api.spotify.com/v1/artists/4tZwfgrHOc3mvqYlEYSvVi&quot;,&quot;id&quot;:&quot;4tZwfgrHOc3mvqYlEYSvVi&quot;,&quot;name&quot;:&quot;Daft Punk&quot;,&quot;type&quot;:&quot;artist&quot;,&quot;uri&quot;:&quot;spotify:artist:4tZwfgrHOc3mvqYlEYSvVi&quot;}],&quot;available_markets&quot;:[&quot;AR&quot;,&quot;AU&quot;,&quot;AT&quot;,&quot;BE&quot;,&quot;BO&quot;,&quot;BR&quot;,&quot;BG&quot;,&quot;CA&quot;,&quot;CL&quot;,&quot;CO&quot;,&quot;CR&quot;,&quot;CY&quot;,&quot;CZ&quot;,&quot;DK&quot;,&quot;DO&quot;,&quot;DE&quot;,&quot;EC&quot;,&quot;EE&quot;,&quot;SV&quot;,&quot;FI&quot;,&quot;FR&quot;,&quot;GR&quot;,&quot;GT&quot;,&quot;HN&quot;,&quot;HK&quot;,&quot;HU&quot;,&quot;IS&quot;,&quot;IE&quot;,&quot;IT&quot;,&quot;LV&quot;,&quot;LT&quot;,&quot;LU&quot;,&quot;MY&quot;,&quot;MT&quot;,&quot;MX&quot;,&quot;NL&quot;,&quot;NZ&quot;,&quot;NI&quot;,&quot;NO&quot;,&quot;PA&quot;,&quot;PY&quot;,&quot;PE&quot;,&quot;PH&quot;,&quot;PL&quot;,&quot;PT&quot;,&quot;SG&quot;,&quot;SK&quot;,&quot;ES&quot;,&quot;SE&quot;,&quot;CH&quot;,&quot;TW&quot;,&quot;TR&quot;,&quot;UY&quot;,&quot;US&quot;,&quot;GB&quot;,&quot;AD&quot;,&quot;LI&quot;,&quot;MC&quot;,&quot;ID&quot;,&quot;JP&quot;,&quot;TH&quot;,&quot;VN&quot;,&quot;RO&quot;,&quot;IL&quot;,&quot;ZA&quot;,&quot;SA&quot;,&quot;AE&quot;,&quot;BH&quot;,&quot;QA&quot;,&quot;OM&quot;,&quot;KW&quot;,&quot;EG&quot;,&quot;MA&quot;,&quot;DZ&quot;,&quot;TN&quot;,&quot;LB&quot;,&quot;JO&quot;,&quot;PS&quot;,&quot;IN&quot;,&quot;BY&quot;,&quot;KZ&quot;,&quot;MD&quot;,&quot;UA&quot;,&quot;AL&quot;,&quot;BA&quot;,&quot;HR&quot;,&quot;ME&quot;,&quot;MK&quot;,&quot;RS&quot;,&quot;SI&quot;,&quot;KR&quot;,&quot;BD&quot;,&quot;PK&quot;,&quot;LK&quot;,&quot;GH&quot;,&quot;KE&quot;,&quot;NG&quot;,&quot;TZ&quot;,&quot;UG&quot;,&quot;AG&quot;,&quot;AM&quot;,&quot;BS&quot;,&quot;BB&quot;,&quot;BZ&quot;,&quot;BT&quot;,&quot;BW&quot;,&quot;BF&quot;,&quot;CV&quot;,&quot;CW&quot;,&quot;DM&quot;,&quot;FJ&quot;,&quot;GM&quot;,&quot;GE&quot;,&quot;GD&quot;,&quot;GW&quot;,&quot;GY&quot;,&quot;HT&quot;,&quot;JM&quot;,&quot;KI&quot;,&quot;LS&quot;,&quot;LR&quot;,&quot;MW&quot;,&quot;MV&quot;,&quot;ML&quot;,&quot;MH&quot;,&quot;FM&quot;,&quot;NA&quot;,&quot;NR&quot;,&quot;NE&quot;,&quot;PW&quot;,&quot;PG&quot;,&quot;PR&quot;,&quot;WS&quot;,&quot;SM&quot;,&quot;ST&quot;,&quot;SN&quot;,&quot;SC&quot;,&quot;SL&quot;,&quot;SB&quot;,&quot;KN&quot;,&quot;LC&quot;,&quot;VC&quot;,&quot;SR&quot;,&quot;TL&quot;,&quot;TO&quot;,&quot;TT&quot;,&quot;TV&quot;,&quot;VU&quot;,&quot;AZ&quot;,&quot;BN&quot;,&quot;BI&quot;,&quot;KH&quot;,&quot;CM&quot;,&quot;TD&quot;,&quot;KM&quot;,&quot;GQ&quot;,&quot;SZ&quot;,&quot;GA&quot;,&quot;GN&quot;,&quot;KG&quot;,&quot;LA&quot;,&quot;MO&quot;,&quot;MR&quot;,&quot;MN&quot;,&quot;NP&quot;,&quot;RW&quot;,&quot;TG&quot;,&quot;UZ&quot;,&quot;ZW&quot;,&quot;BJ&quot;,&quot;MG&quot;,&quot;MU&quot;,&quot;MZ&quot;,&quot;AO&quot;,&quot;CI&quot;,&quot;DJ&quot;,&quot;ZM&quot;,&quot;CD&quot;,&quot;CG&quot;,&quot;IQ&quot;,&quot;LY&quot;,&quot;TJ&quot;,&quot;VE&quot;,&quot;ET&quot;,&quot;XK&quot;],&quot;disc_number&quot;:1,&quot;duration_ms&quot;:227866,&quot;explicit&quot;:false,&quot;external_urls&quot;:{&quot;spotify&quot;:&quot;https://open.spotify.com/track/7cMFjxhbXBpOlais7KMF3j&quot;},&quot;href&quot;:&quot;https://api.spotify.com/v1/tracks/7cMFjxhbXBpOlais7KMF3j&quot;,&quot;id&quot;:&quot;7cMFjxhbXBpOlais7KMF3j&quot;,&quot;name&quot;:&quot;Voyager&quot;,&quot;preview_url&quot;:null,&quot;track_number&quot;:10,&quot;type&quot;:&quot;track&quot;,&quot;uri&quot;:&quot;spotify:track:7cMFjxhbXBpOlais7KMF3j&quot;,&quot;is_local&quot;:false},{&quot;artists&quot;:[{&quot;external_urls&quot;:{&quot;spotify&quot;:&quot;https://open.spotify.com/artist/4tZwfgrHOc3mvqYlEYSvVi&quot;},&quot;href&quot;:&quot;https://api.spotify.com/v1/artists/4tZwfgrHOc3mvqYlEYSvVi&quot;,&quot;id&quot;:&quot;4tZwfgrHOc3mvqYlEYSvVi&quot;,&quot;name&quot;:&quot;Daft Punk&quot;,&quot;type&quot;:&quot;artist&quot;,&quot;uri&quot;:&quot;spotify:artist:4tZwfgrHOc3mvqYlEYSvVi&quot;}],&quot;available_markets&quot;:[&quot;AR&quot;,&quot;AU&quot;,&quot;AT&quot;,&quot;BE&quot;,&quot;BO&quot;,&quot;BR&quot;,&quot;BG&quot;,&quot;CA&quot;,&quot;CL&quot;,&quot;CO&quot;,&quot;CR&quot;,&quot;CY&quot;,&quot;CZ&quot;,&quot;DK&quot;,&quot;DO&quot;,&quot;DE&quot;,&quot;EC&quot;,&quot;EE&quot;,&quot;SV&quot;,&quot;FI&quot;,&quot;FR&quot;,&quot;GR&quot;,&quot;GT&quot;,&quot;HN&quot;,&quot;HK&quot;,&quot;HU&quot;,&quot;IS&quot;,&quot;IE&quot;,&quot;IT&quot;,&quot;LV&quot;,&quot;LT&quot;,&quot;LU&quot;,&quot;MY&quot;,&quot;MT&quot;,&quot;MX&quot;,&quot;NL&quot;,&quot;NZ&quot;,&quot;NI&quot;,&quot;NO&quot;,&quot;PA&quot;,&quot;PY&quot;,&quot;PE&quot;,&quot;PH&quot;,&quot;PL&quot;,&quot;PT&quot;,&quot;SG&quot;,&quot;SK&quot;,&quot;ES&quot;,&quot;SE&quot;,&quot;CH&quot;,&quot;TW&quot;,&quot;TR&quot;,&quot;UY&quot;,&quot;US&quot;,&quot;GB&quot;,&quot;AD&quot;,&quot;LI&quot;,&quot;MC&quot;,&quot;ID&quot;,&quot;JP&quot;,&quot;TH&quot;,&quot;VN&quot;,&quot;RO&quot;,&quot;IL&quot;,&quot;ZA&quot;,&quot;SA&quot;,&quot;AE&quot;,&quot;BH&quot;,&quot;QA&quot;,&quot;OM&quot;,&quot;KW&quot;,&quot;EG&quot;,&quot;MA&quot;,&quot;DZ&quot;,&quot;TN&quot;,&quot;LB&quot;,&quot;JO&quot;,&quot;PS&quot;,&quot;IN&quot;,&quot;BY&quot;,&quot;KZ&quot;,&quot;MD&quot;,&quot;UA&quot;,&quot;AL&quot;,&quot;BA&quot;,&quot;HR&quot;,&quot;ME&quot;,&quot;MK&quot;,&quot;RS&quot;,&quot;SI&quot;,&quot;KR&quot;,&quot;BD&quot;,&quot;PK&quot;,&quot;LK&quot;,&quot;GH&quot;,&quot;KE&quot;,&quot;NG&quot;,&quot;TZ&quot;,&quot;UG&quot;,&quot;AG&quot;,&quot;AM&quot;,&quot;BS&quot;,&quot;BB&quot;,&quot;BZ&quot;,&quot;BT&quot;,&quot;BW&quot;,&quot;BF&quot;,&quot;CV&quot;,&quot;CW&quot;,&quot;DM&quot;,&quot;FJ&quot;,&quot;GM&quot;,&quot;GE&quot;,&quot;GD&quot;,&quot;GW&quot;,&quot;GY&quot;,&quot;HT&quot;,&quot;JM&quot;,&quot;KI&quot;,&quot;LS&quot;,&quot;LR&quot;,&quot;MW&quot;,&quot;MV&quot;,&quot;ML&quot;,&quot;MH&quot;,&quot;FM&quot;,&quot;NA&quot;,&quot;NR&quot;,&quot;NE&quot;,&quot;PW&quot;,&quot;PG&quot;,&quot;PR&quot;,&quot;WS&quot;,&quot;SM&quot;,&quot;ST&quot;,&quot;SN&quot;,&quot;SC&quot;,&quot;SL&quot;,&quot;SB&quot;,&quot;KN&quot;,&quot;LC&quot;,&quot;VC&quot;,&quot;SR&quot;,&quot;TL&quot;,&quot;TO&quot;,&quot;TT&quot;,&quot;TV&quot;,&quot;VU&quot;,&quot;AZ&quot;,&quot;BN&quot;,&quot;BI&quot;,&quot;KH&quot;,&quot;CM&quot;,&quot;TD&quot;,&quot;KM&quot;,&quot;GQ&quot;,&quot;SZ&quot;,&quot;GA&quot;,&quot;GN&quot;,&quot;KG&quot;,&quot;LA&quot;,&quot;MO&quot;,&quot;MR&quot;,&quot;MN&quot;,&quot;NP&quot;,&quot;RW&quot;,&quot;TG&quot;,&quot;UZ&quot;,&quot;ZW&quot;,&quot;BJ&quot;,&quot;MG&quot;,&quot;MU&quot;,&quot;MZ&quot;,&quot;AO&quot;,&quot;CI&quot;,&quot;DJ&quot;,&quot;ZM&quot;,&quot;CD&quot;,&quot;CG&quot;,&quot;IQ&quot;,&quot;LY&quot;,&quot;TJ&quot;,&quot;VE&quot;,&quot;ET&quot;,&quot;XK&quot;],&quot;disc_number&quot;:1,&quot;duration_ms&quot;:345186,&quot;explicit&quot;:false,&quot;external_urls&quot;:{&quot;spotify&quot;:&quot;https://open.spotify.com/track/2LD2gT7gwAurzdQDQtILds&quot;},&quot;href&quot;:&quot;https://api.spotify.com/v1/tracks/2LD2gT7gwAurzdQDQtILds&quot;,&quot;id&quot;:&quot;2LD2gT7gwAurzdQDQtILds&quot;,&quot;name&quot;:&quot;Veridis Quo&quot;,&quot;preview_url&quot;:null,&quot;track_number&quot;:11,&quot;type&quot;:&quot;track&quot;,&quot;uri&quot;:&quot;spotify:track:2LD2gT7gwAurzdQDQtILds&quot;,&quot;is_local&quot;:false},{&quot;artists&quot;:[{&quot;external_urls&quot;:{&quot;spotify&quot;:&quot;https://open.spotify.com/artist/4tZwfgrHOc3mvqYlEYSvVi&quot;},&quot;href&quot;:&quot;https://api.spotify.com/v1/artists/4tZwfgrHOc3mvqYlEYSvVi&quot;,&quot;id&quot;:&quot;4tZwfgrHOc3mvqYlEYSvVi&quot;,&quot;name&quot;:&quot;Daft Punk&quot;,&quot;type&quot;:&quot;artist&quot;,&quot;uri&quot;:&quot;spotify:artist:4tZwfgrHOc3mvqYlEYSvVi&quot;}],&quot;available_markets&quot;:[&quot;AR&quot;,&quot;AU&quot;,&quot;AT&quot;,&quot;BE&quot;,&quot;BO&quot;,&quot;BR&quot;,&quot;BG&quot;,&quot;CA&quot;,&quot;CL&quot;,&quot;CO&quot;,&quot;CR&quot;,&quot;CY&quot;,&quot;CZ&quot;,&quot;DK&quot;,&quot;DO&quot;,&quot;DE&quot;,&quot;EC&quot;,&quot;EE&quot;,&quot;SV&quot;,&quot;FI&quot;,&quot;FR&quot;,&quot;GR&quot;,&quot;GT&quot;,&quot;HN&quot;,&quot;HK&quot;,&quot;HU&quot;,&quot;IS&quot;,&quot;IE&quot;,&quot;IT&quot;,&quot;LV&quot;,&quot;LT&quot;,&quot;LU&quot;,&quot;MY&quot;,&quot;MT&quot;,&quot;MX&quot;,&quot;NL&quot;,&quot;NZ&quot;,&quot;NI&quot;,&quot;NO&quot;,&quot;PA&quot;,&quot;PY&quot;,&quot;PE&quot;,&quot;PH&quot;,&quot;PL&quot;,&quot;PT&quot;,&quot;SG&quot;,&quot;SK&quot;,&quot;ES&quot;,&quot;SE&quot;,&quot;CH&quot;,&quot;TW&quot;,&quot;TR&quot;,&quot;UY&quot;,&quot;US&quot;,&quot;GB&quot;,&quot;AD&quot;,&quot;LI&quot;,&quot;MC&quot;,&quot;ID&quot;,&quot;JP&quot;,&quot;TH&quot;,&quot;VN&quot;,&quot;RO&quot;,&quot;IL&quot;,&quot;ZA&quot;,&quot;SA&quot;,&quot;AE&quot;,&quot;BH&quot;,&quot;QA&quot;,&quot;OM&quot;,&quot;KW&quot;,&quot;EG&quot;,&quot;MA&quot;,&quot;DZ&quot;,&quot;TN&quot;,&quot;LB&quot;,&quot;JO&quot;,&quot;PS&quot;,&quot;IN&quot;,&quot;BY&quot;,&quot;KZ&quot;,&quot;MD&quot;,&quot;UA&quot;,&quot;AL&quot;,&quot;BA&quot;,&quot;HR&quot;,&quot;ME&quot;,&quot;MK&quot;,&quot;RS&quot;,&quot;SI&quot;,&quot;KR&quot;,&quot;BD&quot;,&quot;PK&quot;,&quot;LK&quot;,&quot;GH&quot;,&quot;KE&quot;,&quot;NG&quot;,&quot;TZ&quot;,&quot;UG&quot;,&quot;AG&quot;,&quot;AM&quot;,&quot;BS&quot;,&quot;BB&quot;,&quot;BZ&quot;,&quot;BT&quot;,&quot;BW&quot;,&quot;BF&quot;,&quot;CV&quot;,&quot;CW&quot;,&quot;DM&quot;,&quot;FJ&quot;,&quot;GM&quot;,&quot;GE&quot;,&quot;GD&quot;,&quot;GW&quot;,&quot;GY&quot;,&quot;HT&quot;,&quot;JM&quot;,&quot;KI&quot;,&quot;LS&quot;,&quot;LR&quot;,&quot;MW&quot;,&quot;MV&quot;,&quot;ML&quot;,&quot;MH&quot;,&quot;FM&quot;,&quot;NA&quot;,&quot;NR&quot;,&quot;NE&quot;,&quot;PW&quot;,&quot;PG&quot;,&quot;PR&quot;,&quot;WS&quot;,&quot;SM&quot;,&quot;ST&quot;,&quot;SN&quot;,&quot;SC&quot;,&quot;SL&quot;,&quot;SB&quot;,&quot;KN&quot;,&quot;LC&quot;,&quot;VC&quot;,&quot;SR&quot;,&quot;TL&quot;,&quot;TO&quot;,&quot;TT&quot;,&quot;TV&quot;,&quot;VU&quot;,&quot;AZ&quot;,&quot;BN&quot;,&quot;BI&quot;,&quot;KH&quot;,&quot;CM&quot;,&quot;TD&quot;,&quot;KM&quot;,&quot;GQ&quot;,&quot;SZ&quot;,&quot;GA&quot;,&quot;GN&quot;,&quot;KG&quot;,&quot;LA&quot;,&quot;MO&quot;,&quot;MR&quot;,&quot;MN&quot;,&quot;NP&quot;,&quot;RW&quot;,&quot;TG&quot;,&quot;UZ&quot;,&quot;ZW&quot;,&quot;BJ&quot;,&quot;MG&quot;,&quot;MU&quot;,&quot;MZ&quot;,&quot;AO&quot;,&quot;CI&quot;,&quot;DJ&quot;,&quot;ZM&quot;,&quot;CD&quot;,&quot;CG&quot;,&quot;IQ&quot;,&quot;LY&quot;,&quot;TJ&quot;,&quot;VE&quot;,&quot;ET&quot;,&quot;XK&quot;],&quot;disc_number&quot;:1,&quot;duration_ms&quot;:206866,&quot;explicit&quot;:false,&quot;external_urls&quot;:{&quot;spotify&quot;:&quot;https://open.spotify.com/track/4npMbTuxrUA3Wd7edACZ2L&quot;},&quot;href&quot;:&quot;https://api.spotify.com/v1/tracks/4npMbTuxrUA3Wd7edACZ2L&quot;,&quot;id&quot;:&quot;4npMbTuxrUA3Wd7edACZ2L&quot;,&quot;name&quot;:&quot;Short Circuit&quot;,&quot;preview_url&quot;:null,&quot;track_number&quot;:12,&quot;type&quot;:&quot;track&quot;,&quot;uri&quot;:&quot;spotify:track:4npMbTuxrUA3Wd7edACZ2L&quot;,&quot;is_local&quot;:false},{&quot;artists&quot;:[{&quot;external_urls&quot;:{&quot;spotify&quot;:&quot;https://open.spotify.com/artist/4tZwfgrHOc3mvqYlEYSvVi&quot;},&quot;href&quot;:&quot;https://api.spotify.com/v1/artists/4tZwfgrHOc3mvqYlEYSvVi&quot;,&quot;id&quot;:&quot;4tZwfgrHOc3mvqYlEYSvVi&quot;,&quot;name&quot;:&quot;Daft Punk&quot;,&quot;type&quot;:&quot;artist&quot;,&quot;uri&quot;:&quot;spotify:artist:4tZwfgrHOc3mvqYlEYSvVi&quot;}],&quot;available_markets&quot;:[&quot;AR&quot;,&quot;AU&quot;,&quot;AT&quot;,&quot;BE&quot;,&quot;BO&quot;,&quot;BR&quot;,&quot;BG&quot;,&quot;CA&quot;,&quot;CL&quot;,&quot;CO&quot;,&quot;CR&quot;,&quot;CY&quot;,&quot;CZ&quot;,&quot;DK&quot;,&quot;DO&quot;,&quot;DE&quot;,&quot;EC&quot;,&quot;EE&quot;,&quot;SV&quot;,&quot;FI&quot;,&quot;FR&quot;,&quot;GR&quot;,&quot;GT&quot;,&quot;HN&quot;,&quot;HK&quot;,&quot;HU&quot;,&quot;IS&quot;,&quot;IE&quot;,&quot;IT&quot;,&quot;LV&quot;,&quot;LT&quot;,&quot;LU&quot;,&quot;MY&quot;,&quot;MT&quot;,&quot;MX&quot;,&quot;NL&quot;,&quot;NZ&quot;,&quot;NI&quot;,&quot;NO&quot;,&quot;PA&quot;,&quot;PY&quot;,&quot;PE&quot;,&quot;PH&quot;,&quot;PL&quot;,&quot;PT&quot;,&quot;SG&quot;,&quot;SK&quot;,&quot;ES&quot;,&quot;SE&quot;,&quot;CH&quot;,&quot;TW&quot;,&quot;TR&quot;,&quot;UY&quot;,&quot;US&quot;,&quot;GB&quot;,&quot;AD&quot;,&quot;LI&quot;,&quot;MC&quot;,&quot;ID&quot;,&quot;JP&quot;,&quot;TH&quot;,&quot;VN&quot;,&quot;RO&quot;,&quot;IL&quot;,&quot;ZA&quot;,&quot;SA&quot;,&quot;AE&quot;,&quot;BH&quot;,&quot;QA&quot;,&quot;OM&quot;,&quot;KW&quot;,&quot;EG&quot;,&quot;MA&quot;,&quot;DZ&quot;,&quot;TN&quot;,&quot;LB&quot;,&quot;JO&quot;,&quot;PS&quot;,&quot;IN&quot;,&quot;BY&quot;,&quot;KZ&quot;,&quot;MD&quot;,&quot;UA&quot;,&quot;AL&quot;,&quot;BA&quot;,&quot;HR&quot;,&quot;ME&quot;,&quot;MK&quot;,&quot;RS&quot;,&quot;SI&quot;,&quot;KR&quot;,&quot;BD&quot;,&quot;PK&quot;,&quot;LK&quot;,&quot;GH&quot;,&quot;KE&quot;,&quot;NG&quot;,&quot;TZ&quot;,&quot;UG&quot;,&quot;AG&quot;,&quot;AM&quot;,&quot;BS&quot;,&quot;BB&quot;,&quot;BZ&quot;,&quot;BT&quot;,&quot;BW&quot;,&quot;BF&quot;,&quot;CV&quot;,&quot;CW&quot;,&quot;DM&quot;,&quot;FJ&quot;,&quot;GM&quot;,&quot;GE&quot;,&quot;GD&quot;,&quot;GW&quot;,&quot;GY&quot;,&quot;HT&quot;,&quot;JM&quot;,&quot;KI&quot;,&quot;LS&quot;,&quot;LR&quot;,&quot;MW&quot;,&quot;MV&quot;,&quot;ML&quot;,&quot;MH&quot;,&quot;FM&quot;,&quot;NA&quot;,&quot;NR&quot;,&quot;NE&quot;,&quot;PW&quot;,&quot;PG&quot;,&quot;PR&quot;,&quot;WS&quot;,&quot;SM&quot;,&quot;ST&quot;,&quot;SN&quot;,&quot;SC&quot;,&quot;SL&quot;,&quot;SB&quot;,&quot;KN&quot;,&quot;LC&quot;,&quot;VC&quot;,&quot;SR&quot;,&quot;TL&quot;,&quot;TO&quot;,&quot;TT&quot;,&quot;TV&quot;,&quot;VU&quot;,&quot;AZ&quot;,&quot;BN&quot;,&quot;BI&quot;,&quot;KH&quot;,&quot;CM&quot;,&quot;TD&quot;,&quot;KM&quot;,&quot;GQ&quot;,&quot;SZ&quot;,&quot;GA&quot;,&quot;GN&quot;,&quot;KG&quot;,&quot;LA&quot;,&quot;MO&quot;,&quot;MR&quot;,&quot;MN&quot;,&quot;NP&quot;,&quot;RW&quot;,&quot;TG&quot;,&quot;UZ&quot;,&quot;ZW&quot;,&quot;BJ&quot;,&quot;MG&quot;,&quot;MU&quot;,&quot;MZ&quot;,&quot;AO&quot;,&quot;CI&quot;,&quot;DJ&quot;,&quot;ZM&quot;,&quot;CD&quot;,&quot;CG&quot;,&quot;IQ&quot;,&quot;LY&quot;,&quot;TJ&quot;,&quot;VE&quot;,&quot;ET&quot;,&quot;XK&quot;],&quot;disc_number&quot;:1,&quot;duration_ms&quot;:240173,&quot;explicit&quot;:false,&quot;external_urls&quot;:{&quot;spotify&quot;:&quot;https://open.spotify.com/track/7v9Q0dAb9t7h8gJOkcJHay&quot;},&quot;href&quot;:&quot;https://api.spotify.com/v1/tracks/7v9Q0dAb9t7h8gJOkcJHay&quot;,&quot;id&quot;:&quot;7v9Q0dAb9t7h8gJOkcJHay&quot;,&quot;name&quot;:&quot;Face to Face&quot;,&quot;preview_url&quot;:null,&quot;track_number&quot;:13,&quot;type&quot;:&quot;track&quot;,&quot;uri&quot;:&quot;spotify:track:7v9Q0dAb9t7h8gJOkcJHay&quot;,&quot;is_local&quot;:false},{&quot;artists&quot;:[{&quot;external_urls&quot;:{&quot;spotify&quot;:&quot;https://open.spotify.com/artist/4tZwfgrHOc3mvqYlEYSvVi&quot;},&quot;href&quot;:&quot;https://api.spotify.com/v1/artists/4tZwfgrHOc3mvqYlEYSvVi&quot;,&quot;id&quot;:&quot;4tZwfgrHOc3mvqYlEYSvVi&quot;,&quot;name&quot;:&quot;Daft Punk&quot;,&quot;type&quot;:&quot;artist&quot;,&quot;uri&quot;:&quot;spotify:artist:4tZwfgrHOc3mvqYlEYSvVi&quot;}],&quot;available_markets&quot;:[&quot;AR&quot;,&quot;AU&quot;,&quot;AT&quot;,&quot;BE&quot;,&quot;BO&quot;,&quot;BR&quot;,&quot;BG&quot;,&quot;CA&quot;,&quot;CL&quot;,&quot;CO&quot;,&quot;CR&quot;,&quot;CY&quot;,&quot;CZ&quot;,&quot;DK&quot;,&quot;DO&quot;,&quot;DE&quot;,&quot;EC&quot;,&quot;EE&quot;,&quot;SV&quot;,&quot;FI&quot;,&quot;FR&quot;,&quot;GR&quot;,&quot;GT&quot;,&quot;HN&quot;,&quot;HK&quot;,&quot;HU&quot;,&quot;IS&quot;,&quot;IE&quot;,&quot;IT&quot;,&quot;LV&quot;,&quot;LT&quot;,&quot;LU&quot;,&quot;MY&quot;,&quot;MT&quot;,&quot;MX&quot;,&quot;NL&quot;,&quot;NZ&quot;,&quot;NI&quot;,&quot;NO&quot;,&quot;PA&quot;,&quot;PY&quot;,&quot;PE&quot;,&quot;PH&quot;,&quot;PL&quot;,&quot;PT&quot;,&quot;SG&quot;,&quot;SK&quot;,&quot;ES&quot;,&quot;SE&quot;,&quot;CH&quot;,&quot;TW&quot;,&quot;TR&quot;,&quot;UY&quot;,&quot;US&quot;,&quot;GB&quot;,&quot;AD&quot;,&quot;LI&quot;,&quot;MC&quot;,&quot;ID&quot;,&quot;JP&quot;,&quot;TH&quot;,&quot;VN&quot;,&quot;RO&quot;,&quot;IL&quot;,&quot;ZA&quot;,&quot;SA&quot;,&quot;AE&quot;,&quot;BH&quot;,&quot;QA&quot;,&quot;OM&quot;,&quot;KW&quot;,&quot;EG&quot;,&quot;MA&quot;,&quot;DZ&quot;,&quot;TN&quot;,&quot;LB&quot;,&quot;JO&quot;,&quot;PS&quot;,&quot;IN&quot;,&quot;BY&quot;,&quot;KZ&quot;,&quot;MD&quot;,&quot;UA&quot;,&quot;AL&quot;,&quot;BA&quot;,&quot;HR&quot;,&quot;ME&quot;,&quot;MK&quot;,&quot;RS&quot;,&quot;SI&quot;,&quot;KR&quot;,&quot;BD&quot;,&quot;PK&quot;,&quot;LK&quot;,&quot;GH&quot;,&quot;KE&quot;,&quot;NG&quot;,&quot;TZ&quot;,&quot;UG&quot;,&quot;AG&quot;,&quot;AM&quot;,&quot;BS&quot;,&quot;BB&quot;,&quot;BZ&quot;,&quot;BT&quot;,&quot;BW&quot;,&quot;BF&quot;,&quot;CV&quot;,&quot;CW&quot;,&quot;DM&quot;,&quot;FJ&quot;,&quot;GM&quot;,&quot;GE&quot;,&quot;GD&quot;,&quot;GW&quot;,&quot;GY&quot;,&quot;HT&quot;,&quot;JM&quot;,&quot;KI&quot;,&quot;LS&quot;,&quot;LR&quot;,&quot;MW&quot;,&quot;MV&quot;,&quot;ML&quot;,&quot;MH&quot;,&quot;FM&quot;,&quot;NA&quot;,&quot;NR&quot;,&quot;NE&quot;,&quot;PW&quot;,&quot;PG&quot;,&quot;PR&quot;,&quot;WS&quot;,&quot;SM&quot;,&quot;ST&quot;,&quot;SN&quot;,&quot;SC&quot;,&quot;SL&quot;,&quot;SB&quot;,&quot;KN&quot;,&quot;LC&quot;,&quot;VC&quot;,&quot;SR&quot;,&quot;TL&quot;,&quot;TO&quot;,&quot;TT&quot;,&quot;TV&quot;,&quot;VU&quot;,&quot;AZ&quot;,&quot;BN&quot;,&quot;BI&quot;,&quot;KH&quot;,&quot;CM&quot;,&quot;TD&quot;,&quot;KM&quot;,&quot;GQ&quot;,&quot;SZ&quot;,&quot;GA&quot;,&quot;GN&quot;,&quot;KG&quot;,&quot;LA&quot;,&quot;MO&quot;,&quot;MR&quot;,&quot;MN&quot;,&quot;NP&quot;,&quot;RW&quot;,&quot;TG&quot;,&quot;UZ&quot;,&quot;ZW&quot;,&quot;BJ&quot;,&quot;MG&quot;,&quot;MU&quot;,&quot;MZ&quot;,&quot;AO&quot;,&quot;CI&quot;,&quot;DJ&quot;,&quot;ZM&quot;,&quot;CD&quot;,&quot;CG&quot;,&quot;IQ&quot;,&quot;LY&quot;,&quot;TJ&quot;,&quot;VE&quot;,&quot;ET&quot;,&quot;XK&quot;],&quot;disc_number&quot;:1,&quot;duration_ms&quot;:600293,&quot;explicit&quot;:false,&quot;external_urls&quot;:{&quot;spotify&quot;:&quot;https://open.spotify.com/track/3zMvotMEQK3xvH01vA9wAP&quot;},&quot;href&quot;:&quot;https://api.spotify.com/v1/tracks/3zMvotMEQK3xvH01vA9wAP&quot;,&quot;id&quot;:&quot;3zMvotMEQK3xvH01vA9wAP&quot;,&quot;name&quot;:&quot;Too Long&quot;,&quot;preview_url&quot;:null,&quot;track_number&quot;:14,&quot;type&quot;:&quot;track&quot;,&quot;uri&quot;:&quot;spotify:track:3zMvotMEQK3xvH01vA9wAP&quot;,&quot;is_local&quot;:false}]},&quot;copyrights&quot;:[{&quot;text&quot;:&quot;2001 Distributed exclusively by Warner Music France / ADA France, 2001 Daft Life Ltd.&quot;,&quot;type&quot;:&quot;C&quot;},{&quot;text&quot;:&quot;2001 Distributed exclusively by Warner Music France / ADA France, 2001 Daft Life Ltd.&quot;,&quot;type&quot;:&quot;P&quot;}],&quot;external_ids&quot;:{&quot;upc&quot;:&quot;0724384960650&quot;},&quot;genres&quot;:[],&quot;label&quot;:&quot;Daft Life Ltd./ADA France&quot;,&quot;popularity&quot;:75}]}
" type="java.lang.AssertionError">
      <![CDATA[java.lang.AssertionError: 1 expectation failed.
Response body doesn't match expectation.
Expected: The content to match the given JSON schema.
error: object has missing required properties (["is_playable"])
    level: "error"
    schema: {"loadingURI":"file:/D:/Ecllipse/spotify_V1/target/classes/schemas/severalalbums.json#","pointer":"/properties/albums/items/properties/tracks/properties/items/items"}
    instance: {"pointer":"/albums/0/tracks/items/0"}
    domain: "validation"
    keyword: "required"
    required: ["artists","available_markets","disc_number","duration_ms","explicit","external_urls","href","id","is_local","is_playable","name","track_number","type","uri"]
    missing: ["is_playable"]
error: object has missing required properties (["is_playable"])
    level: "error"
    schema: {"loadingURI":"file:/D:/Ecllipse/spotify_V1/target/classes/schemas/severalalbums.json#","pointer":"/properties/albums/items/properties/tracks/properties/items/items"}
    instance: {"pointer":"/albums/0/tracks/items/1"}
    domain: "validation"
    keyword: "required"
    required: ["artists","available_markets","disc_number","duration_ms","explicit","external_urls","href","id","is_local","is_playable","name","track_number","type","uri"]
    missing: ["is_playable"]
error: object has missing required properties (["is_playable"])
    level: "error"
    schema: {"loadingURI":"file:/D:/Ecllipse/spotify_V1/target/classes/schemas/severalalbums.json#","pointer":"/properties/albums/items/properties/tracks/properties/items/items"}
    instance: {"pointer":"/albums/0/tracks/items/2"}
    domain: "validation"
    keyword: "required"
    required: ["artists","available_markets","disc_number","duration_ms","explicit","external_urls","href","id","is_local","is_playable","name","track_number","type","uri"]
    missing: ["is_playable"]
error: object has missing required properties (["is_playable"])
    level: "error"
    schema: {"loadingURI":"file:/D:/Ecllipse/spotify_V1/target/classes/schemas/severalalbums.json#","pointer":"/properties/albums/items/properties/tracks/properties/items/items"}
    instance: {"pointer":"/albums/0/tracks/items/3"}
    domain: "validation"
    keyword: "required"
    required: ["artists","available_markets","disc_number","duration_ms","explicit","external_urls","href","id","is_local","is_playable","name","track_number","type","uri"]
    missing: ["is_playable"]
error: object has missing required properties (["is_playable"])
    level: "error"
    schema: {"loadingURI":"file:/D:/Ecllipse/spotify_V1/target/classes/schemas/severalalbums.json#","pointer":"/properties/albums/items/properties/tracks/properties/items/items"}
    instance: {"pointer":"/albums/0/tracks/items/4"}
    domain: "validation"
    keyword: "required"
    required: ["artists","available_markets","disc_number","duration_ms","explicit","external_urls","href","id","is_local","is_playable","name","track_number","type","uri"]
    missing: ["is_playable"]
error: object has missing required properties (["is_playable"])
    level: "error"
    schema: {"loadingURI":"file:/D:/Ecllipse/spotify_V1/target/classes/schemas/severalalbums.json#","pointer":"/properties/albums/items/properties/tracks/properties/items/items"}
    instance: {"pointer":"/albums/0/tracks/items/5"}
    domain: "validation"
    keyword: "required"
    required: ["artists","available_markets","disc_number","duration_ms","explicit","external_urls","href","id","is_local","is_playable","name","track_number","type","uri"]
    missing: ["is_playable"]
error: object has missing required properties (["is_playable"])
    level: "error"
    schema: {"loadingURI":"file:/D:/Ecllipse/spotify_V1/target/classes/schemas/severalalbums.json#","pointer":"/properties/albums/items/properties/tracks/properties/items/items"}
    instance: {"pointer":"/albums/0/tracks/items/6"}
    domain: "validation"
    keyword: "required"
    required: ["artists","available_markets","disc_number","duration_ms","explicit","external_urls","href","id","is_local","is_playable","name","track_number","type","uri"]
    missing: ["is_playable"]
error: object has missing required properties (["is_playable"])
    level: "error"
    schema: {"loadingURI":"file:/D:/Ecllipse/spotify_V1/target/classes/schemas/severalalbums.json#","pointer":"/properties/albums/items/properties/tracks/properties/items/items"}
    instance: {"pointer":"/albums/0/tracks/items/7"}
    domain: "validation"
    keyword: "required"
    required: ["artists","available_markets","disc_number","duration_ms","explicit","external_urls","href","id","is_local","is_playable","name","track_number","type","uri"]
    missing: ["is_playable"]
error: object has missing required properties (["is_playable"])
    level: "error"
    schema: {"loadingURI":"file:/D:/Ecllipse/spotify_V1/target/classes/schemas/severalalbums.json#","pointer":"/properties/albums/items/properties/tracks/properties/items/items"}
    instance: {"pointer":"/albums/0/tracks/items/8"}
    domain: "validation"
    keyword: "required"
    required: ["artists","available_markets","disc_number","duration_ms","explicit","external_urls","href","id","is_local","is_playable","name","track_number","type","uri"]
    missing: ["is_playable"]
error: object has missing required properties (["is_playable"])
    level: "error"
    schema: {"loadingURI":"file:/D:/Ecllipse/spotify_V1/target/classes/schemas/severalalbums.json#","pointer":"/properties/albums/items/properties/tracks/properties/items/items"}
    instance: {"pointer":"/albums/0/tracks/items/9"}
    domain: "validation"
    keyword: "required"
    required: ["artists","available_markets","disc_number","duration_ms","explicit","external_urls","href","id","is_local","is_playable","name","track_number","type","uri"]
    missing: ["is_playable"]
error: object has missing required properties (["is_playable"])
    level: "error"
    schema: {"loadingURI":"file:/D:/Ecllipse/spotify_V1/target/classes/schemas/severalalbums.json#","pointer":"/properties/albums/items/properties/tracks/properties/items/items"}
    instance: {"pointer":"/albums/0/tracks/items/10"}
    domain: "validation"
    keyword: "required"
    required: ["artists","available_markets","disc_number","duration_ms","explicit","external_urls","href","id","is_local","is_playable","name","track_number","type","uri"]
    missing: ["is_playable"]
error: object has missing required properties (["is_playable"])
    level: "error"
    schema: {"loadingURI":"file:/D:/Ecllipse/spotify_V1/target/classes/schemas/severalalbums.json#","pointer":"/properties/albums/items/properties/tracks/properties/items/items"}
    instance: {"pointer":"/albums/0/tracks/items/11"}
    domain: "validation"
    keyword: "required"
    required: ["artists","available_markets","disc_number","duration_ms","explicit","external_urls","href","id","is_local","is_playable","name","track_number","type","uri"]
    missing: ["is_playable"]
error: object has missing required properties (["is_playable"])
    level: "error"
    schema: {"loadingURI":"file:/D:/Ecllipse/spotify_V1/target/classes/schemas/severalalbums.json#","pointer":"/properties/albums/items/properties/tracks/properties/items/items"}
    instance: {"pointer":"/albums/0/tracks/items/12"}
    domain: "validation"
    keyword: "required"
    required: ["artists","available_markets","disc_number","duration_ms","explicit","external_urls","href","id","is_local","is_playable","name","track_number","type","uri"]
    missing: ["is_playable"]
error: object has missing required properties (["is_playable"])
    level: "error"
    schema: {"loadingURI":"file:/D:/Ecllipse/spotify_V1/target/classes/schemas/severalalbums.json#","pointer":"/properties/albums/items/properties/tracks/properties/items/items"}
    instance: {"pointer":"/albums/0/tracks/items/13"}
    domain: "validation"
    keyword: "required"
    required: ["artists","available_markets","disc_number","duration_ms","explicit","external_urls","href","id","is_local","is_playable","name","track_number","type","uri"]
    missing: ["is_playable"]
error: object has missing required properties (["is_playable"])
    level: "error"
    schema: {"loadingURI":"file:/D:/Ecllipse/spotify_V1/target/classes/schemas/severalalbums.json#","pointer":"/properties/albums/items/properties/tracks/properties/items/items"}
    instance: {"pointer":"/albums/0/tracks/items/14"}
    domain: "validation"
    keyword: "required"
    required: ["artists","available_markets","disc_number","duration_ms","explicit","external_urls","href","id","is_local","is_playable","name","track_number","type","uri"]
    missing: ["is_playable"]

  Actual: {"albums":[{"album_type":"album","total_tracks":15,"available_markets":["AR","AU","AT","BE","BO","BR","BG","CA","CL","CO","CR","CY","CZ","DK","DO","DE","EC","EE","SV","FI","FR","GR","GT","HN","HK","HU","IS","IE","IT","LV","LT","LU","MY","MT","MX","NL","NZ","NI","NO","PA","PY","PE","PH","PL","PT","SG","SK","ES","SE","CH","TW","TR","UY","US","GB","AD","LI","MC","ID","JP","TH","VN","RO","IL","ZA","SA","AE","BH","QA","OM","KW","EG","MA","DZ","TN","LB","JO","PS","IN","KZ","MD","UA","AL","BA","HR","ME","MK","RS","SI","KR","BD","PK","LK","GH","KE","NG","TZ","UG","AG","AM","BS","BB","BZ","BT","BW","BF","CV","CW","DM","FJ","GM","GE","GD","GW","GY","HT","JM","KI","LS","LR","MW","MV","ML","MH","FM","NA","NR","NE","PW","PG","WS","SM","ST","SN","SC","SL","SB","KN","LC","VC","SR","TL","TO","TT","TV","VU","AZ","BN","BI","KH","CM","TD","KM","GQ","SZ","GA","GN","KG","LA","MO","MR","MN","NP","RW","TG","UZ","ZW","BJ","MG","MU","MZ","AO","CI","DJ","ZM","CD","CG","IQ","LY","TJ","VE","ET","XK"],"external_urls":{"spotify":"https://open.spotify.com/album/382ObEPsp2rxGrnsizN5TX"},"href":"https://api.spotify.com/v1/albums/382ObEPsp2rxGrnsizN5TX","id":"382ObEPsp2rxGrnsizN5TX","images":[{"url":"https://i.scdn.co/image/ab67616d0000b27326597c053b38c9cf93f8f3a9","height":640,"width":640},{"url":"https://i.scdn.co/image/ab67616d00001e0226597c053b38c9cf93f8f3a9","height":300,"width":300},{"url":"https://i.scdn.co/image/ab67616d0000485126597c053b38c9cf93f8f3a9","height":64,"width":64}],"name":"TRON: Legacy Reconfigured","release_date":"2011-01-01","release_date_precision":"day","type":"album","uri":"spotify:album:382ObEPsp2rxGrnsizN5TX","artists":[{"external_urls":{"spotify":"https://open.spotify.com/artist/4tZwfgrHOc3mvqYlEYSvVi"},"href":"https://api.spotify.com/v1/artists/4tZwfgrHOc3mvqYlEYSvVi","id":"4tZwfgrHOc3mvqYlEYSvVi","name":"Daft Punk","type":"artist","uri":"spotify:artist:4tZwfgrHOc3mvqYlEYSvVi"}],"tracks":{"href":"https://api.spotify.com/v1/albums/382ObEPsp2rxGrnsizN5TX/tracks?offset=0&limit=50","limit":50,"next":null,"offset":0,"previous":null,"total":15,"items":[{"artists":[{"external_urls":{"spotify":"https://open.spotify.com/artist/4tZwfgrHOc3mvqYlEYSvVi"},"href":"https://api.spotify.com/v1/artists/4tZwfgrHOc3mvqYlEYSvVi","id":"4tZwfgrHOc3mvqYlEYSvVi","name":"Daft Punk","type":"artist","uri":"spotify:artist:4tZwfgrHOc3mvqYlEYSvVi"},{"external_urls":{"spotify":"https://open.spotify.com/artist/3a9qv6NLHnsVxJUtKOMHvD"},"href":"https://api.spotify.com/v1/artists/3a9qv6NLHnsVxJUtKOMHvD","id":"3a9qv6NLHnsVxJUtKOMHvD","name":"The Glitch Mob","type":"artist","uri":"spotify:artist:3a9qv6NLHnsVxJUtKOMHvD"}],"available_markets":["AR","AU","AT","BE","BO","BR","BG","CA","CL","CO","CR","CY","CZ","DK","DO","DE","EC","EE","SV","FI","FR","GR","GT","HN","HK","HU","IS","IE","IT","LV","LT","LU","MY","MT","MX","NL","NZ","NI","NO","PA","PY","PE","PH","PL","PT","SG","SK","ES","SE","CH","TW","TR","UY","US","GB","AD","LI","MC","ID","JP","TH","VN","RO","IL","ZA","SA","AE","BH","QA","OM","KW","EG","MA","DZ","TN","LB","JO","PS","IN","KZ","MD","UA","AL","BA","HR","ME","MK","RS","SI","KR","BD","PK","LK","GH","KE","NG","TZ","UG","AG","AM","BS","BB","BZ","BT","BW","BF","CV","CW","DM","FJ","GM","GE","GD","GW","GY","HT","JM","KI","LS","LR","MW","MV","ML","MH","FM","NA","NR","NE","PW","PG","WS","SM","ST","SN","SC","SL","SB","KN","LC","VC","SR","TL","TO","TT","TV","VU","AZ","BN","BI","KH","CM","TD","KM","GQ","SZ","GA","GN","KG","LA","MO","MR","MN","NP","RW","TG","UZ","ZW","BJ","MG","MU","MZ","AO","CI","DJ","ZM","CD","CG","IQ","LY","TJ","VE","ET","XK"],"disc_number":1,"duration_ms":262240,"explicit":false,"external_urls":{"spotify":"https://open.spotify.com/track/4lteJuSjb9Jt9W1W7PIU2U"},"href":"https://api.spotify.com/v1/tracks/4lteJuSjb9Jt9W1W7PIU2U","id":"4lteJuSjb9Jt9W1W7PIU2U","name":"Derezzed - Remixed by The Glitch Mob","preview_url":null,"track_number":1,"type":"track","uri":"spotify:track:4lteJuSjb9Jt9W1W7PIU2U","is_local":false},{"artists":[{"external_urls":{"spotify":"https://open.spotify.com/artist/4tZwfgrHOc3mvqYlEYSvVi"},"href":"https://api.spotify.com/v1/artists/4tZwfgrHOc3mvqYlEYSvVi","id":"4tZwfgrHOc3mvqYlEYSvVi","name":"Daft Punk","type":"artist","uri":"spotify:artist:4tZwfgrHOc3mvqYlEYSvVi"},{"external_urls":{"spotify":"https://open.spotify.com/artist/4CecgT3PfTiMzdO3pFCDNP"},"href":"https://api.spotify.com/v1/artists/4CecgT3PfTiMzdO3pFCDNP","id":"4CecgT3PfTiMzdO3pFCDNP","name":"M83 VS Big Black Delta","type":"artist","uri":"spotify:artist:4CecgT3PfTiMzdO3pFCDNP"},{"external_urls":{"spotify":"https://open.spotify.com/artist/63MQldklfxkjYDoUE4Tppz"},"href":"https://api.spotify.com/v1/artists/63MQldklfxkjYDoUE4Tppz","id":"63MQldklfxkjYDoUE4Tppz","name":"M83","type":"artist","uri":"spotify:artist:63MQldklfxkjYDoUE4Tppz"},{"external_urls":{"spotify":"https://open.spotify.com/artist/2TXpVEw5FbzDh93tLoDm0i"},"href":"https://api.spotify.com/v1/artists/2TXpVEw5FbzDh93tLoDm0i","id":"2TXpVEw5FbzDh93tLoDm0i","name":"Big Black Delta","type":"artist","uri":"spotify:artist:2TXpVEw5FbzDh93tLoDm0i"}],"available_markets":["AR","AU","AT","BE","BO","BR","BG","CA","CL","CO","CR","CY","CZ","DK","DO","DE","EC","EE","SV","FI","FR","GR","GT","HN","HK","HU","IS","IE","IT","LV","LT","LU","MY","MT","MX","NL","NZ","NI","NO","PA","PY","PE","PH","PL","PT","SG","SK","ES","SE","CH","TW","TR","UY","US","GB","AD","LI","MC","ID","JP","TH","VN","RO","IL","ZA","SA","AE","BH","QA","OM","KW","EG","MA","DZ","TN","LB","JO","PS","IN","KZ","MD","UA","AL","BA","HR","ME","MK","RS","SI","KR","BD","PK","LK","GH","KE","NG","TZ","UG","AG","AM","BS","BB","BZ","BT","BW","BF","CV","CW","DM","FJ","GM","GE","GD","GW","GY","HT","JM","KI","LS","LR","MW","MV","ML","MH","FM","NA","NR","NE","PW","PG","WS","SM","ST","SN","SC","SL","SB","KN","LC","VC","SR","TL","TO","TT","TV","VU","AZ","BN","BI","KH","CM","TD","KM","GQ","SZ","GA","GN","KG","LA","MO","MR","MN","NP","RW","TG","UZ","ZW","BJ","MG","MU","MZ","AO","CI","DJ","ZM","CD","CG","IQ","LY","TJ","VE","ET","XK"],"disc_number":1,"duration_ms":234986,"explicit":false,"external_urls":{"spotify":"https://open.spotify.com/track/66uVqkmHAc0MBUzoPhIypN"},"href":"https://api.spotify.com/v1/tracks/66uVqkmHAc0MBUzoPhIypN","id":"66uVqkmHAc0MBUzoPhIypN","name":"Fall - Remixed by M83 VS Big Black Delta","preview_url":null,"track_number":2,"type":"track","uri":"spotify:track:66uVqkmHAc0MBUzoPhIypN","is_local":false},{"artists":[{"external_urls":{"spotify":"https://open.spotify.com/artist/4tZwfgrHOc3mvqYlEYSvVi"},"href":"https://api.spotify.com/v1/artists/4tZwfgrHOc3mvqYlEYSvVi","id":"4tZwfgrHOc3mvqYlEYSvVi","name":"Daft Punk","type":"artist","uri":"spotify:artist:4tZwfgrHOc3mvqYlEYSvVi"},{"external_urls":{"spotify":"https://open.spotify.com/artist/5eKLa1xyHLq8ERWmT1CRHj"},"href":"https://api.spotify.com/v1/artists/5eKLa1xyHLq8ERWmT1CRHj","id":"5eKLa1xyHLq8ERWmT1CRHj","name":"The Crystal Method","type":"artist","uri":"spotify:artist:5eKLa1xyHLq8ERWmT1CRHj"}],"available_markets":["AR","AU","AT","BE","BO","BR","BG","CA","CL","CO","CR","CY","CZ","DK","DO","DE","EC","EE","SV","FI","FR","GR","GT","HN","HK","HU","IS","IE","IT","LV","LT","LU","MY","MT","MX","NL","NZ","NI","NO","PA","PY","PE","PH","PL","PT","SG","SK","ES","SE","CH","TW","TR","UY","US","GB","AD","LI","MC","ID","JP","TH","VN","RO","IL","ZA","SA","AE","BH","QA","OM","KW","EG","MA","DZ","TN","LB","JO","PS","IN","KZ","MD","UA","AL","BA","HR","ME","MK","RS","SI","KR","BD","PK","LK","GH","KE","NG","TZ","UG","AG","AM","BS","BB","BZ","BT","BW","BF","CV","CW","DM","FJ","GM","GE","GD","GW","GY","HT","JM","KI","LS","LR","MW","MV","ML","MH","FM","NA","NR","NE","PW","PG","WS","SM","ST","SN","SC","SL","SB","KN","LC","VC","SR","TL","TO","TT","TV","VU","AZ","BN","BI","KH","CM","TD","KM","GQ","SZ","GA","GN","KG","LA","MO","MR","MN","NP","RW","TG","UZ","ZW","BJ","MG","MU","MZ","AO","CI","DJ","ZM","CD","CG","IQ","LY","TJ","VE","ET","XK"],"disc_number":1,"duration_ms":267786,"explicit":false,"external_urls":{"spotify":"https://open.spotify.com/track/4OEnpg5ubhg6OQ4M2ZjtsL"},"href":"https://api.spotify.com/v1/tracks/4OEnpg5ubhg6OQ4M2ZjtsL","id":"4OEnpg5ubhg6OQ4M2ZjtsL","name":"The Grid - Remixed by The Crystal Method","preview_url":null,"track_number":3,"type":"track","uri":"spotify:track:4OEnpg5ubhg6OQ4M2ZjtsL","is_local":false},{"artists":[{"external_urls":{"spotify":"https://open.spotify.com/artist/4tZwfgrHOc3mvqYlEYSvVi"},"href":"https://api.spotify.com/v1/artists/4tZwfgrHOc3mvqYlEYSvVi","id":"4tZwfgrHOc3mvqYlEYSvVi","name":"Daft Punk","type":"artist","uri":"spotify:artist:4tZwfgrHOc3mvqYlEYSvVi"},{"external_urls":{"spotify":"https://open.spotify.com/artist/3gqv1kgivAc92KnUm4elKv"},"href":"https://api.spotify.com/v1/artists/3gqv1kgivAc92KnUm4elKv","id":"3gqv1kgivAc92KnUm4elKv","name":"Teddybears","type":"artist","uri":"spotify:artist:3gqv1kgivAc92KnUm4elKv"}],"available_markets":["AR","AU","AT","BE","BO","BR","BG","CA","CL","CO","CR","CY","CZ","DK","DO","DE","EC","EE","SV","FI","FR","GR","GT","HN","HK","HU","IS","IE","IT","LV","LT","LU","MY","MT","MX","NL","NZ","NI","NO","PA","PY","PE","PH","PL","PT","SG","SK","ES","SE","CH","TW","TR","UY","US","GB","AD","LI","MC","ID","JP","TH","VN","RO","IL","ZA","SA","AE","BH","QA","OM","KW","EG","MA","DZ","TN","LB","JO","PS","IN","KZ","MD","UA","AL","BA","HR","ME","MK","RS","SI","KR","BD","PK","LK","GH","KE","NG","TZ","UG","AG","AM","BS","BB","BZ","BT","BW","BF","CV","CW","DM","FJ","GM","GE","GD","GW","GY","HT","JM","KI","LS","LR","MW","MV","ML","MH","FM","NA","NR","NE","PW","PG","WS","SM","ST","SN","SC","SL","SB","KN","LC","VC","SR","TL","TO","TT","TV","VU","AZ","BN","BI","KH","CM","TD","KM","GQ","SZ","GA","GN","KG","LA","MO","MR","MN","NP","RW","TG","UZ","ZW","BJ","MG","MU","MZ","AO","CI","DJ","ZM","CD","CG","IQ","LY","TJ","VE","ET","XK"],"disc_number":1,"duration_ms":334346,"explicit":false,"external_urls":{"spotify":"https://open.spotify.com/track/2EyK6JBWqftJlxAuqd0Dsq"},"href":"https://api.spotify.com/v1/tracks/2EyK6JBWqftJlxAuqd0Dsq","id":"2EyK6JBWqftJlxAuqd0Dsq","name":"Adagio for TRON - Remixed by Teddybears","preview_url":null,"track_number":4,"type":"track","uri":"spotify:track:2EyK6JBWqftJlxAuqd0Dsq","is_local":false},{"artists":[{"external_urls":{"spotify":"https://open.spotify.com/artist/4tZwfgrHOc3mvqYlEYSvVi"},"href":"https://api.spotify.com/v1/artists/4tZwfgrHOc3mvqYlEYSvVi","id":"4tZwfgrHOc3mvqYlEYSvVi","name":"Daft Punk","type":"artist","uri":"spotify:artist:4tZwfgrHOc3mvqYlEYSvVi"},{"external_urls":{"spotify":"https://open.spotify.com/artist/1mB4aweE1XGdjbFVFC8i5m"},"href":"https://api.spotify.com/v1/artists/1mB4aweE1XGdjbFVFC8i5m","id":"1mB4aweE1XGdjbFVFC8i5m","name":"Ki:Theory","type":"artist","uri":"spotify:artist:1mB4aweE1XGdjbFVFC8i5m"}],"available_markets":["AR","AU","AT","BE","BO","BR","BG","CA","CL","CO","CR","CY","CZ","DK","DO","DE","EC","EE","SV","FI","FR","GR","GT","HN","HK","HU","IS","IE","IT","LV","LT","LU","MY","MT","MX","NL","NZ","NI","NO","PA","PY","PE","PH","PL","PT","SG","SK","ES","SE","CH","TW","TR","UY","US","GB","AD","LI","MC","ID","JP","TH","VN","RO","IL","ZA","SA","AE","BH","QA","OM","KW","EG","MA","DZ","TN","LB","JO","PS","IN","KZ","MD","UA","AL","BA","HR","ME","MK","RS","SI","KR","BD","PK","LK","GH","KE","NG","TZ","UG","AG","AM","BS","BB","BZ","BT","BW","BF","CV","CW","DM","FJ","GM","GE","GD","GW","GY","HT","JM","KI","LS","LR","MW","MV","ML","MH","FM","NA","NR","NE","PW","PG","WS","SM","ST","SN","SC","SL","SB","KN","LC","VC","SR","TL","TO","TT","TV","VU","AZ","BN","BI","KH","CM","TD","KM","GQ","SZ","GA","GN","KG","LA","MO","MR","MN","NP","RW","TG","UZ","ZW","BJ","MG","MU","MZ","AO","CI","DJ","ZM","CD","CG","IQ","LY","TJ","VE","ET","XK"],"disc_number":1,"duration_ms":291506,"explicit":false,"external_urls":{"spotify":"https://open.spotify.com/track/1TT6gRprLQ5vSWgoWpyKfR"},"href":"https://api.spotify.com/v1/tracks/1TT6gRprLQ5vSWgoWpyKfR","id":"1TT6gRprLQ5vSWgoWpyKfR","name":"The Son of Flynn - Remixed by Ki:Theory","preview_url":null,"track_number":5,"type":"track","uri":"spotify:track:1TT6gRprLQ5vSWgoWpyKfR","is_local":false},{"artists":[{"external_urls":{"spotify":"https://open.spotify.com/artist/4tZwfgrHOc3mvqYlEYSvVi"},"href":"https://api.spotify.com/v1/artists/4tZwfgrHOc3mvqYlEYSvVi","id":"4tZwfgrHOc3mvqYlEYSvVi","name":"Daft Punk","type":"artist","uri":"spotify:artist:4tZwfgrHOc3mvqYlEYSvVi"},{"external_urls":{"spotify":"https://open.spotify.com/artist/5MO2kbaGGA2a8kL4c9qqHq"},"href":"https://api.spotify.com/v1/artists/5MO2kbaGGA2a8kL4c9qqHq","id":"5MO2kbaGGA2a8kL4c9qqHq","name":"Paul Oakenfold","type":"artist","uri":"spotify:artist:5MO2kbaGGA2a8kL4c9qqHq"}],"available_markets":["AR","AU","AT","BE","BO","BR","BG","CA","CL","CO","CR","CY","CZ","DK","DO","DE","EC","EE","SV","FI","FR","GR","GT","HN","HK","HU","IS","IE","IT","LV","LT","LU","MY","MT","MX","NL","NZ","NI","NO","PA","PY","PE","PH","PL","PT","SG","SK","ES","SE","CH","TW","TR","UY","US","GB","AD","LI","MC","ID","JP","TH","VN","RO","IL","ZA","SA","AE","BH","QA","OM","KW","EG","MA","DZ","TN","LB","JO","PS","IN","KZ","MD","UA","AL","BA","HR","ME","MK","RS","SI","KR","BD","PK","LK","GH","KE","NG","TZ","UG","AG","AM","BS","BB","BZ","BT","BW","BF","CV","CW","DM","FJ","GM","GE","GD","GW","GY","HT","JM","KI","LS","LR","MW","MV","ML","MH","FM","NA","NR","NE","PW","PG","WS","SM","ST","SN","SC","SL","SB","KN","LC","VC","SR","TL","TO","TT","TV","VU","AZ","BN","BI","KH","CM","TD","KM","GQ","SZ","GA","GN","KG","LA","MO","MR","MN","NP","RW","TG","UZ","ZW","BJ","MG","MU","MZ","AO","CI","DJ","ZM","CD","CG","IQ","LY","TJ","VE","ET","XK"],"disc_number":1,"duration_ms":275266,"explicit":false,"external_urls":{"spotify":"https://open.spotify.com/track/6hEvTmmvby9ZTkSdfmPW3m"},"href":"https://api.spotify.com/v1/tracks/6hEvTmmvby9ZTkSdfmPW3m","id":"6hEvTmmvby9ZTkSdfmPW3m","name":"C.L.U. - Remixed by Paul Oakenfold","preview_url":null,"track_number":6,"type":"track","uri":"spotify:track:6hEvTmmvby9ZTkSdfmPW3m","is_local":false},{"artists":[{"external_urls":{"spotify":"https://open.spotify.com/artist/4tZwfgrHOc3mvqYlEYSvVi"},"href":"https://api.spotify.com/v1/artists/4tZwfgrHOc3mvqYlEYSvVi","id":"4tZwfgrHOc3mvqYlEYSvVi","name":"Daft Punk","type":"artist","uri":"spotify:artist:4tZwfgrHOc3mvqYlEYSvVi"},{"external_urls":{"spotify":"https://open.spotify.com/artist/3OsRAKCvk37zwYcnzRf5XF"},"href":"https://api.spotify.com/v1/artists/3OsRAKCvk37zwYcnzRf5XF","id":"3OsRAKCvk37zwYcnzRf5XF","name":"Moby","type":"artist","uri":"spotify:artist:3OsRAKCvk37zwYcnzRf5XF"}],"available_markets":["AR","AU","AT","BE","BO","BR","BG","CA","CL","CO","CR","CY","CZ","DK","DO","DE","EC","EE","SV","FI","FR","GR","GT","HN","HK","HU","IS","IE","IT","LV","LT","LU","MY","MT","MX","NL","NZ","NI","NO","PA","PY","PE","PH","PL","PT","SG","SK","ES","SE","CH","TW","TR","UY","US","GB","AD","LI","MC","ID","JP","TH","VN","RO","IL","ZA","SA","AE","BH","QA","OM","KW","EG","MA","DZ","TN","LB","JO","PS","IN","KZ","MD","UA","AL","BA","HR","ME","MK","RS","SI","KR","BD","PK","LK","GH","KE","NG","TZ","UG","AG","AM","BS","BB","BZ","BT","BW","BF","CV","CW","DM","FJ","GM","GE","GD","GW","GY","HT","JM","KI","LS","LR","MW","MV","ML","MH","FM","NA","NR","NE","PW","PG","WS","SM","ST","SN","SC","SL","SB","KN","LC","VC","SR","TL","TO","TT","TV","VU","AZ","BN","BI","KH","CM","TD","KM","GQ","SZ","GA","GN","KG","LA","MO","MR","MN","NP","RW","TG","UZ","ZW","BJ","MG","MU","MZ","AO","CI","DJ","ZM","CD","CG","IQ","LY","TJ","VE","ET","XK"],"disc_number":1,"duration_ms":392293,"explicit":false,"external_urls":{"spotify":"https://open.spotify.com/track/03uOJUuuTgaFFI1Efal1no"},"href":"https://api.spotify.com/v1/tracks/03uOJUuuTgaFFI1Efal1no","id":"03uOJUuuTgaFFI1Efal1no","name":"The Son of Flynn - Remixed by Moby","preview_url":null,"track_number":7,"type":"track","uri":"spotify:track:03uOJUuuTgaFFI1Efal1no","is_local":false},{"artists":[{"external_urls":{"spotify":"https://open.spotify.com/artist/4tZwfgrHOc3mvqYlEYSvVi"},"href":"https://api.spotify.com/v1/artists/4tZwfgrHOc3mvqYlEYSvVi","id":"4tZwfgrHOc3mvqYlEYSvVi","name":"Daft Punk","type":"artist","uri":"spotify:artist:4tZwfgrHOc3mvqYlEYSvVi"},{"external_urls":{"spotify":"https://open.spotify.com/artist/62k5LKMhymqlDNo2DWOvvv"},"href":"https://api.spotify.com/v1/artists/62k5LKMhymqlDNo2DWOvvv","id":"62k5LKMhymqlDNo2DWOvvv","name":"Boys Noize","type":"artist","uri":"spotify:artist:62k5LKMhymqlDNo2DWOvvv"}],"available_markets":["AR","AU","AT","BE","BO","BR","BG","CA","CL","CO","CR","CY","CZ","DK","DO","DE","EC","EE","SV","FI","FR","GR","GT","HN","HK","HU","IS","IE","IT","LV","LT","LU","MY","MT","MX","NL","NZ","NI","NO","PA","PY","PE","PH","PL","PT","SG","SK","ES","SE","CH","TW","TR","UY","US","GB","AD","LI","MC","ID","JP","TH","VN","RO","IL","ZA","SA","AE","BH","QA","OM","KW","EG","MA","DZ","TN","LB","JO","PS","IN","KZ","MD","UA","AL","BA","HR","ME","MK","RS","SI","KR","BD","PK","LK","GH","KE","NG","TZ","UG","AG","AM","BS","BB","BZ","BT","BW","BF","CV","CW","DM","FJ","GM","GE","GD","GW","GY","HT","JM","KI","LS","LR","MW","MV","ML","MH","FM","NA","NR","NE","PW","PG","WS","SM","ST","SN","SC","SL","SB","KN","LC","VC","SR","TL","TO","TT","TV","VU","AZ","BN","BI","KH","CM","TD","KM","GQ","SZ","GA","GN","KG","LA","MO","MR","MN","NP","RW","TG","UZ","ZW","BJ","MG","MU","MZ","AO","CI","DJ","ZM","CD","CG","IQ","LY","TJ","VE","ET","XK"],"disc_number":1,"duration_ms":340186,"explicit":false,"external_urls":{"spotify":"https://open.spotify.com/track/3YYnfKM02WkygOwg6ozfrL"},"href":"https://api.spotify.com/v1/tracks/3YYnfKM02WkygOwg6ozfrL","id":"3YYnfKM02WkygOwg6ozfrL","name":"End of Line - Remixed by Boys Noize","preview_url":null,"track_number":8,"type":"track","uri":"spotify:track:3YYnfKM02WkygOwg6ozfrL","is_local":false},{"artists":[{"external_urls":{"spotify":"https://open.spotify.com/artist/4tZwfgrHOc3mvqYlEYSvVi"},"href":"https://api.spotify.com/v1/artists/4tZwfgrHOc3mvqYlEYSvVi","id":"4tZwfgrHOc3mvqYlEYSvVi","name":"Daft Punk","type":"artist","uri":"spotify:artist:4tZwfgrHOc3mvqYlEYSvVi"},{"external_urls":{"spotify":"https://open.spotify.com/artist/6TQj5BFPooTa08A7pk8AQ1"},"href":"https://api.spotify.com/v1/artists/6TQj5BFPooTa08A7pk8AQ1","id":"6TQj5BFPooTa08A7pk8AQ1","name":"Kaskade","type":"artist","uri":"spotify:artist:6TQj5BFPooTa08A7pk8AQ1"}],"available_markets":["AR","AU","AT","BE","BO","BR","BG","CA","CL","CO","CR","CY","CZ","DK","DO","DE","EC","EE","SV","FI","FR","GR","GT","HN","HK","HU","IS","IE","IT","LV","LT","LU","MY","MT","MX","NL","NZ","NI","NO","PA","PY","PE","PH","PL","PT","SG","SK","ES","SE","CH","TW","TR","UY","US","GB","AD","LI","MC","ID","JP","TH","VN","RO","IL","ZA","SA","AE","BH","QA","OM","KW","EG","MA","DZ","TN","LB","JO","PS","IN","KZ","MD","UA","AL","BA","HR","ME","MK","RS","SI","KR","BD","PK","LK","GH","KE","NG","TZ","UG","AG","AM","BS","BB","BZ","BT","BW","BF","CV","CW","DM","FJ","GM","GE","GD","GW","GY","HT","JM","KI","LS","LR","MW","MV","ML","MH","FM","NA","NR","NE","PW","PG","WS","SM","ST","SN","SC","SL","SB","KN","LC","VC","SR","TL","TO","TT","TV","VU","AZ","BN","BI","KH","CM","TD","KM","GQ","SZ","GA","GN","KG","LA","MO","MR","MN","NP","RW","TG","UZ","ZW","BJ","MG","MU","MZ","AO","CI","DJ","ZM","CD","CG","IQ","LY","TJ","VE","ET","XK"],"disc_number":1,"duration_ms":412440,"explicit":false,"external_urls":{"spotify":"https://open.spotify.com/track/2jFLd9OdNcLsblpv4fDTRn"},"href":"https://api.spotify.com/v1/tracks/2jFLd9OdNcLsblpv4fDTRn","id":"2jFLd9OdNcLsblpv4fDTRn","name":"Rinzler - Remixed by Kaskade","preview_url":null,"track_number":9,"type":"track","uri":"spotify:track:2jFLd9OdNcLsblpv4fDTRn","is_local":false},{"artists":[{"external_urls":{"spotify":"https://open.spotify.com/artist/4tZwfgrHOc3mvqYlEYSvVi"},"href":"https://api.spotify.com/v1/artists/4tZwfgrHOc3mvqYlEYSvVi","id":"4tZwfgrHOc3mvqYlEYSvVi","name":"Daft Punk","type":"artist","uri":"spotify:artist:4tZwfgrHOc3mvqYlEYSvVi"},{"external_urls":{"spotify":"https://open.spotify.com/artist/2wouN3QXejYa5tKetYdcVX"},"href":"https://api.spotify.com/v1/artists/2wouN3QXejYa5tKetYdcVX","id":"2wouN3QXejYa5tKetYdcVX","name":"Com Truise","type":"artist","uri":"spotify:artist:2wouN3QXejYa5tKetYdcVX"}],"available_markets":["AR","AU","AT","BE","BO","BR","BG","CA","CL","CO","CR","CY","CZ","DK","DO","DE","EC","EE","SV","FI","FR","GR","GT","HN","HK","HU","IS","IE","IT","LV","LT","LU","MY","MT","MX","NL","NZ","NI","NO","PA","PY","PE","PH","PL","PT","SG","SK","ES","SE","CH","TW","TR","UY","US","GB","AD","LI","MC","ID","JP","TH","VN","RO","IL","ZA","SA","AE","BH","QA","OM","KW","EG","MA","DZ","TN","LB","JO","PS","IN","KZ","MD","UA","AL","BA","HR","ME","MK","RS","SI","KR","BD","PK","LK","GH","KE","NG","TZ","UG","AG","AM","BS","BB","BZ","BT","BW","BF","CV","CW","DM","FJ","GM","GE","GD","GW","GY","HT","JM","KI","LS","LR","MW","MV","ML","MH","FM","NA","NR","NE","PW","PG","WS","SM","ST","SN","SC","SL","SB","KN","LC","VC","SR","TL","TO","TT","TV","VU","AZ","BN","BI","KH","CM","TD","KM","GQ","SZ","GA","GN","KG","LA","MO","MR","MN","NP","RW","TG","UZ","ZW","BJ","MG","MU","MZ","AO","CI","DJ","ZM","CD","CG","IQ","LY","TJ","VE","ET","XK"],"disc_number":1,"duration_ms":292093,"explicit":false,"external_urls":{"spotify":"https://open.spotify.com/track/3SL3UavpjRKNMM9UVlE9Bx"},"href":"https://api.spotify.com/v1/tracks/3SL3UavpjRKNMM9UVlE9Bx","id":"3SL3UavpjRKNMM9UVlE9Bx","name":"Encom Part 2 - Remixed by Com Truise","preview_url":null,"track_number":10,"type":"track","uri":"spotify:track:3SL3UavpjRKNMM9UVlE9Bx","is_local":false},{"artists":[{"external_urls":{"spotify":"https://open.spotify.com/artist/4tZwfgrHOc3mvqYlEYSvVi"},"href":"https://api.spotify.com/v1/artists/4tZwfgrHOc3mvqYlEYSvVi","id":"4tZwfgrHOc3mvqYlEYSvVi","name":"Daft Punk","type":"artist","uri":"spotify:artist:4tZwfgrHOc3mvqYlEYSvVi"},{"external_urls":{"spotify":"https://open.spotify.com/artist/3hXDMlrPegHRO0zUvBsRSI"},"href":"https://api.spotify.com/v1/artists/3hXDMlrPegHRO0zUvBsRSI","id":"3hXDMlrPegHRO0zUvBsRSI","name":"Photek","type":"artist","uri":"spotify:artist:3hXDMlrPegHRO0zUvBsRSI"}],"available_markets":["AR","AU","AT","BE","BO","BR","BG","CA","CL","CO","CR","CY","CZ","DK","DO","DE","EC","EE","SV","FI","FR","GR","GT","HN","HK","HU","IS","IE","IT","LV","LT","LU","MY","MT","MX","NL","NZ","NI","NO","PA","PY","PE","PH","PL","PT","SG","SK","ES","SE","CH","TW","TR","UY","US","GB","AD","LI","MC","ID","JP","TH","VN","RO","IL","ZA","SA","AE","BH","QA","OM","KW","EG","MA","DZ","TN","LB","JO","PS","IN","KZ","MD","UA","AL","BA","HR","ME","MK","RS","SI","KR","BD","PK","LK","GH","KE","NG","TZ","UG","AG","AM","BS","BB","BZ","BT","BW","BF","CV","CW","DM","FJ","GM","GE","GD","GW","GY","HT","JM","KI","LS","LR","MW","MV","ML","MH","FM","NA","NR","NE","PW","PG","WS","SM","ST","SN","SC","SL","SB","KN","LC","VC","SR","TL","TO","TT","TV","VU","AZ","BN","BI","KH","CM","TD","KM","GQ","SZ","GA","GN","KG","LA","MO","MR","MN","NP","RW","TG","UZ","ZW","BJ","MG","MU","MZ","AO","CI","DJ","ZM","CD","CG","IQ","LY","TJ","VE","ET","XK"],"disc_number":1,"duration_ms":318720,"explicit":false,"external_urls":{"spotify":"https://open.spotify.com/track/2UBYw2qf9PkvoKQ610ocft"},"href":"https://api.spotify.com/v1/tracks/2UBYw2qf9PkvoKQ610ocft","id":"2UBYw2qf9PkvoKQ610ocft","name":"End of Line - Remixed by Photek","preview_url":null,"track_number":11,"type":"track","uri":"spotify:track:2UBYw2qf9PkvoKQ610ocft","is_local":false},{"artists":[{"external_urls":{"spotify":"https://open.spotify.com/artist/4tZwfgrHOc3mvqYlEYSvVi"},"href":"https://api.spotify.com/v1/artists/4tZwfgrHOc3mvqYlEYSvVi","id":"4tZwfgrHOc3mvqYlEYSvVi","name":"Daft Punk","type":"artist","uri":"spotify:artist:4tZwfgrHOc3mvqYlEYSvVi"},{"external_urls":{"spotify":"https://open.spotify.com/artist/5F8v5xSIGtfukNxq0Jqgwh"},"href":"https://api.spotify.com/v1/artists/5F8v5xSIGtfukNxq0Jqgwh","id":"5F8v5xSIGtfukNxq0Jqgwh","name":"The Japanese Popstars","type":"artist","uri":"spotify:artist:5F8v5xSIGtfukNxq0Jqgwh"}],"available_markets":["AR","AU","AT","BE","BO","BR","BG","CA","CL","CO","CR","CY","CZ","DK","DO","DE","EC","EE","SV","FI","FR","GR","GT","HN","HK","HU","IS","IE","IT","LV","LT","LU","MY","MT","MX","NL","NZ","NI","NO","PA","PY","PE","PH","PL","PT","SG","SK","ES","SE","CH","TW","TR","UY","US","GB","AD","LI","MC","ID","JP","TH","VN","RO","IL","ZA","SA","AE","BH","QA","OM","KW","EG","MA","DZ","TN","LB","JO","PS","IN","KZ","MD","UA","AL","BA","HR","ME","MK","RS","SI","KR","BD","PK","LK","GH","KE","NG","TZ","UG","AG","AM","BS","BB","BZ","BT","BW","BF","CV","CW","DM","FJ","GM","GE","GD","GW","GY","HT","JM","KI","LS","LR","MW","MV","ML","MH","FM","NA","NR","NE","PW","PG","WS","SM","ST","SN","SC","SL","SB","KN","LC","VC","SR","TL","TO","TT","TV","VU","AZ","BN","BI","KH","CM","TD","KM","GQ","SZ","GA","GN","KG","LA","MO","MR","MN","NP","RW","TG","UZ","ZW","BJ","MG","MU","MZ","AO","CI","DJ","ZM","CD","CG","IQ","LY","TJ","VE","ET","XK"],"disc_number":1,"duration_ms":367720,"explicit":false,"external_urls":{"spotify":"https://open.spotify.com/track/7irNlzUSPNgCDtEyQuS3lm"},"href":"https://api.spotify.com/v1/tracks/7irNlzUSPNgCDtEyQuS3lm","id":"7irNlzUSPNgCDtEyQuS3lm","name":"Arena - Remixed by The Japanese Popstars","preview_url":null,"track_number":12,"type":"track","uri":"spotify:track:7irNlzUSPNgCDtEyQuS3lm","is_local":false},{"artists":[{"external_urls":{"spotify":"https://open.spotify.com/artist/4tZwfgrHOc3mvqYlEYSvVi"},"href":"https://api.spotify.com/v1/artists/4tZwfgrHOc3mvqYlEYSvVi","id":"4tZwfgrHOc3mvqYlEYSvVi","name":"Daft Punk","type":"artist","uri":"spotify:artist:4tZwfgrHOc3mvqYlEYSvVi"},{"external_urls":{"spotify":"https://open.spotify.com/artist/1vCWHaC5f2uS3yhpwWbIA6"},"href":"https://api.spotify.com/v1/artists/1vCWHaC5f2uS3yhpwWbIA6","id":"1vCWHaC5f2uS3yhpwWbIA6","name":"Avicii","type":"artist","uri":"spotify:artist:1vCWHaC5f2uS3yhpwWbIA6"}],"available_markets":["AR","AU","AT","BE","BO","BR","BG","CA","CL","CO","CR","CY","CZ","DK","DO","DE","EC","EE","SV","FI","FR","GR","GT","HN","HK","HU","IS","IE","IT","LV","LT","LU","MY","MT","MX","NL","NZ","NI","NO","PA","PY","PE","PH","PL","PT","SG","SK","ES","SE","CH","TW","TR","UY","US","GB","AD","LI","MC","ID","JP","TH","VN","RO","IL","ZA","SA","AE","BH","QA","OM","KW","EG","MA","DZ","TN","LB","JO","PS","IN","KZ","MD","UA","AL","BA","HR","ME","MK","RS","SI","KR","BD","PK","LK","GH","KE","NG","TZ","UG","AG","AM","BS","BB","BZ","BT","BW","BF","CV","CW","DM","FJ","GM","GE","GD","GW","GY","HT","JM","KI","LS","LR","MW","MV","ML","MH","FM","NA","NR","NE","PW","PG","WS","SM","ST","SN","SC","SL","SB","KN","LC","VC","SR","TL","TO","TT","TV","VU","AZ","BN","BI","KH","CM","TD","KM","GQ","SZ","GA","GN","KG","LA","MO","MR","MN","NP","RW","TG","UZ","ZW","BJ","MG","MU","MZ","AO","CI","DJ","ZM","CD","CG","IQ","LY","TJ","VE","ET","XK"],"disc_number":1,"duration_ms":303946,"explicit":false,"external_urls":{"spotify":"https://open.spotify.com/track/1rn6JIHBuBZiwvA57jeoOB"},"href":"https://api.spotify.com/v1/tracks/1rn6JIHBuBZiwvA57jeoOB","id":"1rn6JIHBuBZiwvA57jeoOB","name":"Derezzed - Remixed by Avicii","preview_url":null,"track_number":13,"type":"track","uri":"spotify:track:1rn6JIHBuBZiwvA57jeoOB","is_local":false},{"artists":[{"external_urls":{"spotify":"https://open.spotify.com/artist/4tZwfgrHOc3mvqYlEYSvVi"},"href":"https://api.spotify.com/v1/artists/4tZwfgrHOc3mvqYlEYSvVi","id":"4tZwfgrHOc3mvqYlEYSvVi","name":"Daft Punk","type":"artist","uri":"spotify:artist:4tZwfgrHOc3mvqYlEYSvVi"},{"external_urls":{"spotify":"https://open.spotify.com/artist/4iVhFmG8YCCEHANGeUUS9q"},"href":"https://api.spotify.com/v1/artists/4iVhFmG8YCCEHANGeUUS9q","id":"4iVhFmG8YCCEHANGeUUS9q","name":"Pretty Lights","type":"artist","uri":"spotify:artist:4iVhFmG8YCCEHANGeUUS9q"}],"available_markets":["AR","AU","AT","BE","BO","BR","BG","CA","CL","CO","CR","CY","CZ","DK","DO","DE","EC","EE","SV","FI","FR","GR","GT","HN","HK","HU","IS","IE","IT","LV","LT","LU","MY","MT","MX","NL","NZ","NI","NO","PA","PY","PE","PH","PL","PT","SG","SK","ES","SE","CH","TW","TR","UY","US","GB","AD","LI","MC","ID","JP","TH","VN","RO","IL","ZA","SA","AE","BH","QA","OM","KW","EG","MA","DZ","TN","LB","JO","PS","IN","KZ","MD","UA","AL","BA","HR","ME","MK","RS","SI","KR","BD","PK","LK","GH","KE","NG","TZ","UG","AG","AM","BS","BB","BZ","BT","BW","BF","CV","CW","DM","FJ","GM","GE","GD","GW","GY","HT","JM","KI","LS","LR","MW","MV","ML","MH","FM","NA","NR","NE","PW","PG","WS","SM","ST","SN","SC","SL","SB","KN","LC","VC","SR","TL","TO","TT","TV","VU","AZ","BN","BI","KH","CM","TD","KM","GQ","SZ","GA","GN","KG","LA","MO","MR","MN","NP","RW","TG","UZ","ZW","BJ","MG","MU","MZ","AO","CI","DJ","ZM","CD","CG","IQ","LY","TJ","VE","ET","XK"],"disc_number":1,"duration_ms":272853,"explicit":false,"external_urls":{"spotify":"https://open.spotify.com/track/4OgB6TRmIGBRT4NoFxxIQd"},"href":"https://api.spotify.com/v1/tracks/4OgB6TRmIGBRT4NoFxxIQd","id":"4OgB6TRmIGBRT4NoFxxIQd","name":"Solar Sailer - Remixed by Pretty Lights","preview_url":null,"track_number":14,"type":"track","uri":"spotify:track:4OgB6TRmIGBRT4NoFxxIQd","is_local":false},{"artists":[{"external_urls":{"spotify":"https://open.spotify.com/artist/4tZwfgrHOc3mvqYlEYSvVi"},"href":"https://api.spotify.com/v1/artists/4tZwfgrHOc3mvqYlEYSvVi","id":"4tZwfgrHOc3mvqYlEYSvVi","name":"Daft Punk","type":"artist","uri":"spotify:artist:4tZwfgrHOc3mvqYlEYSvVi"},{"external_urls":{"spotify":"https://open.spotify.com/artist/3CfH3WZPzbk5mNDWXpGIy6"},"href":"https://api.spotify.com/v1/artists/3CfH3WZPzbk5mNDWXpGIy6","id":"3CfH3WZPzbk5mNDWXpGIy6","name":"Sander Kleinenberg","type":"artist","uri":"spotify:artist:3CfH3WZPzbk5mNDWXpGIy6"}],"available_markets":["AR","AU","AT","BE","BO","BR","BG","CA","CL","CO","CR","CY","CZ","DK","DO","DE","EC","EE","SV","FI","FR","GR","GT","HN","HK","HU","IS","IE","IT","LV","LT","LU","MY","MT","MX","NL","NZ","NI","NO","PA","PY","PE","PH","PL","PT","SG","SK","ES","SE","CH","TW","TR","UY","US","GB","AD","LI","MC","ID","JP","TH","VN","RO","IL","ZA","SA","AE","BH","QA","OM","KW","EG","MA","DZ","TN","LB","JO","PS","IN","KZ","MD","UA","AL","BA","HR","ME","MK","RS","SI","KR","BD","PK","LK","GH","KE","NG","TZ","UG","AG","AM","BS","BB","BZ","BT","BW","BF","CV","CW","DM","FJ","GM","GE","GD","GW","GY","HT","JM","KI","LS","LR","MW","MV","ML","MH","FM","NA","NR","NE","PW","PG","WS","SM","ST","SN","SC","SL","SB","KN","LC","VC","SR","TL","TO","TT","TV","VU","AZ","BN","BI","KH","CM","TD","KM","GQ","SZ","GA","GN","KG","LA","MO","MR","MN","NP","RW","TG","UZ","ZW","BJ","MG","MU","MZ","AO","CI","DJ","ZM","CD","CG","IQ","LY","TJ","VE","ET","XK"],"disc_number":1,"duration_ms":304466,"explicit":false,"external_urls":{"spotify":"https://open.spotify.com/track/1Nv1h7ANN9E4rAjLP4OfgA"},"href":"https://api.spotify.com/v1/tracks/1Nv1h7ANN9E4rAjLP4OfgA","id":"1Nv1h7ANN9E4rAjLP4OfgA","name":"TRON Legacy (End Titles) - Remixed by Sander Kleinenberg","preview_url":null,"track_number":15,"type":"track","uri":"spotify:track:1Nv1h7ANN9E4rAjLP4OfgA","is_local":false}]},"copyrights":[{"text":"© 2011 Disney","type":"C"},{"text":"℗ 2011 Walt Disney Records","type":"P"}],"external_ids":{"upc":"00050087239633"},"genres":[],"label":"Walt Disney Records","popularity":47},{"album_type":"album","total_tracks":10,"available_markets":["CA","US"],"external_urls":{"spotify":"https://open.spotify.com/album/1A2GTWGtFfWp7KSQTwWOyo"},"href":"https://api.spotify.com/v1/albums/1A2GTWGtFfWp7KSQTwWOyo","id":"1A2GTWGtFfWp7KSQTwWOyo","images":[{"url":"https://i.scdn.co/image/ab67616d0000b273d8601e15fa1b4351fe1fc6ae","height":640,"width":640},{"url":"https://i.scdn.co/image/ab67616d00001e02d8601e15fa1b4351fe1fc6ae","height":300,"width":300},{"url":"https://i.scdn.co/image/ab67616d00004851d8601e15fa1b4351fe1fc6ae","height":64,"width":64}],"name":"Human After All","release_date":"2005-03-14","release_date_precision":"day","type":"album","uri":"spotify:album:1A2GTWGtFfWp7KSQTwWOyo","artists":[{"external_urls":{"spotify":"https://open.spotify.com/artist/4tZwfgrHOc3mvqYlEYSvVi"},"href":"https://api.spotify.com/v1/artists/4tZwfgrHOc3mvqYlEYSvVi","id":"4tZwfgrHOc3mvqYlEYSvVi","name":"Daft Punk","type":"artist","uri":"spotify:artist:4tZwfgrHOc3mvqYlEYSvVi"}],"tracks":{"href":"https://api.spotify.com/v1/albums/1A2GTWGtFfWp7KSQTwWOyo/tracks?offset=0&limit=50","limit":50,"next":null,"offset":0,"previous":null,"total":10,"items":[{"artists":[{"external_urls":{"spotify":"https://open.spotify.com/artist/4tZwfgrHOc3mvqYlEYSvVi"},"href":"https://api.spotify.com/v1/artists/4tZwfgrHOc3mvqYlEYSvVi","id":"4tZwfgrHOc3mvqYlEYSvVi","name":"Daft Punk","type":"artist","uri":"spotify:artist:4tZwfgrHOc3mvqYlEYSvVi"}],"available_markets":["CA","US"],"disc_number":1,"duration_ms":319879,"explicit":false,"external_urls":{"spotify":"https://open.spotify.com/track/3aByRUC2BVL6Fs1zI723sd"},"href":"https://api.spotify.com/v1/tracks/3aCKAkMx3yfaj3AO5Gz47e","id":"3aCKAkMx3yfaj3AO5Gz47e","linked_from":{"external_urls":{"spotify":"https://open.spotify.com/track/3aByRUC2BVL6Fs1zI723sd"},"href":"https://api.spotify.com/v1/tracks/3aByRUC2BVL6Fs1zI723sd","id":"3aByRUC2BVL6Fs1zI723sd","type":"track","uri":"spotify:track:3aByRUC2BVL6Fs1zI723sd"},"name":"Human After All","preview_url":null,"track_number":1,"type":"track","uri":"spotify:track:3aCKAkMx3yfaj3AO5Gz47e","is_local":false},{"artists":[{"external_urls":{"spotify":"https://open.spotify.com/artist/4tZwfgrHOc3mvqYlEYSvVi"},"href":"https://api.spotify.com/v1/artists/4tZwfgrHOc3mvqYlEYSvVi","id":"4tZwfgrHOc3mvqYlEYSvVi","name":"Daft Punk","type":"artist","uri":"spotify:artist:4tZwfgrHOc3mvqYlEYSvVi"}],"available_markets":["CA","US"],"disc_number":1,"duration_ms":263240,"explicit":false,"external_urls":{"spotify":"https://open.spotify.com/track/2ABpuao3ZbTjP2cSiX9KZc"},"href":"https://api.spotify.com/v1/tracks/0UZRFYMoz9xmeE2AQUhTDl","id":"0UZRFYMoz9xmeE2AQUhTDl","linked_from":{"external_urls":{"spotify":"https://open.spotify.com/track/2ABpuao3ZbTjP2cSiX9KZc"},"href":"https://api.spotify.com/v1/tracks/2ABpuao3ZbTjP2cSiX9KZc","id":"2ABpuao3ZbTjP2cSiX9KZc","type":"track","uri":"spotify:track:2ABpuao3ZbTjP2cSiX9KZc"},"name":"The Prime Time of Your Life","preview_url":null,"track_number":2,"type":"track","uri":"spotify:track:0UZRFYMoz9xmeE2AQUhTDl","is_local":false},{"artists":[{"external_urls":{"spotify":"https://open.spotify.com/artist/4tZwfgrHOc3mvqYlEYSvVi"},"href":"https://api.spotify.com/v1/artists/4tZwfgrHOc3mvqYlEYSvVi","id":"4tZwfgrHOc3mvqYlEYSvVi","name":"Daft Punk","type":"artist","uri":"spotify:artist:4tZwfgrHOc3mvqYlEYSvVi"}],"available_markets":["CA","US"],"disc_number":1,"duration_ms":287720,"explicit":false,"external_urls":{"spotify":"https://open.spotify.com/track/4zu9wo2FXoBSsKjO6tRB3R"},"href":"https://api.spotify.com/v1/tracks/7LL40F6YdZgeiQ6en1c7Lk","id":"7LL40F6YdZgeiQ6en1c7Lk","linked_from":{"external_urls":{"spotify":"https://open.spotify.com/track/4zu9wo2FXoBSsKjO6tRB3R"},"href":"https://api.spotify.com/v1/tracks/4zu9wo2FXoBSsKjO6tRB3R","id":"4zu9wo2FXoBSsKjO6tRB3R","type":"track","uri":"spotify:track:4zu9wo2FXoBSsKjO6tRB3R"},"name":"Robot Rock","preview_url":null,"track_number":3,"type":"track","uri":"spotify:track:7LL40F6YdZgeiQ6en1c7Lk","is_local":false},{"artists":[{"external_urls":{"spotify":"https://open.spotify.com/artist/4tZwfgrHOc3mvqYlEYSvVi"},"href":"https://api.spotify.com/v1/artists/4tZwfgrHOc3mvqYlEYSvVi","id":"4tZwfgrHOc3mvqYlEYSvVi","name":"Daft Punk","type":"artist","uri":"spotify:artist:4tZwfgrHOc3mvqYlEYSvVi"}],"available_markets":["CA","US"],"disc_number":1,"duration_ms":321186,"explicit":false,"external_urls":{"spotify":"https://open.spotify.com/track/07KtTNn0wZndtN5NOYdBWR"},"href":"https://api.spotify.com/v1/tracks/60HSQkYSlJVtdRdHgzRsXz","id":"60HSQkYSlJVtdRdHgzRsXz","linked_from":{"external_urls":{"spotify":"https://open.spotify.com/track/07KtTNn0wZndtN5NOYdBWR"},"href":"https://api.spotify.com/v1/tracks/07KtTNn0wZndtN5NOYdBWR","id":"07KtTNn0wZndtN5NOYdBWR","type":"track","uri":"spotify:track:07KtTNn0wZndtN5NOYdBWR"},"name":"Steam Machine","preview_url":null,"track_number":4,"type":"track","uri":"spotify:track:60HSQkYSlJVtdRdHgzRsXz","is_local":false},{"artists":[{"external_urls":{"spotify":"https://open.spotify.com/artist/4tZwfgrHOc3mvqYlEYSvVi"},"href":"https://api.spotify.com/v1/artists/4tZwfgrHOc3mvqYlEYSvVi","id":"4tZwfgrHOc3mvqYlEYSvVi","name":"Daft Punk","type":"artist","uri":"spotify:artist:4tZwfgrHOc3mvqYlEYSvVi"}],"available_markets":["CA","US"],"disc_number":1,"duration_ms":289680,"explicit":false,"external_urls":{"spotify":"https://open.spotify.com/track/1WnXCfO6oIxG0TbJj29MqR"},"href":"https://api.spotify.com/v1/tracks/4ABWPP59ItFKykdaDF09K5","id":"4ABWPP59ItFKykdaDF09K5","linked_from":{"external_urls":{"spotify":"https://open.spotify.com/track/1WnXCfO6oIxG0TbJj29MqR"},"href":"https://api.spotify.com/v1/tracks/1WnXCfO6oIxG0TbJj29MqR","id":"1WnXCfO6oIxG0TbJj29MqR","type":"track","uri":"spotify:track:1WnXCfO6oIxG0TbJj29MqR"},"name":"Make Love","preview_url":null,"track_number":5,"type":"track","uri":"spotify:track:4ABWPP59ItFKykdaDF09K5","is_local":false},{"artists":[{"external_urls":{"spotify":"https://open.spotify.com/artist/4tZwfgrHOc3mvqYlEYSvVi"},"href":"https://api.spotify.com/v1/artists/4tZwfgrHOc3mvqYlEYSvVi","id":"4tZwfgrHOc3mvqYlEYSvVi","name":"Daft Punk","type":"artist","uri":"spotify:artist:4tZwfgrHOc3mvqYlEYSvVi"}],"available_markets":["CA","US"],"disc_number":1,"duration_ms":248400,"explicit":false,"external_urls":{"spotify":"https://open.spotify.com/track/61qwHnU8dyMqPemGzopDcp"},"href":"https://api.spotify.com/v1/tracks/73MAeHX5sqLYfuYclsrvHc","id":"73MAeHX5sqLYfuYclsrvHc","linked_from":{"external_urls":{"spotify":"https://open.spotify.com/track/61qwHnU8dyMqPemGzopDcp"},"href":"https://api.spotify.com/v1/tracks/61qwHnU8dyMqPemGzopDcp","id":"61qwHnU8dyMqPemGzopDcp","type":"track","uri":"spotify:track:61qwHnU8dyMqPemGzopDcp"},"name":"The Brainwasher","preview_url":null,"track_number":6,"type":"track","uri":"spotify:track:73MAeHX5sqLYfuYclsrvHc","is_local":false},{"artists":[{"external_urls":{"spotify":"https://open.spotify.com/artist/4tZwfgrHOc3mvqYlEYSvVi"},"href":"https://api.spotify.com/v1/artists/4tZwfgrHOc3mvqYlEYSvVi","id":"4tZwfgrHOc3mvqYlEYSvVi","name":"Daft Punk","type":"artist","uri":"spotify:artist:4tZwfgrHOc3mvqYlEYSvVi"}],"available_markets":["CA","US"],"disc_number":1,"duration_ms":19200,"explicit":false,"external_urls":{"spotify":"https://open.spotify.com/track/0cV1dl2k19YoGbxTKDb0rH"},"href":"https://api.spotify.com/v1/tracks/3dWxT7lAv6lmXEW2AEZyPQ","id":"3dWxT7lAv6lmXEW2AEZyPQ","linked_from":{"external_urls":{"spotify":"https://open.spotify.com/track/0cV1dl2k19YoGbxTKDb0rH"},"href":"https://api.spotify.com/v1/tracks/0cV1dl2k19YoGbxTKDb0rH","id":"0cV1dl2k19YoGbxTKDb0rH","type":"track","uri":"spotify:track:0cV1dl2k19YoGbxTKDb0rH"},"name":"On / Off","preview_url":null,"track_number":7,"type":"track","uri":"spotify:track:3dWxT7lAv6lmXEW2AEZyPQ","is_local":false},{"artists":[{"external_urls":{"spotify":"https://open.spotify.com/artist/4tZwfgrHOc3mvqYlEYSvVi"},"href":"https://api.spotify.com/v1/artists/4tZwfgrHOc3mvqYlEYSvVi","id":"4tZwfgrHOc3mvqYlEYSvVi","name":"Daft Punk","type":"artist","uri":"spotify:artist:4tZwfgrHOc3mvqYlEYSvVi"}],"available_markets":["CA","US"],"disc_number":1,"duration_ms":287840,"explicit":false,"external_urls":{"spotify":"https://open.spotify.com/track/73mTIDCNKGfUF4MiFfR3b5"},"href":"https://api.spotify.com/v1/tracks/37M8nuFfSrlKfTR0AAp7gK","id":"37M8nuFfSrlKfTR0AAp7gK","linked_from":{"external_urls":{"spotify":"https://open.spotify.com/track/73mTIDCNKGfUF4MiFfR3b5"},"href":"https://api.spotify.com/v1/tracks/73mTIDCNKGfUF4MiFfR3b5","id":"73mTIDCNKGfUF4MiFfR3b5","type":"track","uri":"spotify:track:73mTIDCNKGfUF4MiFfR3b5"},"name":"Television Rules the Nation","preview_url":null,"track_number":8,"type":"track","uri":"spotify:track:37M8nuFfSrlKfTR0AAp7gK","is_local":false},{"artists":[{"external_urls":{"spotify":"https://open.spotify.com/artist/4tZwfgrHOc3mvqYlEYSvVi"},"href":"https://api.spotify.com/v1/artists/4tZwfgrHOc3mvqYlEYSvVi","id":"4tZwfgrHOc3mvqYlEYSvVi","name":"Daft Punk","type":"artist","uri":"spotify:artist:4tZwfgrHOc3mvqYlEYSvVi"}],"available_markets":["CA","US"],"disc_number":1,"duration_ms":284280,"explicit":false,"external_urls":{"spotify":"https://open.spotify.com/track/0LSLM0zuWRkEYemF7JcfEE"},"href":"https://api.spotify.com/v1/tracks/1iNeZGJsoC0D7ZyJTdIbDS","id":"1iNeZGJsoC0D7ZyJTdIbDS","linked_from":{"external_urls":{"spotify":"https://open.spotify.com/track/0LSLM0zuWRkEYemF7JcfEE"},"href":"https://api.spotify.com/v1/tracks/0LSLM0zuWRkEYemF7JcfEE","id":"0LSLM0zuWRkEYemF7JcfEE","type":"track","uri":"spotify:track:0LSLM0zuWRkEYemF7JcfEE"},"name":"Technologic","preview_url":null,"track_number":9,"type":"track","uri":"spotify:track:1iNeZGJsoC0D7ZyJTdIbDS","is_local":false},{"artists":[{"external_urls":{"spotify":"https://open.spotify.com/artist/4tZwfgrHOc3mvqYlEYSvVi"},"href":"https://api.spotify.com/v1/artists/4tZwfgrHOc3mvqYlEYSvVi","id":"4tZwfgrHOc3mvqYlEYSvVi","name":"Daft Punk","type":"artist","uri":"spotify:artist:4tZwfgrHOc3mvqYlEYSvVi"}],"available_markets":["CA","US"],"disc_number":1,"duration_ms":417320,"explicit":false,"external_urls":{"spotify":"https://open.spotify.com/track/3PsJ6zisndTa3F9eOjBfCc"},"href":"https://api.spotify.com/v1/tracks/0Dezmoeb373GNcYBjLVAMH","id":"0Dezmoeb373GNcYBjLVAMH","linked_from":{"external_urls":{"spotify":"https://open.spotify.com/track/3PsJ6zisndTa3F9eOjBfCc"},"href":"https://api.spotify.com/v1/tracks/3PsJ6zisndTa3F9eOjBfCc","id":"3PsJ6zisndTa3F9eOjBfCc","type":"track","uri":"spotify:track:3PsJ6zisndTa3F9eOjBfCc"},"name":"Emotion","preview_url":null,"track_number":10,"type":"track","uri":"spotify:track:0Dezmoeb373GNcYBjLVAMH","is_local":false}]},"copyrights":[{"text":"Distributed exclusively by Warner Music France / ADA France, © 2005 Daft Life Ltd.","type":"C"},{"text":"Distributed exclusively by Warner Music France / ADA France, ℗ 2005 Daft Life Ltd.","type":"P"}],"external_ids":{"upc":"0724386091956"},"genres":[],"label":"Daft Life Ltd./ADA France","popularity":50},{"album_type":"album","total_tracks":14,"available_markets":["AR","AU","AT","BE","BO","BR","BG","CA","CL","CO","CR","CY","CZ","DK","DO","DE","EC","EE","SV","FI","FR","GR","GT","HN","HK","HU","IS","IE","IT","LV","LT","LU","MY","MT","MX","NL","NZ","NI","NO","PA","PY","PE","PH","PL","PT","SG","SK","ES","SE","CH","TW","TR","UY","US","GB","AD","LI","MC","ID","JP","TH","VN","RO","IL","ZA","SA","AE","BH","QA","OM","KW","EG","MA","DZ","TN","LB","JO","PS","IN","BY","KZ","MD","UA","AL","BA","HR","ME","MK","RS","SI","KR","BD","PK","LK","GH","KE","NG","TZ","UG","AG","AM","BS","BB","BZ","BT","BW","BF","CV","CW","DM","FJ","GM","GE","GD","GW","GY","HT","JM","KI","LS","LR","MW","MV","ML","MH","FM","NA","NR","NE","PW","PG","PR","WS","SM","ST","SN","SC","SL","SB","KN","LC","VC","SR","TL","TO","TT","TV","VU","AZ","BN","BI","KH","CM","TD","KM","GQ","SZ","GA","GN","KG","LA","MO","MR","MN","NP","RW","TG","UZ","ZW","BJ","MG","MU","MZ","AO","CI","DJ","ZM","CD","CG","IQ","LY","TJ","VE","ET","XK"],"external_urls":{"spotify":"https://open.spotify.com/album/2noRn2Aes5aoNVsU6iWThc"},"href":"https://api.spotify.com/v1/albums/2noRn2Aes5aoNVsU6iWThc","id":"2noRn2Aes5aoNVsU6iWThc","images":[{"url":"https://i.scdn.co/image/ab67616d0000b2732c25dad9f8fd54652f7ba5df","height":640,"width":640},{"url":"https://i.scdn.co/image/ab67616d00001e022c25dad9f8fd54652f7ba5df","height":300,"width":300},{"url":"https://i.scdn.co/image/ab67616d000048512c25dad9f8fd54652f7ba5df","height":64,"width":64}],"name":"Discovery","release_date":"2001-03-12","release_date_precision":"day","type":"album","uri":"spotify:album:2noRn2Aes5aoNVsU6iWThc","artists":[{"external_urls":{"spotify":"https://open.spotify.com/artist/4tZwfgrHOc3mvqYlEYSvVi"},"href":"https://api.spotify.com/v1/artists/4tZwfgrHOc3mvqYlEYSvVi","id":"4tZwfgrHOc3mvqYlEYSvVi","name":"Daft Punk","type":"artist","uri":"spotify:artist:4tZwfgrHOc3mvqYlEYSvVi"}],"tracks":{"href":"https://api.spotify.com/v1/albums/2noRn2Aes5aoNVsU6iWThc/tracks?offset=0&limit=50","limit":50,"next":null,"offset":0,"previous":null,"total":14,"items":[{"artists":[{"external_urls":{"spotify":"https://open.spotify.com/artist/4tZwfgrHOc3mvqYlEYSvVi"},"href":"https://api.spotify.com/v1/artists/4tZwfgrHOc3mvqYlEYSvVi","id":"4tZwfgrHOc3mvqYlEYSvVi","name":"Daft Punk","type":"artist","uri":"spotify:artist:4tZwfgrHOc3mvqYlEYSvVi"}],"available_markets":["AR","AU","AT","BE","BO","BR","BG","CA","CL","CO","CR","CY","CZ","DK","DO","DE","EC","EE","SV","FI","FR","GR","GT","HN","HK","HU","IS","IE","IT","LV","LT","LU","MY","MT","MX","NL","NZ","NI","NO","PA","PY","PE","PH","PL","PT","SG","SK","ES","SE","CH","TW","TR","UY","US","GB","AD","LI","MC","ID","JP","TH","VN","RO","IL","ZA","SA","AE","BH","QA","OM","KW","EG","MA","DZ","TN","LB","JO","PS","IN","BY","KZ","MD","UA","AL","BA","HR","ME","MK","RS","SI","KR","BD","PK","LK","GH","KE","NG","TZ","UG","AG","AM","BS","BB","BZ","BT","BW","BF","CV","CW","DM","FJ","GM","GE","GD","GW","GY","HT","JM","KI","LS","LR","MW","MV","ML","MH","FM","NA","NR","NE","PW","PG","PR","WS","SM","ST","SN","SC","SL","SB","KN","LC","VC","SR","TL","TO","TT","TV","VU","AZ","BN","BI","KH","CM","TD","KM","GQ","SZ","GA","GN","KG","LA","MO","MR","MN","NP","RW","TG","UZ","ZW","BJ","MG","MU","MZ","AO","CI","DJ","ZM","CD","CG","IQ","LY","TJ","VE","ET","XK"],"disc_number":1,"duration_ms":320357,"explicit":false,"external_urls":{"spotify":"https://open.spotify.com/track/0DiWol3AO6WpXZgp0goxAV"},"href":"https://api.spotify.com/v1/tracks/0DiWol3AO6WpXZgp0goxAV","id":"0DiWol3AO6WpXZgp0goxAV","name":"One More Time","preview_url":null,"track_number":1,"type":"track","uri":"spotify:track:0DiWol3AO6WpXZgp0goxAV","is_local":false},{"artists":[{"external_urls":{"spotify":"https://open.spotify.com/artist/4tZwfgrHOc3mvqYlEYSvVi"},"href":"https://api.spotify.com/v1/artists/4tZwfgrHOc3mvqYlEYSvVi","id":"4tZwfgrHOc3mvqYlEYSvVi","name":"Daft Punk","type":"artist","uri":"spotify:artist:4tZwfgrHOc3mvqYlEYSvVi"}],"available_markets":["AR","AU","AT","BE","BO","BR","BG","CA","CL","CO","CR","CY","CZ","DK","DO","DE","EC","EE","SV","FI","FR","GR","GT","HN","HK","HU","IS","IE","IT","LV","LT","LU","MY","MT","MX","NL","NZ","NI","NO","PA","PY","PE","PH","PL","PT","SG","SK","ES","SE","CH","TW","TR","UY","US","GB","AD","LI","MC","ID","JP","TH","VN","RO","IL","ZA","SA","AE","BH","QA","OM","KW","EG","MA","DZ","TN","LB","JO","PS","IN","BY","KZ","MD","UA","AL","BA","HR","ME","MK","RS","SI","KR","BD","PK","LK","GH","KE","NG","TZ","UG","AG","AM","BS","BB","BZ","BT","BW","BF","CV","CW","DM","FJ","GM","GE","GD","GW","GY","HT","JM","KI","LS","LR","MW","MV","ML","MH","FM","NA","NR","NE","PW","PG","PR","WS","SM","ST","SN","SC","SL","SB","KN","LC","VC","SR","TL","TO","TT","TV","VU","AZ","BN","BI","KH","CM","TD","KM","GQ","SZ","GA","GN","KG","LA","MO","MR","MN","NP","RW","TG","UZ","ZW","BJ","MG","MU","MZ","AO","CI","DJ","ZM","CD","CG","IQ","LY","TJ","VE","ET","XK"],"disc_number":1,"duration_ms":212546,"explicit":false,"external_urls":{"spotify":"https://open.spotify.com/track/3H3cOQ6LBLSvmcaV7QkZEu"},"href":"https://api.spotify.com/v1/tracks/3H3cOQ6LBLSvmcaV7QkZEu","id":"3H3cOQ6LBLSvmcaV7QkZEu","name":"Aerodynamic","preview_url":null,"track_number":2,"type":"track","uri":"spotify:track:3H3cOQ6LBLSvmcaV7QkZEu","is_local":false},{"artists":[{"external_urls":{"spotify":"https://open.spotify.com/artist/4tZwfgrHOc3mvqYlEYSvVi"},"href":"https://api.spotify.com/v1/artists/4tZwfgrHOc3mvqYlEYSvVi","id":"4tZwfgrHOc3mvqYlEYSvVi","name":"Daft Punk","type":"artist","uri":"spotify:artist:4tZwfgrHOc3mvqYlEYSvVi"}],"available_markets":["AR","AU","AT","BE","BO","BR","BG","CA","CL","CO","CR","CY","CZ","DK","DO","DE","EC","EE","SV","FI","FR","GR","GT","HN","HK","HU","IS","IE","IT","LV","LT","LU","MY","MT","MX","NL","NZ","NI","NO","PA","PY","PE","PH","PL","PT","SG","SK","ES","SE","CH","TW","TR","UY","US","GB","AD","LI","MC","ID","JP","TH","VN","RO","IL","ZA","SA","AE","BH","QA","OM","KW","EG","MA","DZ","TN","LB","JO","PS","IN","BY","KZ","MD","UA","AL","BA","HR","ME","MK","RS","SI","KR","BD","PK","LK","GH","KE","NG","TZ","UG","AG","AM","BS","BB","BZ","BT","BW","BF","CV","CW","DM","FJ","GM","GE","GD","GW","GY","HT","JM","KI","LS","LR","MW","MV","ML","MH","FM","NA","NR","NE","PW","PG","PR","WS","SM","ST","SN","SC","SL","SB","KN","LC","VC","SR","TL","TO","TT","TV","VU","AZ","BN","BI","KH","CM","TD","KM","GQ","SZ","GA","GN","KG","LA","MO","MR","MN","NP","RW","TG","UZ","ZW","BJ","MG","MU","MZ","AO","CI","DJ","ZM","CD","CG","IQ","LY","TJ","VE","ET","XK"],"disc_number":1,"duration_ms":301373,"explicit":false,"external_urls":{"spotify":"https://open.spotify.com/track/2VEZx7NWsZ1D0eJ4uv5Fym"},"href":"https://api.spotify.com/v1/tracks/2VEZx7NWsZ1D0eJ4uv5Fym","id":"2VEZx7NWsZ1D0eJ4uv5Fym","name":"Digital Love","preview_url":null,"track_number":3,"type":"track","uri":"spotify:track:2VEZx7NWsZ1D0eJ4uv5Fym","is_local":false},{"artists":[{"external_urls":{"spotify":"https://open.spotify.com/artist/4tZwfgrHOc3mvqYlEYSvVi"},"href":"https://api.spotify.com/v1/artists/4tZwfgrHOc3mvqYlEYSvVi","id":"4tZwfgrHOc3mvqYlEYSvVi","name":"Daft Punk","type":"artist","uri":"spotify:artist:4tZwfgrHOc3mvqYlEYSvVi"}],"available_markets":["AR","AU","AT","BE","BO","BR","BG","CA","CL","CO","CR","CY","CZ","DK","DO","DE","EC","EE","SV","FI","FR","GR","GT","HN","HK","HU","IS","IE","IT","LV","LT","LU","MY","MT","MX","NL","NZ","NI","NO","PA","PY","PE","PH","PL","PT","SG","SK","ES","SE","CH","TW","TR","UY","US","GB","AD","LI","MC","ID","JP","TH","VN","RO","IL","ZA","SA","AE","BH","QA","OM","KW","EG","MA","DZ","TN","LB","JO","PS","IN","BY","KZ","MD","UA","AL","BA","HR","ME","MK","RS","SI","KR","BD","PK","LK","GH","KE","NG","TZ","UG","AG","AM","BS","BB","BZ","BT","BW","BF","CV","CW","DM","FJ","GM","GE","GD","GW","GY","HT","JM","KI","LS","LR","MW","MV","ML","MH","FM","NA","NR","NE","PW","PG","PR","WS","SM","ST","SN","SC","SL","SB","KN","LC","VC","SR","TL","TO","TT","TV","VU","AZ","BN","BI","KH","CM","TD","KM","GQ","SZ","GA","GN","KG","LA","MO","MR","MN","NP","RW","TG","UZ","ZW","BJ","MG","MU","MZ","AO","CI","DJ","ZM","CD","CG","IQ","LY","TJ","VE","ET","XK"],"disc_number":1,"duration_ms":226413,"explicit":false,"external_urls":{"spotify":"https://open.spotify.com/track/5W3cjX2J3tjhG8zb6u0qHn"},"href":"https://api.spotify.com/v1/tracks/5W3cjX2J3tjhG8zb6u0qHn","id":"5W3cjX2J3tjhG8zb6u0qHn","name":"Harder, Better, Faster, Stronger","preview_url":null,"track_number":4,"type":"track","uri":"spotify:track:5W3cjX2J3tjhG8zb6u0qHn","is_local":false},{"artists":[{"external_urls":{"spotify":"https://open.spotify.com/artist/4tZwfgrHOc3mvqYlEYSvVi"},"href":"https://api.spotify.com/v1/artists/4tZwfgrHOc3mvqYlEYSvVi","id":"4tZwfgrHOc3mvqYlEYSvVi","name":"Daft Punk","type":"artist","uri":"spotify:artist:4tZwfgrHOc3mvqYlEYSvVi"}],"available_markets":["AR","AU","AT","BE","BO","BR","BG","CA","CL","CO","CR","CY","CZ","DK","DO","DE","EC","EE","SV","FI","FR","GR","GT","HN","HK","HU","IS","IE","IT","LV","LT","LU","MY","MT","MX","NL","NZ","NI","NO","PA","PY","PE","PH","PL","PT","SG","SK","ES","SE","CH","TW","TR","UY","US","GB","AD","LI","MC","ID","JP","TH","VN","RO","IL","ZA","SA","AE","BH","QA","OM","KW","EG","MA","DZ","TN","LB","JO","PS","IN","BY","KZ","MD","UA","AL","BA","HR","ME","MK","RS","SI","KR","BD","PK","LK","GH","KE","NG","TZ","UG","AG","AM","BS","BB","BZ","BT","BW","BF","CV","CW","DM","FJ","GM","GE","GD","GW","GY","HT","JM","KI","LS","LR","MW","MV","ML","MH","FM","NA","NR","NE","PW","PG","PR","WS","SM","ST","SN","SC","SL","SB","KN","LC","VC","SR","TL","TO","TT","TV","VU","AZ","BN","BI","KH","CM","TD","KM","GQ","SZ","GA","GN","KG","LA","MO","MR","MN","NP","RW","TG","UZ","ZW","BJ","MG","MU","MZ","AO","CI","DJ","ZM","CD","CG","IQ","LY","TJ","VE","ET","XK"],"disc_number":1,"duration_ms":211640,"explicit":false,"external_urls":{"spotify":"https://open.spotify.com/track/6vuPZX9fWESg5js2JFTQRJ"},"href":"https://api.spotify.com/v1/tracks/6vuPZX9fWESg5js2JFTQRJ","id":"6vuPZX9fWESg5js2JFTQRJ","name":"Crescendolls","preview_url":null,"track_number":5,"type":"track","uri":"spotify:track:6vuPZX9fWESg5js2JFTQRJ","is_local":false},{"artists":[{"external_urls":{"spotify":"https://open.spotify.com/artist/4tZwfgrHOc3mvqYlEYSvVi"},"href":"https://api.spotify.com/v1/artists/4tZwfgrHOc3mvqYlEYSvVi","id":"4tZwfgrHOc3mvqYlEYSvVi","name":"Daft Punk","type":"artist","uri":"spotify:artist:4tZwfgrHOc3mvqYlEYSvVi"}],"available_markets":["AR","AU","AT","BE","BO","BR","BG","CA","CL","CO","CR","CY","CZ","DK","DO","DE","EC","EE","SV","FI","FR","GR","GT","HN","HK","HU","IS","IE","IT","LV","LT","LU","MY","MT","MX","NL","NZ","NI","NO","PA","PY","PE","PH","PL","PT","SG","SK","ES","SE","CH","TW","TR","UY","US","GB","AD","LI","MC","ID","JP","TH","VN","RO","IL","ZA","SA","AE","BH","QA","OM","KW","EG","MA","DZ","TN","LB","JO","PS","IN","BY","KZ","MD","UA","AL","BA","HR","ME","MK","RS","SI","KR","BD","PK","LK","GH","KE","NG","TZ","UG","AG","AM","BS","BB","BZ","BT","BW","BF","CV","CW","DM","FJ","GM","GE","GD","GW","GY","HT","JM","KI","LS","LR","MW","MV","ML","MH","FM","NA","NR","NE","PW","PG","PR","WS","SM","ST","SN","SC","SL","SB","KN","LC","VC","SR","TL","TO","TT","TV","VU","AZ","BN","BI","KH","CM","TD","KM","GQ","SZ","GA","GN","KG","LA","MO","MR","MN","NP","RW","TG","UZ","ZW","BJ","MG","MU","MZ","AO","CI","DJ","ZM","CD","CG","IQ","LY","TJ","VE","ET","XK"],"disc_number":1,"duration_ms":104466,"explicit":false,"external_urls":{"spotify":"https://open.spotify.com/track/63JXZZRbmzooashakb0zbu"},"href":"https://api.spotify.com/v1/tracks/63JXZZRbmzooashakb0zbu","id":"63JXZZRbmzooashakb0zbu","name":"Nightvision","preview_url":null,"track_number":6,"type":"track","uri":"spotify:track:63JXZZRbmzooashakb0zbu","is_local":false},{"artists":[{"external_urls":{"spotify":"https://open.spotify.com/artist/4tZwfgrHOc3mvqYlEYSvVi"},"href":"https://api.spotify.com/v1/artists/4tZwfgrHOc3mvqYlEYSvVi","id":"4tZwfgrHOc3mvqYlEYSvVi","name":"Daft Punk","type":"artist","uri":"spotify:artist:4tZwfgrHOc3mvqYlEYSvVi"}],"available_markets":["AR","AU","AT","BE","BO","BR","BG","CA","CL","CO","CR","CY","CZ","DK","DO","DE","EC","EE","SV","FI","FR","GR","GT","HN","HK","HU","IS","IE","IT","LV","LT","LU","MY","MT","MX","NL","NZ","NI","NO","PA","PY","PE","PH","PL","PT","SG","SK","ES","SE","CH","TW","TR","UY","US","GB","AD","LI","MC","ID","JP","TH","VN","RO","IL","ZA","SA","AE","BH","QA","OM","KW","EG","MA","DZ","TN","LB","JO","PS","IN","BY","KZ","MD","UA","AL","BA","HR","ME","MK","RS","SI","KR","BD","PK","LK","GH","KE","NG","TZ","UG","AG","AM","BS","BB","BZ","BT","BW","BF","CV","CW","DM","FJ","GM","GE","GD","GW","GY","HT","JM","KI","LS","LR","MW","MV","ML","MH","FM","NA","NR","NE","PW","PG","PR","WS","SM","ST","SN","SC","SL","SB","KN","LC","VC","SR","TL","TO","TT","TV","VU","AZ","BN","BI","KH","CM","TD","KM","GQ","SZ","GA","GN","KG","LA","MO","MR","MN","NP","RW","TG","UZ","ZW","BJ","MG","MU","MZ","AO","CI","DJ","ZM","CD","CG","IQ","LY","TJ","VE","ET","XK"],"disc_number":1,"duration_ms":237800,"explicit":false,"external_urls":{"spotify":"https://open.spotify.com/track/186hvCTyrni4KT9nwIQ7zS"},"href":"https://api.spotify.com/v1/tracks/186hvCTyrni4KT9nwIQ7zS","id":"186hvCTyrni4KT9nwIQ7zS","name":"Superheroes","preview_url":null,"track_number":7,"type":"track","uri":"spotify:track:186hvCTyrni4KT9nwIQ7zS","is_local":false},{"artists":[{"external_urls":{"spotify":"https://open.spotify.com/artist/4tZwfgrHOc3mvqYlEYSvVi"},"href":"https://api.spotify.com/v1/artists/4tZwfgrHOc3mvqYlEYSvVi","id":"4tZwfgrHOc3mvqYlEYSvVi","name":"Daft Punk","type":"artist","uri":"spotify:artist:4tZwfgrHOc3mvqYlEYSvVi"}],"available_markets":["AR","AU","AT","BE","BO","BR","BG","CA","CL","CO","CR","CY","CZ","DK","DO","DE","EC","EE","SV","FI","FR","GR","GT","HN","HK","HU","IS","IE","IT","LV","LT","LU","MY","MT","MX","NL","NZ","NI","NO","PA","PY","PE","PH","PL","PT","SG","SK","ES","SE","CH","TW","TR","UY","US","GB","AD","LI","MC","ID","JP","TH","VN","RO","IL","ZA","SA","AE","BH","QA","OM","KW","EG","MA","DZ","TN","LB","JO","PS","IN","BY","KZ","MD","UA","AL","BA","HR","ME","MK","RS","SI","KR","BD","PK","LK","GH","KE","NG","TZ","UG","AG","AM","BS","BB","BZ","BT","BW","BF","CV","CW","DM","FJ","GM","GE","GD","GW","GY","HT","JM","KI","LS","LR","MW","MV","ML","MH","FM","NA","NR","NE","PW","PG","PR","WS","SM","ST","SN","SC","SL","SB","KN","LC","VC","SR","TL","TO","TT","TV","VU","AZ","BN","BI","KH","CM","TD","KM","GQ","SZ","GA","GN","KG","LA","MO","MR","MN","NP","RW","TG","UZ","ZW","BJ","MG","MU","MZ","AO","CI","DJ","ZM","CD","CG","IQ","LY","TJ","VE","ET","XK"],"disc_number":1,"duration_ms":201800,"explicit":false,"external_urls":{"spotify":"https://open.spotify.com/track/098ttCNmncrO4YvqWUNMvn"},"href":"https://api.spotify.com/v1/tracks/098ttCNmncrO4YvqWUNMvn","id":"098ttCNmncrO4YvqWUNMvn","name":"High Life","preview_url":null,"track_number":8,"type":"track","uri":"spotify:track:098ttCNmncrO4YvqWUNMvn","is_local":false},{"artists":[{"external_urls":{"spotify":"https://open.spotify.com/artist/4tZwfgrHOc3mvqYlEYSvVi"},"href":"https://api.spotify.com/v1/artists/4tZwfgrHOc3mvqYlEYSvVi","id":"4tZwfgrHOc3mvqYlEYSvVi","name":"Daft Punk","type":"artist","uri":"spotify:artist:4tZwfgrHOc3mvqYlEYSvVi"}],"available_markets":["AR","AU","AT","BE","BO","BR","BG","CA","CL","CO","CR","CY","CZ","DK","DO","DE","EC","EE","SV","FI","FR","GR","GT","HN","HK","HU","IS","IE","IT","LV","LT","LU","MY","MT","MX","NL","NZ","NI","NO","PA","PY","PE","PH","PL","PT","SG","SK","ES","SE","CH","TW","TR","UY","US","GB","AD","LI","MC","ID","JP","TH","VN","RO","IL","ZA","SA","AE","BH","QA","OM","KW","EG","MA","DZ","TN","LB","JO","PS","IN","BY","KZ","MD","UA","AL","BA","HR","ME","MK","RS","SI","KR","BD","PK","LK","GH","KE","NG","TZ","UG","AG","AM","BS","BB","BZ","BT","BW","BF","CV","CW","DM","FJ","GM","GE","GD","GW","GY","HT","JM","KI","LS","LR","MW","MV","ML","MH","FM","NA","NR","NE","PW","PG","PR","WS","SM","ST","SN","SC","SL","SB","KN","LC","VC","SR","TL","TO","TT","TV","VU","AZ","BN","BI","KH","CM","TD","KM","GQ","SZ","GA","GN","KG","LA","MO","MR","MN","NP","RW","TG","UZ","ZW","BJ","MG","MU","MZ","AO","CI","DJ","ZM","CD","CG","IQ","LY","TJ","VE","ET","XK"],"disc_number":1,"duration_ms":232666,"explicit":false,"external_urls":{"spotify":"https://open.spotify.com/track/1NeLwFETswx8Fzxl2AFl91"},"href":"https://api.spotify.com/v1/tracks/1NeLwFETswx8Fzxl2AFl91","id":"1NeLwFETswx8Fzxl2AFl91","name":"Something About Us","preview_url":null,"track_number":9,"type":"track","uri":"spotify:track:1NeLwFETswx8Fzxl2AFl91","is_local":false},{"artists":[{"external_urls":{"spotify":"https://open.spotify.com/artist/4tZwfgrHOc3mvqYlEYSvVi"},"href":"https://api.spotify.com/v1/artists/4tZwfgrHOc3mvqYlEYSvVi","id":"4tZwfgrHOc3mvqYlEYSvVi","name":"Daft Punk","type":"artist","uri":"spotify:artist:4tZwfgrHOc3mvqYlEYSvVi"}],"available_markets":["AR","AU","AT","BE","BO","BR","BG","CA","CL","CO","CR","CY","CZ","DK","DO","DE","EC","EE","SV","FI","FR","GR","GT","HN","HK","HU","IS","IE","IT","LV","LT","LU","MY","MT","MX","NL","NZ","NI","NO","PA","PY","PE","PH","PL","PT","SG","SK","ES","SE","CH","TW","TR","UY","US","GB","AD","LI","MC","ID","JP","TH","VN","RO","IL","ZA","SA","AE","BH","QA","OM","KW","EG","MA","DZ","TN","LB","JO","PS","IN","BY","KZ","MD","UA","AL","BA","HR","ME","MK","RS","SI","KR","BD","PK","LK","GH","KE","NG","TZ","UG","AG","AM","BS","BB","BZ","BT","BW","BF","CV","CW","DM","FJ","GM","GE","GD","GW","GY","HT","JM","KI","LS","LR","MW","MV","ML","MH","FM","NA","NR","NE","PW","PG","PR","WS","SM","ST","SN","SC","SL","SB","KN","LC","VC","SR","TL","TO","TT","TV","VU","AZ","BN","BI","KH","CM","TD","KM","GQ","SZ","GA","GN","KG","LA","MO","MR","MN","NP","RW","TG","UZ","ZW","BJ","MG","MU","MZ","AO","CI","DJ","ZM","CD","CG","IQ","LY","TJ","VE","ET","XK"],"disc_number":1,"duration_ms":227866,"explicit":false,"external_urls":{"spotify":"https://open.spotify.com/track/7cMFjxhbXBpOlais7KMF3j"},"href":"https://api.spotify.com/v1/tracks/7cMFjxhbXBpOlais7KMF3j","id":"7cMFjxhbXBpOlais7KMF3j","name":"Voyager","preview_url":null,"track_number":10,"type":"track","uri":"spotify:track:7cMFjxhbXBpOlais7KMF3j","is_local":false},{"artists":[{"external_urls":{"spotify":"https://open.spotify.com/artist/4tZwfgrHOc3mvqYlEYSvVi"},"href":"https://api.spotify.com/v1/artists/4tZwfgrHOc3mvqYlEYSvVi","id":"4tZwfgrHOc3mvqYlEYSvVi","name":"Daft Punk","type":"artist","uri":"spotify:artist:4tZwfgrHOc3mvqYlEYSvVi"}],"available_markets":["AR","AU","AT","BE","BO","BR","BG","CA","CL","CO","CR","CY","CZ","DK","DO","DE","EC","EE","SV","FI","FR","GR","GT","HN","HK","HU","IS","IE","IT","LV","LT","LU","MY","MT","MX","NL","NZ","NI","NO","PA","PY","PE","PH","PL","PT","SG","SK","ES","SE","CH","TW","TR","UY","US","GB","AD","LI","MC","ID","JP","TH","VN","RO","IL","ZA","SA","AE","BH","QA","OM","KW","EG","MA","DZ","TN","LB","JO","PS","IN","BY","KZ","MD","UA","AL","BA","HR","ME","MK","RS","SI","KR","BD","PK","LK","GH","KE","NG","TZ","UG","AG","AM","BS","BB","BZ","BT","BW","BF","CV","CW","DM","FJ","GM","GE","GD","GW","GY","HT","JM","KI","LS","LR","MW","MV","ML","MH","FM","NA","NR","NE","PW","PG","PR","WS","SM","ST","SN","SC","SL","SB","KN","LC","VC","SR","TL","TO","TT","TV","VU","AZ","BN","BI","KH","CM","TD","KM","GQ","SZ","GA","GN","KG","LA","MO","MR","MN","NP","RW","TG","UZ","ZW","BJ","MG","MU","MZ","AO","CI","DJ","ZM","CD","CG","IQ","LY","TJ","VE","ET","XK"],"disc_number":1,"duration_ms":345186,"explicit":false,"external_urls":{"spotify":"https://open.spotify.com/track/2LD2gT7gwAurzdQDQtILds"},"href":"https://api.spotify.com/v1/tracks/2LD2gT7gwAurzdQDQtILds","id":"2LD2gT7gwAurzdQDQtILds","name":"Veridis Quo","preview_url":null,"track_number":11,"type":"track","uri":"spotify:track:2LD2gT7gwAurzdQDQtILds","is_local":false},{"artists":[{"external_urls":{"spotify":"https://open.spotify.com/artist/4tZwfgrHOc3mvqYlEYSvVi"},"href":"https://api.spotify.com/v1/artists/4tZwfgrHOc3mvqYlEYSvVi","id":"4tZwfgrHOc3mvqYlEYSvVi","name":"Daft Punk","type":"artist","uri":"spotify:artist:4tZwfgrHOc3mvqYlEYSvVi"}],"available_markets":["AR","AU","AT","BE","BO","BR","BG","CA","CL","CO","CR","CY","CZ","DK","DO","DE","EC","EE","SV","FI","FR","GR","GT","HN","HK","HU","IS","IE","IT","LV","LT","LU","MY","MT","MX","NL","NZ","NI","NO","PA","PY","PE","PH","PL","PT","SG","SK","ES","SE","CH","TW","TR","UY","US","GB","AD","LI","MC","ID","JP","TH","VN","RO","IL","ZA","SA","AE","BH","QA","OM","KW","EG","MA","DZ","TN","LB","JO","PS","IN","BY","KZ","MD","UA","AL","BA","HR","ME","MK","RS","SI","KR","BD","PK","LK","GH","KE","NG","TZ","UG","AG","AM","BS","BB","BZ","BT","BW","BF","CV","CW","DM","FJ","GM","GE","GD","GW","GY","HT","JM","KI","LS","LR","MW","MV","ML","MH","FM","NA","NR","NE","PW","PG","PR","WS","SM","ST","SN","SC","SL","SB","KN","LC","VC","SR","TL","TO","TT","TV","VU","AZ","BN","BI","KH","CM","TD","KM","GQ","SZ","GA","GN","KG","LA","MO","MR","MN","NP","RW","TG","UZ","ZW","BJ","MG","MU","MZ","AO","CI","DJ","ZM","CD","CG","IQ","LY","TJ","VE","ET","XK"],"disc_number":1,"duration_ms":206866,"explicit":false,"external_urls":{"spotify":"https://open.spotify.com/track/4npMbTuxrUA3Wd7edACZ2L"},"href":"https://api.spotify.com/v1/tracks/4npMbTuxrUA3Wd7edACZ2L","id":"4npMbTuxrUA3Wd7edACZ2L","name":"Short Circuit","preview_url":null,"track_number":12,"type":"track","uri":"spotify:track:4npMbTuxrUA3Wd7edACZ2L","is_local":false},{"artists":[{"external_urls":{"spotify":"https://open.spotify.com/artist/4tZwfgrHOc3mvqYlEYSvVi"},"href":"https://api.spotify.com/v1/artists/4tZwfgrHOc3mvqYlEYSvVi","id":"4tZwfgrHOc3mvqYlEYSvVi","name":"Daft Punk","type":"artist","uri":"spotify:artist:4tZwfgrHOc3mvqYlEYSvVi"}],"available_markets":["AR","AU","AT","BE","BO","BR","BG","CA","CL","CO","CR","CY","CZ","DK","DO","DE","EC","EE","SV","FI","FR","GR","GT","HN","HK","HU","IS","IE","IT","LV","LT","LU","MY","MT","MX","NL","NZ","NI","NO","PA","PY","PE","PH","PL","PT","SG","SK","ES","SE","CH","TW","TR","UY","US","GB","AD","LI","MC","ID","JP","TH","VN","RO","IL","ZA","SA","AE","BH","QA","OM","KW","EG","MA","DZ","TN","LB","JO","PS","IN","BY","KZ","MD","UA","AL","BA","HR","ME","MK","RS","SI","KR","BD","PK","LK","GH","KE","NG","TZ","UG","AG","AM","BS","BB","BZ","BT","BW","BF","CV","CW","DM","FJ","GM","GE","GD","GW","GY","HT","JM","KI","LS","LR","MW","MV","ML","MH","FM","NA","NR","NE","PW","PG","PR","WS","SM","ST","SN","SC","SL","SB","KN","LC","VC","SR","TL","TO","TT","TV","VU","AZ","BN","BI","KH","CM","TD","KM","GQ","SZ","GA","GN","KG","LA","MO","MR","MN","NP","RW","TG","UZ","ZW","BJ","MG","MU","MZ","AO","CI","DJ","ZM","CD","CG","IQ","LY","TJ","VE","ET","XK"],"disc_number":1,"duration_ms":240173,"explicit":false,"external_urls":{"spotify":"https://open.spotify.com/track/7v9Q0dAb9t7h8gJOkcJHay"},"href":"https://api.spotify.com/v1/tracks/7v9Q0dAb9t7h8gJOkcJHay","id":"7v9Q0dAb9t7h8gJOkcJHay","name":"Face to Face","preview_url":null,"track_number":13,"type":"track","uri":"spotify:track:7v9Q0dAb9t7h8gJOkcJHay","is_local":false},{"artists":[{"external_urls":{"spotify":"https://open.spotify.com/artist/4tZwfgrHOc3mvqYlEYSvVi"},"href":"https://api.spotify.com/v1/artists/4tZwfgrHOc3mvqYlEYSvVi","id":"4tZwfgrHOc3mvqYlEYSvVi","name":"Daft Punk","type":"artist","uri":"spotify:artist:4tZwfgrHOc3mvqYlEYSvVi"}],"available_markets":["AR","AU","AT","BE","BO","BR","BG","CA","CL","CO","CR","CY","CZ","DK","DO","DE","EC","EE","SV","FI","FR","GR","GT","HN","HK","HU","IS","IE","IT","LV","LT","LU","MY","MT","MX","NL","NZ","NI","NO","PA","PY","PE","PH","PL","PT","SG","SK","ES","SE","CH","TW","TR","UY","US","GB","AD","LI","MC","ID","JP","TH","VN","RO","IL","ZA","SA","AE","BH","QA","OM","KW","EG","MA","DZ","TN","LB","JO","PS","IN","BY","KZ","MD","UA","AL","BA","HR","ME","MK","RS","SI","KR","BD","PK","LK","GH","KE","NG","TZ","UG","AG","AM","BS","BB","BZ","BT","BW","BF","CV","CW","DM","FJ","GM","GE","GD","GW","GY","HT","JM","KI","LS","LR","MW","MV","ML","MH","FM","NA","NR","NE","PW","PG","PR","WS","SM","ST","SN","SC","SL","SB","KN","LC","VC","SR","TL","TO","TT","TV","VU","AZ","BN","BI","KH","CM","TD","KM","GQ","SZ","GA","GN","KG","LA","MO","MR","MN","NP","RW","TG","UZ","ZW","BJ","MG","MU","MZ","AO","CI","DJ","ZM","CD","CG","IQ","LY","TJ","VE","ET","XK"],"disc_number":1,"duration_ms":600293,"explicit":false,"external_urls":{"spotify":"https://open.spotify.com/track/3zMvotMEQK3xvH01vA9wAP"},"href":"https://api.spotify.com/v1/tracks/3zMvotMEQK3xvH01vA9wAP","id":"3zMvotMEQK3xvH01vA9wAP","name":"Too Long","preview_url":null,"track_number":14,"type":"track","uri":"spotify:track:3zMvotMEQK3xvH01vA9wAP","is_local":false}]},"copyrights":[{"text":"2001 Distributed exclusively by Warner Music France / ADA France, 2001 Daft Life Ltd.","type":"C"},{"text":"2001 Distributed exclusively by Warner Music France / ADA France, 2001 Daft Life Ltd.","type":"P"}],"external_ids":{"upc":"0724384960650"},"genres":[],"label":"Daft Life Ltd./ADA France","popularity":75}]}

at java.base/jdk.internal.reflect.NativeConstructorAccessorImpl.newInstance0(Native Method)
at java.base/jdk.internal.reflect.NativeConstructorAccessorImpl.newInstance(NativeConstructorAccessorImpl.java:77)
at java.base/jdk.internal.reflect.DelegatingConstructorAccessorImpl.newInstance(DelegatingConstructorAccessorImpl.java:45)
at java.base/java.lang.reflect.Constructor.newInstanceWithCaller(Constructor.java:499)
at java.base/java.lang.reflect.Constructor.newInstance(Constructor.java:480)
at org.codehaus.groovy.reflection.CachedConstructor.invoke(CachedConstructor.java:73)
at org.codehaus.groovy.runtime.callsite.ConstructorSite$ConstructorSiteNoUnwrapNoCoerce.callConstructor(ConstructorSite.java:108)
at org.codehaus.groovy.runtime.callsite.CallSiteArray.defaultCallConstructor(CallSiteArray.java:57)
at org.codehaus.groovy.runtime.callsite.AbstractCallSite.callConstructor(AbstractCallSite.java:263)
at org.codehaus.groovy.runtime.callsite.AbstractCallSite.callConstructor(AbstractCallSite.java:277)
at io.restassured.internal.ResponseSpecificationImpl$HamcrestAssertionClosure.validate(ResponseSpecificationImpl.groovy:512)
at io.restassured.internal.ResponseSpecificationImpl$HamcrestAssertionClosure$validate$1.call(Unknown Source)
at org.codehaus.groovy.runtime.callsite.CallSiteArray.defaultCall(CallSiteArray.java:45)
at org.codehaus.groovy.runtime.callsite.AbstractCallSite.call(AbstractCallSite.java:125)
at org.codehaus.groovy.runtime.callsite.AbstractCallSite.call(AbstractCallSite.java:139)
at io.restassured.internal.ResponseSpecificationImpl.validateResponseIfRequired(ResponseSpecificationImpl.groovy:696)
at io.restassured.internal.ResponseSpecificationImpl.this$2$validateResponseIfRequired(ResponseSpecificationImpl.groovy)
at java.base/jdk.internal.reflect.NativeMethodAccessorImpl.invoke0(Native Method)
at java.base/jdk.internal.reflect.NativeMethodAccessorImpl.invoke(NativeMethodAccessorImpl.java:77)
at java.base/jdk.internal.reflect.DelegatingMethodAccessorImpl.invoke(DelegatingMethodAccessorImpl.java:43)
at java.base/java.lang.reflect.Method.invoke(Method.java:568)
at org.codehaus.groovy.runtime.callsite.PlainObjectMetaMethodSite.doInvoke(PlainObjectMetaMethodSite.java:43)
at org.codehaus.groovy.runtime.callsite.PogoMetaMethodSite$PogoCachedMethodSiteNoUnwrapNoCoerce.invoke(PogoMetaMethodSite.java:198)
at org.codehaus.groovy.runtime.callsite.PogoMetaMethodSite.callCurrent(PogoMetaMethodSite.java:62)
at org.codehaus.groovy.runtime.callsite.CallSiteArray.defaultCallCurrent(CallSiteArray.java:49)
at org.codehaus.groovy.runtime.callsite.AbstractCallSite.callCurrent(AbstractCallSite.java:171)
at org.codehaus.groovy.runtime.callsite.AbstractCallSite.callCurrent(AbstractCallSite.java:185)
at io.restassured.internal.ResponseSpecificationImpl.body(ResponseSpecificationImpl.groovy:107)
at io.restassured.internal.ValidatableResponseOptionsImpl.body(ValidatableResponseOptionsImpl.java:238)
at api.tests.AlbumsTests.validateSeveralAlbumSchema(AlbumsTests.java:132)
at java.base/jdk.internal.reflect.NativeMethodAccessorImpl.invoke0(Native Method)
at java.base/jdk.internal.reflect.NativeMethodAccessorImpl.invoke(NativeMethodAccessorImpl.java:77)
at java.base/jdk.internal.reflect.DelegatingMethodAccessorImpl.invoke(DelegatingMethodAccessorImpl.java:43)
at java.base/java.lang.reflect.Method.invoke(Method.java:568)
at org.testng.internal.invokers.MethodInvocationHelper.invokeMethod(MethodInvocationHelper.java:141)
at org.testng.internal.invokers.TestInvoker.invokeMethod(TestInvoker.java:686)
at org.testng.internal.invokers.TestInvoker.invokeTestMethod(TestInvoker.java:230)
at org.testng.internal.invokers.MethodRunner.runInSequence(MethodRunner.java:63)
at org.testng.internal.invokers.TestInvoker$MethodInvocationAgent.invoke(TestInvoker.java:992)
at org.testng.internal.invokers.TestInvoker.invokeTestMethods(TestInvoker.java:203)
at org.testng.internal.invokers.TestMethodWorker.invokeTestMethods(TestMethodWorker.java:154)
at org.testng.internal.invokers.TestMethodWorker.run(TestMethodWorker.java:134)
at java.base/java.util.ArrayList.forEach(ArrayList.java:1511)
at org.testng.TestRunner.privateRun(TestRunner.java:739)
at org.testng.TestRunner.run(TestRunner.java:614)
at org.testng.SuiteRunner.runTest(SuiteRunner.java:421)
at org.testng.SuiteRunner.runSequentially(SuiteRunner.java:413)
at org.testng.SuiteRunner.privateRun(SuiteRunner.java:373)
at org.testng.SuiteRunner.run(SuiteRunner.java:312)
at org.testng.SuiteRunnerWorker.runSuite(SuiteRunnerWorker.java:52)
at org.testng.SuiteRunnerWorker.run(SuiteRunnerWorker.java:95)
at org.testng.TestNG.runSuitesSequentially(TestNG.java:1274)
at org.testng.TestNG.runSuitesLocally(TestNG.java:1208)
at org.testng.TestNG.runSuites(TestNG.java:1112)
at org.testng.TestNG.run(TestNG.java:1079)
at org.testng.remote.AbstractRemoteTestNG.run(AbstractRemoteTestNG.java:115)
at org.testng.remote.RemoteTestNG.initAndRun(RemoteTestNG.java:293)
at org.testng.remote.RemoteTestNG.main(RemoteTestNG.java:91)
]]>
    </failure>
  </testcase> <!-- validateSeveralAlbumSchema -->
</testsuite> <!-- api.tests.AlbumsTests -->
