<?xml version="1.0" encoding="UTF-8"?>
<!-- Generated by org.testng.reporters.JUnitReportReporter -->
<testsuite hostname="ASHKOL" failures="0" tests="1" name="api.tests.AlbumsTests" time="1.206" errors="0" timestamp="2025-09-09T18:30:39 IST" skipped="0">
  <testcase classname="api.tests.AlbumsTests" name="getAlbumTracks" time="1.206"/>
</testsuite> <!-- api.tests.AlbumsTests -->
