<?xml version="1.0" encoding="UTF-8"?>
<!-- Generated by org.testng.reporters.JUnitReportReporter -->
<testsuite hostname="ASHKOL" failures="0" tests="1" name="api.tests.AlbumsTests" time="1.494" errors="0" timestamp="2025-09-04T17:01:16 IST" skipped="0">
  <testcase classname="api.tests.AlbumsTests" name="getSevevralAlbums" time="1.494"/>
</testsuite> <!-- api.tests.AlbumsTests -->
