<?xml version="1.0" encoding="UTF-8"?>
<!-- Generated by org.testng.reporters.JUnitReportReporter -->
<testsuite hostname="ASHKOL" failures="0" tests="1" name="api.tests.AlbumsTests" time="0.579" errors="0" timestamp="2025-09-10T18:08:37 IST" skipped="0">
  <testcase classname="api.tests.AlbumsTests" name="getAlbumTracksPOJO" time="0.579"/>
</testsuite> <!-- api.tests.AlbumsTests -->
